[2015.07.04-13.59.31:628][  0]Log file open, 07/04/15 23:29:31
[2015.07.04-13.59.31:628][  0]LogInit:Display: Running engine for game: CastleGame
[2015.07.04-13.59.31:628][  0]LogInit:Display: RandInit(997985195) SRandInit(997985196).
[2015.07.04-13.59.31:628][  0]LogTaskGraph: Started task graph with 4 named threads and 7 total threads.
[2015.07.04-13.59.31:628][  0]LogStats: Stats thread started
[2015.07.04-13.59.31:628][  0]LogInit: Version: 4.8.1-2591939+++depot+UE4-Releases+4.8
[2015.07.04-13.59.31:628][  0]LogInit: API Version: 2579680
[2015.07.04-13.59.31:628][  0]LogInit: Compiled (64-bit): Jun 18 2015 11:02:04
[2015.07.04-13.59.31:628][  0]LogInit: Compiled with Visual C++: 18.00.21005.01
[2015.07.04-13.59.31:628][  0]LogInit: Build Configuration: Development
[2015.07.04-13.59.31:628][  0]LogInit: Branch Name: ++depot+UE4-Releases+4.8
[2015.07.04-13.59.31:628][  0]LogInit: Command line:  
[2015.07.04-13.59.31:628][  0]LogInit: Base directory: C:/Program Files/Epic Games/4.8/Engine/Binaries/Win64/
[2015.07.04-13.59.31:628][  0]LogInit: Rocket: 1
[2015.07.04-13.59.31:640][  0]LogInit: Using libcurl 7.41.0
[2015.07.04-13.59.31:640][  0]LogInit:  - built for x86_64-pc-win32
[2015.07.04-13.59.31:640][  0]LogInit:  - supports SSL with WinSSL
[2015.07.04-13.59.31:640][  0]LogInit:  - other features:
[2015.07.04-13.59.31:640][  0]LogInit:      CURL_VERSION_SSL
[2015.07.04-13.59.31:640][  0]LogInit:      CURL_VERSION_IPV6
[2015.07.04-13.59.31:640][  0]LogInit:      CURL_VERSION_ASYNCHDNS
[2015.07.04-13.59.31:640][  0]LogInit:      CURL_VERSION_LARGEFILE
[2015.07.04-13.59.31:640][  0]LogInit:      CURL_VERSION_IDN
[2015.07.04-13.59.31:641][  0]LogInit:  CurlRequestOptions (configurable via config and command line):
[2015.07.04-13.59.31:641][  0]LogInit:  - bVerifyPeer = true  - Libcurl will verify peer certificate
[2015.07.04-13.59.31:641][  0]LogInit:  - bUseHttpProxy = false  - Libcurl will NOT use HTTP proxy
[2015.07.04-13.59.31:641][  0]LogInit:  - bDontReuseConnections = false  - Libcurl will reuse connections
[2015.07.04-13.59.31:641][  0]LogInit:  - CertBundlePath = nullptr  - Libcurl will use whatever was configured at build time.
[2015.07.04-13.59.31:652][  0]LogOnline:Warning: No default platform service specified for OnlineSubsystem
[2015.07.04-13.59.31:665][  0]LogInit: Presizing for 0 objects not considered by GC, pre-allocating 0 bytes.
[2015.07.04-13.59.31:671][  0]LogInit: Object subsystem initialized
[2015.07.04-13.59.31:672][  0]LogConsoleResponse:Warning: Skipping Unknown console variable: 'TranslucentSortAxis = (X=0.000000,Y=-1.000000,Z=0.000000)'
[2015.07.04-13.59.31:672][  0]LogConsoleResponse:Warning:   Found in ini file 'C:/Users/George/Documents/GitHub/CastleAndroidGame/CastleGame/Saved/Config/Windows/Engine.ini', in section '[/Script/Engine.RendererSettings]'
[2015.07.04-13.59.31:672][  0]LogConsoleResponse:Warning: Skipping Unknown console variable: 'UIScaleRule = ShortestSide'
[2015.07.04-13.59.31:672][  0]LogConsoleResponse:Warning:   Found in ini file 'C:/Users/George/Documents/GitHub/CastleAndroidGame/CastleGame/Saved/Config/Windows/Engine.ini', in section '[/Script/Engine.RendererSettings]'
[2015.07.04-13.59.31:672][  0]LogConsoleResponse:Warning: Skipping Unknown console variable: 'UIScaleCurve = (EditorCurveData=(Keys=),ExternalCurve=None)'
[2015.07.04-13.59.31:672][  0]LogConsoleResponse:Warning:   Found in ini file 'C:/Users/George/Documents/GitHub/CastleAndroidGame/CastleGame/Saved/Config/Windows/Engine.ini', in section '[/Script/Engine.RendererSettings]'
[2015.07.04-13.59.31:672][  0]LogInit: Selected Device Profile: [Windows]
[2015.07.04-13.59.31:672][  0]LogInit: Applying CVar settings loaded from the selected device profile: [Windows]
[2015.07.04-13.59.31:681][  0]LogInit: Computer: JORJ
[2015.07.04-13.59.31:681][  0]LogInit: User: George
[2015.07.04-13.59.31:681][  0]LogInit: CPU Page size=4096, Cores=4
[2015.07.04-13.59.31:681][  0]LogInit: High frequency timer resolution =2.728055 MHz
[2015.07.04-13.59.31:681][  0]LogMemory: Memory total: Physical=15.8GB (16GB approx)
[2015.07.04-13.59.31:681][  0]LogMemory: Platform Memory Stats for Windows
[2015.07.04-13.59.31:681][  0]LogMemory: Process Physical Memory: 49.67 MB used, 49.67 MB peak
[2015.07.04-13.59.31:681][  0]LogMemory: Process Virtual Memory: 22.34 MB used, 22.34 MB peak
[2015.07.04-13.59.31:681][  0]LogMemory: Physical Memory: 4012.57 MB used, 16199.01 MB total
[2015.07.04-13.59.31:681][  0]LogMemory: Virtual Memory: 291.91 MB used, 134217728.00 MB total
[2015.07.04-13.59.31:712][  0]LogTextLocalizationManager: The requested culture ('en_AU') has no localization data; parent culture's ('en') localization data will be used.
[2015.07.04-13.59.31:897][  0]LogTextLocalizationManager:Warning: Loaded localization resources contain conflicting entries for (Namespace:ContentBrowser, Key:ImportAssetToolTip):
Localization Resource: (C:/Program Files/Epic Games/4.8/Engine/Content/Localization/Editor/en/Editor.locres) Source String Hash: (-630476809) Localized String: (Import to {0}...)
Localization Resource: (C:/Program Files/Epic Games/4.8/Engine/Content/Localization/Editor/en/Editor.locres) Source String Hash: (1271782899) Localized String: (Imports an asset from file to this folder.)
[2015.07.04-13.59.32:337][  0]LogD3D11RHI: Found D3D11 adapter 0: NVIDIA GeForce GTX 860M     (Feature Level 11_0)
[2015.07.04-13.59.32:337][  0]LogD3D11RHI: Adapter has 1972MB of dedicated video memory, 0MB of dedicated system memory, and 2048MB of shared system memory, 1 output[s]
[2015.07.04-13.59.32:342][  0]LogD3D11RHI: Found D3D11 adapter 1: Intel(R) HD Graphics 4600 (Feature Level 11_0)
[2015.07.04-13.59.32:342][  0]LogD3D11RHI: Adapter has 96MB of dedicated video memory, 0MB of dedicated system memory, and 1696MB of shared system memory, 0 output[s]
[2015.07.04-13.59.32:343][  0]LogD3D11RHI: Found D3D11 adapter 2: Microsoft Basic Render Driver (Feature Level 11_0)
[2015.07.04-13.59.32:343][  0]LogD3D11RHI: Adapter has 0MB of dedicated video memory, 0MB of dedicated system memory, and 256MB of shared system memory, 0 output[s]
[2015.07.04-13.59.32:343][  0]LogD3D11RHI: Chosen D3D11 Adapter Id = 0
[2015.07.04-13.59.32:347][  0]LogRHI: Texture pool is 1361 MB (70% of 1945 MB)
[2015.07.04-13.59.32:359][  0]LogD3D11RHI: Async texture creation enabled
[2015.07.04-13.59.32:377][  0]LogShaderCompilers:Display: Using Local Shader Compiler.
[2015.07.04-13.59.33:125][  0]LogTemp:Display: Loaded TP DesktopTargetPlatform
[2015.07.04-13.59.33:139][  0]LogTemp:Display: Loaded TP WindowsClientTargetPlatform
[2015.07.04-13.59.33:152][  0]LogTemp:Display: Loaded TP WindowsNoEditorTargetPlatform
[2015.07.04-13.59.33:165][  0]LogTemp:Display: Loaded TP WindowsServerTargetPlatform
[2015.07.04-13.59.33:178][  0]LogTemp:Display: Loaded TP WindowsTargetPlatform
[2015.07.04-13.59.33:189][  0]LogTemp:Display: Loaded TP AndroidTargetPlatform
[2015.07.04-13.59.33:199][  0]LogTemp:Display: Loaded TP Android_ASTCTargetPlatform
[2015.07.04-13.59.33:210][  0]LogTemp:Display: Loaded TP Android_ATCTargetPlatform
[2015.07.04-13.59.33:222][  0]LogTemp:Display: Loaded TP Android_DXTTargetPlatform
[2015.07.04-13.59.33:235][  0]LogTemp:Display: Loaded TP Android_ETC1TargetPlatform
[2015.07.04-13.59.33:246][  0]LogTemp:Display: Loaded TP Android_ETC2TargetPlatform
[2015.07.04-13.59.33:258][  0]LogTemp:Display: Loaded TP Android_PVRTCTargetPlatform
[2015.07.04-13.59.33:302][  0]LogTemp:Display: Loaded TP IOSTargetPlatform
[2015.07.04-13.59.33:314][  0]LogTemp:Display: Loaded TP LinuxNoEditorTargetPlatform
[2015.07.04-13.59.33:326][  0]LogTemp:Display: Loaded TP LinuxServerTargetPlatform
[2015.07.04-13.59.33:337][  0]LogTemp:Display: Loaded TP LinuxTargetPlatform
[2015.07.04-13.59.33:337][  0]LogTargetPlatformManager:Display: Building Assets For Windows
[2015.07.04-13.59.33:518][  0]LogDerivedDataCache:Display: Max Cache Size: 512 MB
[2015.07.04-13.59.33:565][  0]LogDerivedDataCache: Loaded boot cache 0.05s 53MB C:/Users/George/AppData/Local/UnrealEngine/4.8/DerivedDataCache/Boot.ddc.
[2015.07.04-13.59.33:565][  0]LogDerivedDataCache:Display: Loaded Boot cache: C:/Users/George/AppData/Local/UnrealEngine/4.8/DerivedDataCache/Boot.ddc
[2015.07.04-13.59.33:566][  0]LogDerivedDataCache: FDerivedDataBackendGraph:  Pak pak cache file ../../../../../../Users/George/Documents/GitHub/CastleAndroidGame/CastleGame/DerivedDataCache/DDC.ddp not found, will not use a pak cache.
[2015.07.04-13.59.33:566][  0]LogDerivedDataCache: Unable to find inner node Pak for hierarchical cache Hierarchy.
[2015.07.04-13.59.33:566][  0]LogDerivedDataCache: FDerivedDataBackendGraph:  CompressedPak pak cache file ../../../../../../Users/George/Documents/GitHub/CastleAndroidGame/CastleGame/DerivedDataCache/Compressed.ddp not found, will not use a pak cache.
[2015.07.04-13.59.33:566][  0]LogDerivedDataCache: Unable to find inner node CompressedPak for hierarchical cache Hierarchy.
[2015.07.04-13.59.33:706][  0]LogDerivedDataCache:Display: Pak cache opened for reading ../../../Engine/DerivedDataCache/Compressed.ddp.
[2015.07.04-13.59.33:718][  0]LogDerivedDataCache: Using Local data cache path C:/Users/George/AppData/Local/UnrealEngine/Common/DerivedDataCache: Writable
[2015.07.04-13.59.33:904][  0]LogInit: Selected Device Profile: [Windows]
[2015.07.04-13.59.33:987][  0]ImportText (ComponentSweepMultiTests): Missing closing parenthesis: (RootShapeAsset="/Engine/BasicShapes/Cube.Cube",ShapeType="TriggerCapsule",HitResult=(Time=0.50,Location=(X=-100.000015,Y=0.0,Z=100.000015),ImpactPoint=(X=-50.0,Y=0.0,Z=50.0),Normal=(X=-1.0,Y=-0.0,Z=0.0),ImpactNormal=(X=0.0,Y=0.0,Z=1.0),TraceStart=(X=-200.0,Y=0.0,Z=200.0),TraceEnd=(X=0.0,Y=0.0,Z=0.0))
[2015.07.04-13.59.33:987][  0]ImportText (LineTraceSingleByChannelTests): Missing closing parenthesis: (RootShapeAsset="/Engine/BasicShapes/Cube.Cube",HitResult=(Time=0.50,Location=(X=-100.000015,Y=0.0,Z=100.000015),ImpactPoint=(X=-50.0,Y=0.0,Z=50.0),Normal=(X=-1.0,Y=-0.0,Z=0.0),ImpactNormal=(X=0.0,Y=0.0,Z=1.0),TraceStart=(X=-200.0,Y=0.0,Z=200.0),TraceEnd=(X=0.0,Y=0.0,Z=0.0))
[2015.07.04-13.59.34:012][  0]LogMeshUtilities: No automatic mesh reduction module available
[2015.07.04-13.59.34:012][  0]LogMeshUtilities: No automatic mesh merging module available
[2015.07.04-13.59.34:358][  0]LogInit: WinSock: version 1.1 (2.2), MaxSocks=32767, MaxUdp=65467
[2015.07.04-13.59.35:188][  0]UdpMessaging: Initializing bridge on interface 0.0.0.0:0 to multicast group 230.0.0.1:6666.
[2015.07.04-13.59.35:474][  0]SourceControl: Info Source control is disabled
[2015.07.04-13.59.35:563][  0]SourceControl: Info Source control is disabled
[2015.07.04-13.59.35:572][  0]SourceControl: Info Source control is disabled
[2015.07.04-13.59.35:580][  0]SourceControl: Info Source control is disabled
[2015.07.04-13.59.35:767][  0]LogObj: 26273 objects as part of root set at end of initial load.
[2015.07.04-13.59.35:767][  0]LogUObjectAllocator: 5409248 out of 0 bytes used by permanent object pool.
[2015.07.04-13.59.35:839][  0]LogEngine: Initializing Engine...
[2015.07.04-13.59.35:841][  0]LogHMD: Can't find Oculus library dev build: is proper Runtime installed? Version: 0.6.0.0
[2015.07.04-13.59.35:847][  0]LogHMD:Warning: SteamVR failed to initialize.  Error: 108
[2015.07.04-13.59.35:984][  0]LogAIModule: Creating AISystem for world NewWorld
[2015.07.04-13.59.35:988][  0]LogInit: XAudio2 using 'Speaker (VIA HD Audio(Win8.1))' : 2 channels at 48 kHz using 32 bits per sample (channel mask 0x3)
[2015.07.04-13.59.35:991][  0]LogInit: FAudioDevice initialized.
[2015.07.04-13.59.36:015][  0]LogDerivedDataCache: Saved boot cache 0.02s 53MB C:/Users/George/AppData/Local/UnrealEngine/4.8/DerivedDataCache/Boot.ddc.
[2015.07.04-13.59.36:020][  0]LogInit: Texture streaming: Disabled
[2015.07.04-13.59.36:040][  0]LogAnalytics: Creating configured Analytics provider AnalyticsET
[2015.07.04-13.59.36:040][  0]LogAnalytics: [UEEditor.Rocket.Release] APIServer = http://et2.epicgames.com/ET2/. AppVersion = 4.8.1-2591939+++depot+UE4-Releases+4.8
[2015.07.04-13.59.36:040][  0]LogAnalytics: [UEEditor.Rocket.Release] SetUserId c51ee06b40dc2ae701026b805198b797|68eb77fb08074143b8a75907aa684848|eebf13c9-4708-4e0c-8123-a6ff0dacb8e0
[2015.07.04-13.59.36:040][  0]LogAnalytics: [UEEditor.Rocket.Release] AnalyticsET::StartSession
[2015.07.04-13.59.36:063][  0]LogInit: Transaction tracking system initialized
[2015.07.04-13.59.36:180][  0]BlueprintLog: New page: Editor Load
[2015.07.04-13.59.36:211][  0]LogAssetRegistry: FAssetRegistry took 0.0104 seconds to start up
[2015.07.04-13.59.36:211][  0]LogDirectoryWatcher:Warning: Failed to begin reading directory changes for ../../../Engine/Plugins/Experimental/CharacterAI/Content/. Error: 0
[2015.07.04-13.59.36:802][  0]LogConsoleManager:Warning: Console variable 'r.VSync' wasn't set ('GameSetting' has a lower priority than 'SystemSettingsIni')
[2015.07.04-13.59.36:802][  0]LogConsoleResponse:Display: 
[2015.07.04-13.59.36:906][  0]LogCook:Display: Done creating registry. It took  0.00s.
[2015.07.04-13.59.37:089][  0]SourceControl: Info Source control is disabled
[2015.07.04-13.59.37:089][  0]Cmd: MAP LOAD FILE="../../../../../../Users/George/Documents/GitHub/CastleAndroidGame/CastleGame/Content/Levels/LevelOne/LevelOne.umap" TEMPLATE=0 SHOWPROGRESS=1 FEATURELEVEL=3
[2015.07.04-13.59.37:090][  0]LightingResults: New page: Lighting Build
[2015.07.04-13.59.37:103][  0]MapCheck: New page: Map Check
[2015.07.04-13.59.37:103][  0]LightingResults: New page: Lighting Build
[2015.07.04-13.59.37:113][  0]LogParticles: Destroying 0 GPU particle simulations for FXSystem 0x000000BB45F0AF20
[2015.07.04-13.59.37:960][  0]LogAIModule: Creating AISystem for world LevelOne
[2015.07.04-13.59.37:963][  0]LogEditorServer: Finished looking for orphan Actors (0.000 secs)
[2015.07.04-13.59.37:964][  0]Cmd: MAP CHECKDEP NOCLEARLOG
[2015.07.04-13.59.37:998][  0]MapCheck: Info Map check complete: 0 Error(s), 0 Warning(s), took 34.208ms to complete.
[2015.07.04-13.59.37:998][  0]LogFileHelpers: Loading map 'LevelOne' took 0.909
[2015.07.04-13.59.38:109][  0]LogCollectionManager: Loaded 0 collections in 0.002130 seconds
[2015.07.04-13.59.38:117][  0]LogContentBrowser: Native class hierarchy populated in 0.0079 seconds. Added 1792 classes and 301 folders.
[2015.07.04-13.59.38:167][  0]LogContentBrowser: Native class hierarchy updated for 'WidgetCarousel' in 0.0003 seconds. Added 0 classes and 0 folders.
[2015.07.04-13.59.38:192][  0]LogContentBrowser: Native class hierarchy updated for 'AddContentDialog' in 0.0003 seconds. Added 0 classes and 0 folders.
[2015.07.04-13.59.38:207][  0]LogContentBrowser: Native class hierarchy updated for 'SceneOutliner' in 0.0003 seconds. Added 1 classes and 2 folders.
[2015.07.04-13.59.38:263][  0]LogCrashTracker: Crashtracker disabled due to settings.
[2015.07.04-13.59.38:267][  0]LogUObjectGlobals:Warning: Failed to find object 'Class None.'
[2015.07.04-13.59.38:289][  0]LogLoad: Full Startup: 7.87 seconds (BP compile: 0.46 seconds)
[2015.07.04-13.59.38:306][  0]LogWindowsTextInputMethodSystem:Display: IME system now deactivated.
[2015.07.04-13.59.38:368][  0]LogContentStreaming: Texture pool size is 0.000000MB
[2015.07.04-13.59.38:390][  0]LogContentStreaming: Texture pool size now 1000 MB
[2015.07.04-13.59.38:567][  0]LogRenderer: Reallocating scene render targets to support 1208x576 (Frame:2).
[2015.07.04-13.59.38:838][  7]LogAssetRegistry: Asset discovery search completed in 2.6374 seconds
[2015.07.04-14.01.15:660][276]LogFactory: FactoryCreateBinary: Texture with TextureFactory (0 0 ../../../../../../Users/George/Documents/GitHub/CastleAndroidGame/CastleGame/Content/Enemies/SpearMinion/Anim/spearminion0000.png)
[2015.07.04-14.01.15:691][276]LogTexture:Display: Building textures: spearminion0000 (BGRA8)
[2015.07.04-14.01.15:754][276]LogFactory: FactoryCreateBinary: Texture with TextureFactory (0 0 ../../../../../../Users/George/Documents/GitHub/CastleAndroidGame/CastleGame/Content/Enemies/SpearMinion/Anim/spearminion0001.png)
[2015.07.04-14.01.15:771][276]LogTexture:Display: Building textures: spearminion0001 (BGRA8)
[2015.07.04-14.01.15:809][276]LogFactory: FactoryCreateBinary: Texture with TextureFactory (0 0 ../../../../../../Users/George/Documents/GitHub/CastleAndroidGame/CastleGame/Content/Enemies/SpearMinion/Anim/spearminion0002.png)
[2015.07.04-14.01.15:828][276]LogTexture:Display: Building textures: spearminion0002 (BGRA8)
[2015.07.04-14.01.15:863][276]LogFactory: FactoryCreateBinary: Texture with TextureFactory (0 0 ../../../../../../Users/George/Documents/GitHub/CastleAndroidGame/CastleGame/Content/Enemies/SpearMinion/Anim/spearminion0003.png)
[2015.07.04-14.01.15:880][276]LogTexture:Display: Building textures: spearminion0003 (BGRA8)
[2015.07.04-14.01.15:913][276]LogFactory: FactoryCreateBinary: Texture with TextureFactory (0 0 ../../../../../../Users/George/Documents/GitHub/CastleAndroidGame/CastleGame/Content/Enemies/SpearMinion/Anim/spearminion0004.png)
[2015.07.04-14.01.15:931][276]LogTexture:Display: Building textures: spearminion0004 (BGRA8)
[2015.07.04-14.03.53:322][496]LogContentBrowser: Native class hierarchy updated for 'TextureEditor' in 0.0004 seconds. Added 1 classes and 2 folders.
[2015.07.04-14.04.12:547][ 42]LogFactory: FactoryCreateBinary: Texture with TextureFactory (0 0 ../../../../../../Users/George/Documents/GitHub/CastleAndroidGame/CastleGame/Content/Enemies/SpearMinion/Anim/spearminion0000.png)
[2015.07.04-14.04.16:165][ 42]LogTexture:Display: Building textures: spearminion0000 (BGRA8)
[2015.07.04-14.04.16:226][ 42]LogFactory: FactoryCreateBinary: Texture with TextureFactory (0 0 ../../../../../../Users/George/Documents/GitHub/CastleAndroidGame/CastleGame/Content/Enemies/SpearMinion/Anim/spearminion0001.png)
[2015.07.04-14.04.16:252][ 42]LogTexture:Display: Building textures: spearminion0001 (BGRA8)
[2015.07.04-14.04.16:303][ 42]LogFactory: FactoryCreateBinary: Texture with TextureFactory (0 0 ../../../../../../Users/George/Documents/GitHub/CastleAndroidGame/CastleGame/Content/Enemies/SpearMinion/Anim/spearminion0002.png)
[2015.07.04-14.04.16:327][ 42]LogTexture:Display: Building textures: spearminion0002 (BGRA8)
[2015.07.04-14.04.16:370][ 42]LogFactory: FactoryCreateBinary: Texture with TextureFactory (0 0 ../../../../../../Users/George/Documents/GitHub/CastleAndroidGame/CastleGame/Content/Enemies/SpearMinion/Anim/spearminion0003.png)
[2015.07.04-14.04.16:391][ 42]LogTexture:Display: Building textures: spearminion0003 (BGRA8)
[2015.07.04-14.04.16:430][ 42]LogFactory: FactoryCreateBinary: Texture with TextureFactory (0 0 ../../../../../../Users/George/Documents/GitHub/CastleAndroidGame/CastleGame/Content/Enemies/SpearMinion/Anim/spearminion0004.png)
[2015.07.04-14.04.16:449][ 42]LogTexture:Display: Building textures: spearminion0004 (BGRA8)
[2015.07.04-14.04.43:326][617]LogRenderer: Reallocating scene render targets to support 1528x808 (Frame:3611).
[2015.07.04-14.05.27:114][208]LogSavePackage: Save=41.029598ms
[2015.07.04-14.05.27:114][208]LogSavePackage: Moving '../../../../../../Users/George/Documents/GitHub/CastleAndroidGame/CastleGame/Saved/spearminion0000DAC2FC1A4F6C1B6FA3791CBC9DB66674.tmp' to '../../../../../../Users/George/Documents/GitHub/CastleAndroidGame/CastleGame/Content/Enemies/SpearMinion/Anim/spearminion0000.uasset'
[2015.07.04-14.05.27:173][208]LogSavePackage: Save=39.762028ms
[2015.07.04-14.05.27:173][208]LogSavePackage: Moving '../../../../../../Users/George/Documents/GitHub/CastleAndroidGame/CastleGame/Saved/spearminion00012ECC80F34A54048E89B95F890F2E8BBD.tmp' to '../../../../../../Users/George/Documents/GitHub/CastleAndroidGame/CastleGame/Content/Enemies/SpearMinion/Anim/spearminion0001.uasset'
[2015.07.04-14.05.27:228][208]LogSavePackage: Save=39.674419ms
[2015.07.04-14.05.27:228][208]LogSavePackage: Moving '../../../../../../Users/George/Documents/GitHub/CastleAndroidGame/CastleGame/Saved/spearminion000202F5EDF7481FCD7E25B94A8DC38F58CD.tmp' to '../../../../../../Users/George/Documents/GitHub/CastleAndroidGame/CastleGame/Content/Enemies/SpearMinion/Anim/spearminion0002.uasset'
[2015.07.04-14.05.27:284][208]LogSavePackage: Save=39.249943ms
[2015.07.04-14.05.27:284][208]LogSavePackage: Moving '../../../../../../Users/George/Documents/GitHub/CastleAndroidGame/CastleGame/Saved/spearminion00032041946143A82C04D85983864F48B95B.tmp' to '../../../../../../Users/George/Documents/GitHub/CastleAndroidGame/CastleGame/Content/Enemies/SpearMinion/Anim/spearminion0003.uasset'
[2015.07.04-14.05.27:349][208]LogSavePackage: Save=49.194756ms
[2015.07.04-14.05.27:349][208]LogSavePackage: Moving '../../../../../../Users/George/Documents/GitHub/CastleAndroidGame/CastleGame/Saved/spearminion000456229D2B4A1EEED571F77484A056F359.tmp' to '../../../../../../Users/George/Documents/GitHub/CastleAndroidGame/CastleGame/Content/Enemies/SpearMinion/Anim/spearminion0004.uasset'
[2015.07.04-14.05.27:377][208]LogSavePackage: Save=6.097384ms
[2015.07.04-14.05.27:377][208]LogSavePackage: Moving '../../../../../../Users/George/Documents/GitHub/CastleAndroidGame/CastleGame/Saved/SpearMinionFlipbookC6C36FD64AD67617B778649FF6B16D4B.tmp' to '../../../../../../Users/George/Documents/GitHub/CastleAndroidGame/CastleGame/Content/Enemies/SpearMinion/SpearMinionFlipbook.uasset'
[2015.07.04-14.05.27:403][208]LogSavePackage: Save=7.700725ms
[2015.07.04-14.05.27:403][208]LogSavePackage: Moving '../../../../../../Users/George/Documents/GitHub/CastleAndroidGame/CastleGame/Saved/spearminion0000_Sprite7F1CF0A1480F24FBB5502EBC5AD8A9E5.tmp' to '../../../../../../Users/George/Documents/GitHub/CastleAndroidGame/CastleGame/Content/Enemies/SpearMinion/Anim/spearminion0000_Sprite.uasset'
[2015.07.04-14.05.27:429][208]LogSavePackage: Save=8.003505ms
[2015.07.04-14.05.27:429][208]LogSavePackage: Moving '../../../../../../Users/George/Documents/GitHub/CastleAndroidGame/CastleGame/Saved/spearminion0001_SpriteDF81F3C5491CB0B7501A90A7051EE6C8.tmp' to '../../../../../../Users/George/Documents/GitHub/CastleAndroidGame/CastleGame/Content/Enemies/SpearMinion/Anim/spearminion0001_Sprite.uasset'
[2015.07.04-14.05.27:455][208]LogSavePackage: Save=7.957317ms
[2015.07.04-14.05.27:455][208]LogSavePackage: Moving '../../../../../../Users/George/Documents/GitHub/CastleAndroidGame/CastleGame/Saved/spearminion0002_Sprite1053CB534CF0EB8E1AD4019807E85781.tmp' to '../../../../../../Users/George/Documents/GitHub/CastleAndroidGame/CastleGame/Content/Enemies/SpearMinion/Anim/spearminion0002_Sprite.uasset'
[2015.07.04-14.05.27:480][208]LogSavePackage: Save=8.065086ms
[2015.07.04-14.05.27:480][208]LogSavePackage: Moving '../../../../../../Users/George/Documents/GitHub/CastleAndroidGame/CastleGame/Saved/spearminion0003_Sprite99C8F0B246FF0C1C5F9AC6AC19F3FC98.tmp' to '../../../../../../Users/George/Documents/GitHub/CastleAndroidGame/CastleGame/Content/Enemies/SpearMinion/Anim/spearminion0003_Sprite.uasset'
[2015.07.04-14.05.27:506][208]LogSavePackage: Save=7.905632ms
[2015.07.04-14.05.27:506][208]LogSavePackage: Moving '../../../../../../Users/George/Documents/GitHub/CastleAndroidGame/CastleGame/Saved/spearminion0004_Sprite338640534B7CD91B6B57BA871199600C.tmp' to '../../../../../../Users/George/Documents/GitHub/CastleAndroidGame/CastleGame/Content/Enemies/SpearMinion/Anim/spearminion0004_Sprite.uasset'
[2015.07.04-14.06.12:199][800]LogSavePackage: Save=3.899482ms
[2015.07.04-14.06.12:199][800]LogSavePackage: Moving '../../../../../../Users/George/Documents/GitHub/CastleAndroidGame/CastleGame/Saved/SpearMinionFlipbook72E43EBE48526FD7F5DA329A953CEE59.tmp' to '../../../../../../Users/George/Documents/GitHub/CastleAndroidGame/CastleGame/Content/Enemies/SpearMinion/SpearMinionFlipbook.uasset'
[2015.07.04-14.06.24:252][514]LogSavePackage: Save=6.735568ms
[2015.07.04-14.06.24:252][514]LogSavePackage: Moving '../../../../../../Users/George/Documents/GitHub/CastleAndroidGame/CastleGame/Saved/SpearMinionFlipbook3CFC70D848E0AE2067298A931D24C910.tmp' to '../../../../../../Users/George/Documents/GitHub/CastleAndroidGame/CastleGame/Content/Enemies/SpearMinion/SpearMinionFlipbook.uasset'
[2015.07.04-14.06.36:732][258]LogSavePackage: Save=6.956971ms
[2015.07.04-14.06.36:732][258]LogSavePackage: Moving '../../../../../../Users/George/Documents/GitHub/CastleAndroidGame/CastleGame/Saved/SpearMinionFlipbookEB0B25B5479264AA1BA72288EC4B934A.tmp' to '../../../../../../Users/George/Documents/GitHub/CastleAndroidGame/CastleGame/Content/Enemies/SpearMinion/SpearMinionFlipbook.uasset'
[2015.07.04-14.06.43:408][650]LogLinker:Warning: Asset '../../../Engine/Content/ArtTools/RenderToTexture/Macros/RenderToTextureMacros.uasset' has been saved with empty engine version. The asset will be loaded but may be incompatible.
[2015.07.04-14.06.43:478][650]LogLinker:Warning: Asset '../../../Engine/Content/ArtTools/RenderToTexture/Enums/RenderToTexture_Enum.uasset' has been saved with empty engine version. The asset will be loaded but may be incompatible.
[2015.07.04-14.06.49:258][934]LogParticles: Destroying 0 GPU particle simulations for FXSystem 0x000000BB397E9940
[2015.07.04-14.06.49:336][934]LogSavePackage: Save=19.362879ms
[2015.07.04-14.06.49:336][934]LogSavePackage: Moving '../../../../../../Users/George/Documents/GitHub/CastleAndroidGame/CastleGame/Saved/SpearMinion0EEE61DE4F4C200AA1FEF6BBCE175AE2.tmp' to '../../../../../../Users/George/Documents/GitHub/CastleAndroidGame/CastleGame/Content/Enemies/SpearMinion/SpearMinion.uasset'
[2015.07.04-14.06.50:085][979]BlueprintLog: New page: Compile SpearMinion
[2015.07.04-14.06.50:196][979]BlueprintEditorCompileResults: Info [0439.77] Compile of SpearMinion successful! [in 111 ms]
[2015.07.04-14.06.51:745][ 62]BlueprintLog: New page: Pre-PIE auto-recompile
[2015.07.04-14.06.51:755][ 62]LogPlayLevel: [PIE] Compiling LevelOne before PIE...
[2015.07.04-14.06.51:846][ 62]LogPlayLevel: PIE:  Blueprint regeneration took 101 ms (1 blueprints)
[2015.07.04-14.06.51:848][ 62]PIE: New page: PIE session: LevelOne (5 Jul 2015 9:06:51 am)
[2015.07.04-14.06.51:908][ 62]LogUObjectGlobals:Warning: Failed to find object 'Class /Game/Levels/Vars.Vars_C'
[2015.07.04-14.06.51:908][ 62]LogPlayLevel: Creating play world package: /Game/Levels/LevelOne/UEDPIE_0_LevelOne
[2015.07.04-14.06.51:912][ 62]LogPlayLevel: PIE: StaticDuplicateObject took: (0.004393s)
[2015.07.04-14.06.51:913][ 62]LogAIModule: Creating AISystem for world LevelOne
[2015.07.04-14.06.51:914][ 62]LogPlayLevel: PIE: World Init took: (0.001967s)
[2015.07.04-14.06.51:915][ 62]LogPlayLevel: PIE: Created PIE world by copying editor world from /Game/Levels/LevelOne/LevelOne.LevelOne to /Game/Levels/LevelOne/UEDPIE_0_LevelOne.LevelOne (0.006619s)
[2015.07.04-14.06.51:946][ 62]LogInit: XAudio2 using 'Speaker (VIA HD Audio(Win8.1))' : 2 channels at 48 kHz using 32 bits per sample (channel mask 0x3)
[2015.07.04-14.06.51:949][ 62]LogInit: FAudioDevice initialized.
[2015.07.04-14.06.52:017][ 62]LogWorld: Game class is 'Survival_C'
[2015.07.04-14.06.52:022][ 62]LogWorld:Warning: *** WARNING - PATHS MAY NOT BE VALID ***
[2015.07.04-14.06.52:022][ 62]LogWorld: Bringing World /Game/Levels/LevelOne/UEDPIE_0_LevelOne.LevelOne up for play (max tick rate 60) at 2015.07.04-23.36.52
[2015.07.04-14.06.52:022][ 62]LogActor:Warning: GameSession /Game/Levels/LevelOne/UEDPIE_0_LevelOne.LevelOne:PersistentLevel.GameSession_0 has natively added scene component(s), but none of them were set as the actor's RootComponent - picking one arbitrarily
[2015.07.04-14.06.52:022][ 62]LogActor:Warning: GameNetworkManager /Game/Levels/LevelOne/UEDPIE_0_LevelOne.LevelOne:PersistentLevel.GameNetworkManager_0 has natively added scene component(s), but none of them were set as the actor's RootComponent - picking one arbitrarily
[2015.07.04-14.06.52:023][ 62]LogWorld: Bringing up level for play took: 0.003640
[2015.07.04-14.06.52:054][ 62]LogScript:Warning: Accessed None 'CallFunc_GetGlobals_Get'
	Survival_C /Game/Levels/LevelOne/UEDPIE_0_LevelOne.LevelOne:PersistentLevel.Survival_C_0
	Function /Game/Game/AbstractGameMode.AbstractGameMode_C:ExecuteUbergraph_AbstractGameMode:0073
[2015.07.04-14.06.52:055][ 62]PIE:Error: Error Accessed None 'CallFunc_GetGlobals_Get' from node SetTimer in graph 'EventGraph' in blueprint AbstractGameMode
[2015.07.04-14.06.52:057][ 62]PIE: Info Play in editor start time for /Game/Levels/LevelOne/UEDPIE_0_LevelOne 0.848
[2015.07.04-14.06.52:127][ 62]LogParticles: Destroying 0 GPU particle simulations for FXSystem 0x000000BB527DA200
[2015.07.04-14.06.52:180][ 63]LoadErrors:Error: Error Failed import for Blueprint /Game/Game/Modes/OurInstance.OurInstance
[2015.07.04-14.06.52:180][ 63]LoadErrors:Error: Error Failed import for BlueprintGeneratedClass /Game/Game/Modes/OurInstance.OurInstance_C
[2015.07.04-14.06.52:180][ 63]LoadErrors:Error: Error Failed import for OurInstance_C /Game/Game/Modes/OurInstance.Default__OurInstance_C
[2015.07.04-14.06.52:180][ 63]LoadErrors:Error: Error Failed import for Blueprint /Game/Game/OurInstance.OurInstance [redirection] in /Game/Levels/Vars
[2015.07.04-14.06.52:180][ 63]LoadErrors:Error: Error Failed import for BlueprintGeneratedClass /Game/Game/OurInstance.OurInstance_C [redirection] in /Game/Levels/Vars
[2015.07.04-14.06.52:180][ 63]LoadErrors:Error: Error Failed import for OurInstance_C /Game/Game/OurInstance.Default__OurInstance_C [redirection] in /Game/Levels/Vars
[2015.07.04-14.06.59:590][486]LogActor:Warning: GameNetworkManager /Engine/Transient.World_6:PersistentLevel.GameNetworkManager_1 has natively added scene component(s), but none of them were set as the actor's RootComponent - picking one arbitrarily
[2015.07.04-14.07.41:272][858]LogBlueprint:Warning: Unknown type of hyperlinked object
[2015.07.04-14.07.41:273][858]LogBlueprint:Warning: Unknown type of hyperlinked object
[2015.07.04-14.08.05:711][300]BlueprintLog: New page: Pre-PIE auto-recompile
[2015.07.04-14.08.05:719][300]LogPlayLevel: [PIE] Compiling LevelOne before PIE...
[2015.07.04-14.08.05:808][300]LogPlayLevel: PIE:  Blueprint regeneration took 97 ms (1 blueprints)
[2015.07.04-14.08.05:808][300]PIE: New page: PIE session: LevelOne (5 Jul 2015 9:08:05 am)
[2015.07.04-14.08.05:809][300]LogUObjectGlobals:Warning: Failed to find object 'Class /Game/Levels/Vars.Vars_C'
[2015.07.04-14.08.05:809][300]LogPlayLevel: Creating play world package: /Game/Levels/LevelOne/UEDPIE_0_LevelOne
[2015.07.04-14.08.05:814][300]LogPlayLevel: PIE: StaticDuplicateObject took: (0.004764s)
[2015.07.04-14.08.05:814][300]LogAIModule: Creating AISystem for world LevelOne
[2015.07.04-14.08.05:815][300]LogPlayLevel: PIE: World Init took: (0.001070s)
[2015.07.04-14.08.05:815][300]LogPlayLevel: PIE: Created PIE world by copying editor world from /Game/Levels/LevelOne/LevelOne.LevelOne to /Game/Levels/LevelOne/UEDPIE_0_LevelOne.LevelOne (0.006004s)
[2015.07.04-14.08.05:845][300]LogInit: XAudio2 using 'Speaker (VIA HD Audio(Win8.1))' : 2 channels at 48 kHz using 32 bits per sample (channel mask 0x3)
[2015.07.04-14.08.05:848][300]LogInit: FAudioDevice initialized.
[2015.07.04-14.08.05:881][300]LogWorld: Game class is 'Survival_C'
[2015.07.04-14.08.05:885][300]LogWorld:Warning: *** WARNING - PATHS MAY NOT BE VALID ***
[2015.07.04-14.08.05:885][300]LogWorld: Bringing World /Game/Levels/LevelOne/UEDPIE_0_LevelOne.LevelOne up for play (max tick rate 60) at 2015.07.04-23.38.05
[2015.07.04-14.08.05:885][300]LogActor:Warning: GameSession /Game/Levels/LevelOne/UEDPIE_0_LevelOne.LevelOne:PersistentLevel.GameSession_1 has natively added scene component(s), but none of them were set as the actor's RootComponent - picking one arbitrarily
[2015.07.04-14.08.05:886][300]LogActor:Warning: GameNetworkManager /Game/Levels/LevelOne/UEDPIE_0_LevelOne.LevelOne:PersistentLevel.GameNetworkManager_2 has natively added scene component(s), but none of them were set as the actor's RootComponent - picking one arbitrarily
[2015.07.04-14.08.05:886][300]LogWorld: Bringing up level for play took: 0.002959
[2015.07.04-14.08.05:887][300]LogGameMode: Warning - PATHS NOT DEFINED or NO PLAYERSTART with positive rating
[2015.07.04-14.08.05:888][300]LogGameMode:Warning: Couldn't spawn Pawn of type Player_C at WorldSettings
[2015.07.04-14.08.05:889][300]LogScript:Warning: Accessed None 'CallFunc_GetGlobals_Get'
	Survival_C /Game/Levels/LevelOne/UEDPIE_0_LevelOne.LevelOne:PersistentLevel.Survival_C_1
	Function /Game/Game/AbstractGameMode.AbstractGameMode_C:ExecuteUbergraph_AbstractGameMode:0073
[2015.07.04-14.08.05:889][300]PIE:Error: Error Accessed None 'CallFunc_GetGlobals_Get' from node SetTimer in graph 'EventGraph' in blueprint AbstractGameMode
[2015.07.04-14.08.05:932][300]LogCrashTracker: 


