[2015.07.03-11.16.56:347][  0]Log file open, 07/03/15 20:46:56
[2015.07.03-11.16.56:347][  0]LogInit:Display: Running engine for game: CastleGame
[2015.07.03-11.16.56:347][  0]LogInit:Display: RandInit(697446076) SRandInit(697446076).
[2015.07.03-11.16.56:347][  0]LogTaskGraph: Started task graph with 4 named threads and 7 total threads.
[2015.07.03-11.16.56:347][  0]LogStats: Stats thread started
[2015.07.03-11.16.56:347][  0]LogInit: Version: 4.8.1-2591939+++depot+UE4-Releases+4.8
[2015.07.03-11.16.56:347][  0]LogInit: API Version: 2579680
[2015.07.03-11.16.56:347][  0]LogInit: Compiled (64-bit): Jun 18 2015 11:02:04
[2015.07.03-11.16.56:347][  0]LogInit: Compiled with Visual C++: 18.00.21005.01
[2015.07.03-11.16.56:347][  0]LogInit: Build Configuration: Development
[2015.07.03-11.16.56:347][  0]LogInit: Branch Name: ++depot+UE4-Releases+4.8
[2015.07.03-11.16.56:347][  0]LogInit: Command line:  
[2015.07.03-11.16.56:347][  0]LogInit: Base directory: C:/Program Files/Epic Games/4.8/Engine/Binaries/Win64/
[2015.07.03-11.16.56:347][  0]LogInit: Rocket: 1
[2015.07.03-11.16.56:438][  0]LogInit: Using libcurl 7.41.0
[2015.07.03-11.16.56:438][  0]LogInit:  - built for x86_64-pc-win32
[2015.07.03-11.16.56:438][  0]LogInit:  - supports SSL with WinSSL
[2015.07.03-11.16.56:438][  0]LogInit:  - other features:
[2015.07.03-11.16.56:438][  0]LogInit:      CURL_VERSION_SSL
[2015.07.03-11.16.56:438][  0]LogInit:      CURL_VERSION_IPV6
[2015.07.03-11.16.56:438][  0]LogInit:      CURL_VERSION_ASYNCHDNS
[2015.07.03-11.16.56:438][  0]LogInit:      CURL_VERSION_LARGEFILE
[2015.07.03-11.16.56:438][  0]LogInit:      CURL_VERSION_IDN
[2015.07.03-11.16.56:439][  0]LogInit:  CurlRequestOptions (configurable via config and command line):
[2015.07.03-11.16.56:439][  0]LogInit:  - bVerifyPeer = true  - Libcurl will verify peer certificate
[2015.07.03-11.16.56:439][  0]LogInit:  - bUseHttpProxy = false  - Libcurl will NOT use HTTP proxy
[2015.07.03-11.16.56:439][  0]LogInit:  - bDontReuseConnections = false  - Libcurl will reuse connections
[2015.07.03-11.16.56:439][  0]LogInit:  - CertBundlePath = nullptr  - Libcurl will use whatever was configured at build time.
[2015.07.03-11.16.56:490][  0]LogOnline:Warning: No default platform service specified for OnlineSubsystem
[2015.07.03-11.16.56:704][  0]LogInit: Presizing for 0 objects not considered by GC, pre-allocating 0 bytes.
[2015.07.03-11.16.56:965][  0]LogInit: Object subsystem initialized
[2015.07.03-11.16.57:275][  0]LogConsoleResponse:Warning: Skipping Unknown console variable: 'TranslucentSortAxis = (X=0.000000,Y=-1.000000,Z=0.000000)'
[2015.07.03-11.16.57:275][  0]LogConsoleResponse:Warning:   Found in ini file 'C:/Users/George/Documents/GitHub/CastleAndroidGame/CastleGame/Saved/Config/Windows/Engine.ini', in section '[/Script/Engine.RendererSettings]'
[2015.07.03-11.16.57:275][  0]LogConsoleResponse:Warning: Skipping Unknown console variable: 'UIScaleRule = ShortestSide'
[2015.07.03-11.16.57:275][  0]LogConsoleResponse:Warning:   Found in ini file 'C:/Users/George/Documents/GitHub/CastleAndroidGame/CastleGame/Saved/Config/Windows/Engine.ini', in section '[/Script/Engine.RendererSettings]'
[2015.07.03-11.16.57:275][  0]LogConsoleResponse:Warning: Skipping Unknown console variable: 'UIScaleCurve = (EditorCurveData=(Keys=),ExternalCurve=None)'
[2015.07.03-11.16.57:275][  0]LogConsoleResponse:Warning:   Found in ini file 'C:/Users/George/Documents/GitHub/CastleAndroidGame/CastleGame/Saved/Config/Windows/Engine.ini', in section '[/Script/Engine.RendererSettings]'
[2015.07.03-11.16.57:485][  0]LogInit: Selected Device Profile: [Windows]
[2015.07.03-11.16.57:485][  0]LogInit: Applying CVar settings loaded from the selected device profile: [Windows]
[2015.07.03-11.16.58:096][  0]LogInit: Computer: JORJ
[2015.07.03-11.16.58:096][  0]LogInit: User: George
[2015.07.03-11.16.58:096][  0]LogInit: CPU Page size=4096, Cores=4
[2015.07.03-11.16.58:096][  0]LogInit: High frequency timer resolution =2.728055 MHz
[2015.07.03-11.16.58:100][  0]LogMemory: Memory total: Physical=15.8GB (16GB approx)
[2015.07.03-11.16.58:101][  0]LogMemory: Platform Memory Stats for Windows
[2015.07.03-11.16.58:101][  0]LogMemory: Process Physical Memory: 47.96 MB used, 47.96 MB peak
[2015.07.03-11.16.58:101][  0]LogMemory: Process Virtual Memory: 24.35 MB used, 24.35 MB peak
[2015.07.03-11.16.58:101][  0]LogMemory: Physical Memory: 3725.25 MB used, 16199.01 MB total
[2015.07.03-11.16.58:101][  0]LogMemory: Virtual Memory: 293.97 MB used, 134217728.00 MB total
[2015.07.03-11.17.00:550][  0]LogTextLocalizationManager: The requested culture ('en_AU') has no localization data; parent culture's ('en') localization data will be used.
[2015.07.03-11.17.01:706][  0]LogTextLocalizationManager:Warning: Loaded localization resources contain conflicting entries for (Namespace:ContentBrowser, Key:ImportAssetToolTip):
Localization Resource: (C:/Program Files/Epic Games/4.8/Engine/Content/Localization/Editor/en/Editor.locres) Source String Hash: (-630476809) Localized String: (Import to {0}...)
Localization Resource: (C:/Program Files/Epic Games/4.8/Engine/Content/Localization/Editor/en/Editor.locres) Source String Hash: (1271782899) Localized String: (Imports an asset from file to this folder.)
[2015.07.03-11.17.03:379][  0]LogD3D11RHI: Found D3D11 adapter 0: NVIDIA GeForce GTX 860M     (Feature Level 11_0)
[2015.07.03-11.17.03:379][  0]LogD3D11RHI: Adapter has 1972MB of dedicated video memory, 0MB of dedicated system memory, and 2048MB of shared system memory, 1 output[s]
[2015.07.03-11.17.03:388][  0]LogD3D11RHI: Found D3D11 adapter 1: Intel(R) HD Graphics 4600 (Feature Level 11_0)
[2015.07.03-11.17.03:388][  0]LogD3D11RHI: Adapter has 96MB of dedicated video memory, 0MB of dedicated system memory, and 1696MB of shared system memory, 0 output[s]
[2015.07.03-11.17.03:389][  0]LogD3D11RHI: Found D3D11 adapter 2: Microsoft Basic Render Driver (Feature Level 11_0)
[2015.07.03-11.17.03:389][  0]LogD3D11RHI: Adapter has 0MB of dedicated video memory, 0MB of dedicated system memory, and 256MB of shared system memory, 0 output[s]
[2015.07.03-11.17.03:389][  0]LogD3D11RHI: Chosen D3D11 Adapter Id = 0
[2015.07.03-11.17.03:396][  0]LogRHI: Texture pool is 1361 MB (70% of 1945 MB)
[2015.07.03-11.17.03:411][  0]LogD3D11RHI: Async texture creation enabled
[2015.07.03-11.17.04:132][  0]LogShaderCompilers:Display: Using Local Shader Compiler.
[2015.07.03-11.17.12:702][  0]LogTemp:Display: Loaded TP DesktopTargetPlatform
[2015.07.03-11.17.12:740][  0]LogTemp:Display: Loaded TP WindowsClientTargetPlatform
[2015.07.03-11.17.12:778][  0]LogTemp:Display: Loaded TP WindowsNoEditorTargetPlatform
[2015.07.03-11.17.12:804][  0]LogTemp:Display: Loaded TP WindowsServerTargetPlatform
[2015.07.03-11.17.12:830][  0]LogTemp:Display: Loaded TP WindowsTargetPlatform
[2015.07.03-11.17.12:853][  0]LogTemp:Display: Loaded TP AndroidTargetPlatform
[2015.07.03-11.17.12:876][  0]LogTemp:Display: Loaded TP Android_ASTCTargetPlatform
[2015.07.03-11.17.12:899][  0]LogTemp:Display: Loaded TP Android_ATCTargetPlatform
[2015.07.03-11.17.12:922][  0]LogTemp:Display: Loaded TP Android_DXTTargetPlatform
[2015.07.03-11.17.12:946][  0]LogTemp:Display: Loaded TP Android_ETC1TargetPlatform
[2015.07.03-11.17.12:969][  0]LogTemp:Display: Loaded TP Android_ETC2TargetPlatform
[2015.07.03-11.17.12:992][  0]LogTemp:Display: Loaded TP Android_PVRTCTargetPlatform
[2015.07.03-11.17.13:149][  0]LogTemp:Display: Loaded TP IOSTargetPlatform
[2015.07.03-11.17.13:172][  0]LogTemp:Display: Loaded TP LinuxNoEditorTargetPlatform
[2015.07.03-11.17.13:223][  0]LogTemp:Display: Loaded TP LinuxServerTargetPlatform
[2015.07.03-11.17.13:428][  0]LogTemp:Display: Loaded TP LinuxTargetPlatform
[2015.07.03-11.17.13:428][  0]LogTargetPlatformManager:Display: Building Assets For Windows
[2015.07.03-11.17.14:428][  0]LogDerivedDataCache:Display: Max Cache Size: 512 MB
[2015.07.03-11.17.14:884][  0]LogDerivedDataCache: Loaded boot cache 0.44s 53MB C:/Users/George/AppData/Local/UnrealEngine/4.8/DerivedDataCache/Boot.ddc.
[2015.07.03-11.17.14:884][  0]LogDerivedDataCache:Display: Loaded Boot cache: C:/Users/George/AppData/Local/UnrealEngine/4.8/DerivedDataCache/Boot.ddc
[2015.07.03-11.17.14:884][  0]LogDerivedDataCache: FDerivedDataBackendGraph:  Pak pak cache file ../../../../../../Users/George/Documents/GitHub/CastleAndroidGame/CastleGame/DerivedDataCache/DDC.ddp not found, will not use a pak cache.
[2015.07.03-11.17.14:884][  0]LogDerivedDataCache: Unable to find inner node Pak for hierarchical cache Hierarchy.
[2015.07.03-11.17.14:884][  0]LogDerivedDataCache: FDerivedDataBackendGraph:  CompressedPak pak cache file ../../../../../../Users/George/Documents/GitHub/CastleAndroidGame/CastleGame/DerivedDataCache/Compressed.ddp not found, will not use a pak cache.
[2015.07.03-11.17.14:884][  0]LogDerivedDataCache: Unable to find inner node CompressedPak for hierarchical cache Hierarchy.
[2015.07.03-11.17.15:229][  0]LogDerivedDataCache:Display: Pak cache opened for reading ../../../Engine/DerivedDataCache/Compressed.ddp.
[2015.07.03-11.17.15:276][  0]LogDerivedDataCache: Using Local data cache path C:/Users/George/AppData/Local/UnrealEngine/Common/DerivedDataCache: Writable
[2015.07.03-11.17.25:480][  0]LogInit: Selected Device Profile: [Windows]
[2015.07.03-11.17.26:829][  0]ImportText (ComponentSweepMultiTests): Missing closing parenthesis: (RootShapeAsset="/Engine/BasicShapes/Cube.Cube",ShapeType="TriggerCapsule",HitResult=(Time=0.50,Location=(X=-100.000015,Y=0.0,Z=100.000015),ImpactPoint=(X=-50.0,Y=0.0,Z=50.0),Normal=(X=-1.0,Y=-0.0,Z=0.0),ImpactNormal=(X=0.0,Y=0.0,Z=1.0),TraceStart=(X=-200.0,Y=0.0,Z=200.0),TraceEnd=(X=0.0,Y=0.0,Z=0.0))
[2015.07.03-11.17.26:831][  0]ImportText (LineTraceSingleByChannelTests): Missing closing parenthesis: (RootShapeAsset="/Engine/BasicShapes/Cube.Cube",HitResult=(Time=0.50,Location=(X=-100.000015,Y=0.0,Z=100.000015),ImpactPoint=(X=-50.0,Y=0.0,Z=50.0),Normal=(X=-1.0,Y=-0.0,Z=0.0),ImpactNormal=(X=0.0,Y=0.0,Z=1.0),TraceStart=(X=-200.0,Y=0.0,Z=200.0),TraceEnd=(X=0.0,Y=0.0,Z=0.0))
[2015.07.03-11.17.27:180][  0]LogMeshUtilities: No automatic mesh reduction module available
[2015.07.03-11.17.27:180][  0]LogMeshUtilities: No automatic mesh merging module available
[2015.07.03-11.17.32:682][  0]LogInit: WinSock: version 1.1 (2.2), MaxSocks=32767, MaxUdp=65467
[2015.07.03-11.18.09:530][  0]UdpMessaging: Initializing bridge on interface 0.0.0.0:0 to multicast group 230.0.0.1:6666.
[2015.07.03-11.18.13:646][  0]SourceControl: Info Source control is disabled
[2015.07.03-11.18.13:824][  0]SourceControl: Info Source control is disabled
[2015.07.03-11.18.13:933][  0]SourceControl: Info Source control is disabled
[2015.07.03-11.18.13:988][  0]SourceControl: Info Source control is disabled
[2015.07.03-11.18.15:345][  0]LogObj: 26273 objects as part of root set at end of initial load.
[2015.07.03-11.18.15:345][  0]LogUObjectAllocator: 5409248 out of 0 bytes used by permanent object pool.
[2015.07.03-11.18.16:183][  0]LogEngine: Initializing Engine...
[2015.07.03-11.18.16:224][  0]LogHMD: Can't find Oculus library dev build: is proper Runtime installed? Version: 0.6.0.0
[2015.07.03-11.18.16:567][  0]LogHMD:Warning: SteamVR failed to initialize.  Error: 108
[2015.07.03-11.18.18:112][  0]LogAIModule: Creating AISystem for world NewWorld
[2015.07.03-11.18.18:234][  0]LogInit: XAudio2 using 'Speaker (VIA HD Audio(Win8.1))' : 2 channels at 48 kHz using 32 bits per sample (channel mask 0x3)
[2015.07.03-11.18.18:261][  0]LogInit: FAudioDevice initialized.
[2015.07.03-11.18.18:305][  0]LogDerivedDataCache: Saved boot cache 0.04s 55MB C:/Users/George/AppData/Local/UnrealEngine/4.8/DerivedDataCache/Boot.ddc.
[2015.07.03-11.18.18:313][  0]LogInit: Texture streaming: Disabled
[2015.07.03-11.18.18:578][  0]LogAnalytics: Creating configured Analytics provider AnalyticsET
[2015.07.03-11.18.18:579][  0]LogAnalytics: [UEEditor.Rocket.Release] APIServer = http://et2.epicgames.com/ET2/. AppVersion = 4.8.1-2591939+++depot+UE4-Releases+4.8
[2015.07.03-11.18.18:579][  0]LogAnalytics: [UEEditor.Rocket.Release] SetUserId c51ee06b40dc2ae701026b805198b797|68eb77fb08074143b8a75907aa684848|eebf13c9-4708-4e0c-8123-a6ff0dacb8e0
[2015.07.03-11.18.18:596][  0]LogAnalytics: [UEEditor.Rocket.Release] AnalyticsET::StartSession
[2015.07.03-11.18.19:019][  0]LogInit: Transaction tracking system initialized
[2015.07.03-11.18.20:185][  0]BlueprintLog: New page: Editor Load
[2015.07.03-11.18.20:308][  0]LogAssetRegistry: FAssetRegistry took 0.0145 seconds to start up
[2015.07.03-11.18.20:344][  0]LogDirectoryWatcher:Warning: Failed to begin reading directory changes for ../../../Engine/Plugins/Experimental/CharacterAI/Content/. Error: 0
[2015.07.03-11.18.27:748][  0]LogConsoleManager:Warning: Console variable 'r.VSync' wasn't set ('GameSetting' has a lower priority than 'SystemSettingsIni')
[2015.07.03-11.18.27:748][  0]LogConsoleResponse:Display: 
[2015.07.03-11.18.34:051][  0]LogCook:Display: Done creating registry. It took  0.00s.
[2015.07.03-11.18.37:062][  0]SourceControl: Info Source control is disabled
[2015.07.03-11.18.37:154][  0]Cmd: MAP LOAD FILE="../../../../../../Users/George/Documents/GitHub/CastleAndroidGame/CastleGame/Content/Levels/LevelOne/LevelOne.umap" TEMPLATE=0 SHOWPROGRESS=1 FEATURELEVEL=3
[2015.07.03-11.18.37:210][  0]LightingResults: New page: Lighting Build
[2015.07.03-11.18.37:726][  0]MapCheck: New page: Map Check
[2015.07.03-11.18.37:726][  0]LightingResults: New page: Lighting Build
[2015.07.03-11.18.38:235][  0]LogParticles: Destroying 0 GPU particle simulations for FXSystem 0x000000D262162F20
[2015.07.03-11.18.41:257][  0]LogTexture:Display: Building textures: Spire (AutoDXT)
[2015.07.03-11.18.41:477][  0]LogTexture:Display: Building textures: LevelOneBG (AutoDXT)
[2015.07.03-11.18.41:837][  0]LogTexture:Display: Building textures: Player_Idle (AutoDXT)
[2015.07.03-11.18.41:988][  0]LogAIModule: Creating AISystem for world LevelOne
[2015.07.03-11.18.42:895][  0]LogEditorServer: Finished looking for orphan Actors (0.000 secs)
[2015.07.03-11.18.42:995][  0]LogActor:Warning: RecastNavMesh /Game/Levels/LevelOne/LevelOne.LevelOne:PersistentLevel.RecastNavMesh_0 has natively added scene component(s), but none of them were set as the actor's RootComponent - picking one arbitrarily
[2015.07.03-11.18.43:087][  0]Cmd: MAP CHECKDEP NOCLEARLOG
[2015.07.03-11.18.43:222][  0]MapCheck: Info Map check complete: 0 Error(s), 0 Warning(s), took 134.752ms to complete.
[2015.07.03-11.18.43:222][  0]LogFileHelpers: Loading map 'LevelOne' took 6.119
[2015.07.03-11.18.47:165][  0]LogCollectionManager: Loaded 0 collections in 0.007790 seconds
[2015.07.03-11.18.47:211][  0]LogContentBrowser: Native class hierarchy populated in 0.0451 seconds. Added 1792 classes and 301 folders.
[2015.07.03-11.18.48:298][  0]LogContentBrowser: Native class hierarchy updated for 'WidgetCarousel' in 0.0012 seconds. Added 0 classes and 0 folders.
[2015.07.03-11.18.49:824][  0]LogContentBrowser: Native class hierarchy updated for 'AddContentDialog' in 0.0006 seconds. Added 0 classes and 0 folders.
[2015.07.03-11.18.50:115][  0]LogContentBrowser: Native class hierarchy updated for 'SceneOutliner' in 0.0006 seconds. Added 1 classes and 2 folders.
[2015.07.03-11.18.53:405][  0]LogCrashTracker: Crashtracker disabled due to settings.
[2015.07.03-11.18.53:731][  0]LogUObjectGlobals:Warning: Failed to find object 'Class None.'
[2015.07.03-11.18.53:906][  0]LogLoad: Full Startup: 127.72 seconds (BP compile: 1.34 seconds)
[2015.07.03-11.18.55:800][  0]LogContentStreaming: Texture pool size is 0.000000MB
[2015.07.03-11.18.56:126][  0]LogContentStreaming: Texture pool size now 1000 MB
[2015.07.03-11.18.57:709][  0]LogRenderer: Reallocating scene render targets to support 1208x576 (Frame:2).
[2015.07.03-11.19.01:759][  9]LogAssetRegistry: Asset discovery search completed in 41.4623 seconds
[2015.07.03-11.20.10:462][405]BlueprintLog: New page: Pre-PIE auto-recompile
[2015.07.03-11.20.10:462][405]LogPlayLevel: [PIE] Compiling LevelOne before PIE...
[2015.07.03-11.20.10:831][405]LogPlayLevel: PIE:  Blueprint regeneration took 388 ms (1 blueprints)
[2015.07.03-11.20.11:025][4