[2015.07.04-20.20.51:059][  0]Log file open, 07/05/15 05:50:51
[2015.07.04-20.20.51:059][  0]LogInit:Display: Running engine for game: CastleGame
[2015.07.04-20.20.51:059][  0]LogInit:Display: RandInit(-1010237661) SRandInit(-1010237661).
[2015.07.04-20.20.51:059][  0]LogTaskGraph: Started task graph with 4 named threads and 7 total threads.
[2015.07.04-20.20.51:059][  0]LogStats: Stats thread started
[2015.07.04-20.20.51:059][  0]LogInit: Version: 4.8.1-2591939+++depot+UE4-Releases+4.8
[2015.07.04-20.20.51:059][  0]LogInit: API Version: 2579680
[2015.07.04-20.20.51:059][  0]LogInit: Compiled (64-bit): Jun 18 2015 11:02:04
[2015.07.04-20.20.51:059][  0]LogInit: Compiled with Visual C++: 18.00.21005.01
[2015.07.04-20.20.51:059][  0]LogInit: Build Configuration: Development
[2015.07.04-20.20.51:059][  0]LogInit: Branch Name: ++depot+UE4-Releases+4.8
[2015.07.04-20.20.51:059][  0]LogInit: Command line:  
[2015.07.04-20.20.51:059][  0]LogInit: Base directory: C:/Program Files/Epic Games/4.8/Engine/Binaries/Win64/
[2015.07.04-20.20.51:059][  0]LogInit: Rocket: 1
[2015.07.04-20.20.51:073][  0]LogInit: Using libcurl 7.41.0
[2015.07.04-20.20.51:073][  0]LogInit:  - built for x86_64-pc-win32
[2015.07.04-20.20.51:073][  0]LogInit:  - supports SSL with WinSSL
[2015.07.04-20.20.51:073][  0]LogInit:  - other features:
[2015.07.04-20.20.51:073][  0]LogInit:      CURL_VERSION_SSL
[2015.07.04-20.20.51:073][  0]LogInit:      CURL_VERSION_IPV6
[2015.07.04-20.20.51:073][  0]LogInit:      CURL_VERSION_ASYNCHDNS
[2015.07.04-20.20.51:073][  0]LogInit:      CURL_VERSION_LARGEFILE
[2015.07.04-20.20.51:073][  0]LogInit:      CURL_VERSION_IDN
[2015.07.04-20.20.51:073][  0]LogInit:  CurlRequestOptions (configurable via config and command line):
[2015.07.04-20.20.51:073][  0]LogInit:  - bVerifyPeer = true  - Libcurl will verify peer certificate
[2015.07.04-20.20.51:073][  0]LogInit:  - bUseHttpProxy = false  - Libcurl will NOT use HTTP proxy
[2015.07.04-20.20.51:073][  0]LogInit:  - bDontReuseConnections = false  - Libcurl will reuse connections
[2015.07.04-20.20.51:073][  0]LogInit:  - CertBundlePath = nullptr  - Libcurl will use whatever was configured at build time.
[2015.07.04-20.20.51:085][  0]LogOnline:Warning: No default platform service specified for OnlineSubsystem
[2015.07.04-20.20.51:099][  0]LogInit: Presizing for 0 objects not considered by GC, pre-allocating 0 bytes.
[2015.07.04-20.20.51:105][  0]LogInit: Object subsystem initialized
[2015.07.04-20.20.51:106][  0]LogConsoleResponse:Warning: Skipping Unknown console variable: 'TranslucentSortAxis = (X=0.000000,Y=-1.000000,Z=0.000000)'
[2015.07.04-20.20.51:106][  0]LogConsoleResponse:Warning:   Found in ini file 'C:/Users/George/Documents/GitHub/CastleAndroidGame/CastleGame/Saved/Config/Windows/Engine.ini', in section '[/Script/Engine.RendererSettings]'
[2015.07.04-20.20.51:106][  0]LogConsoleResponse:Warning: Skipping Unknown console variable: 'UIScaleRule = ShortestSide'
[2015.07.04-20.20.51:106][  0]LogConsoleResponse:Warning:   Found in ini file 'C:/Users/George/Documents/GitHub/CastleAndroidGame/CastleGame/Saved/Config/Windows/Engine.ini', in section '[/Script/Engine.RendererSettings]'
[2015.07.04-20.20.51:106][  0]LogConsoleResponse:Warning: Skipping Unknown console variable: 'UIScaleCurve = (EditorCurveData=(Keys=),ExternalCurve=None)'
[2015.07.04-20.20.51:106][  0]LogConsoleResponse:Warning:   Found in ini file 'C:/Users/George/Documents/GitHub/CastleAndroidGame/CastleGame/Saved/Config/Windows/Engine.ini', in section '[/Script/Engine.RendererSettings]'
[2015.07.04-20.20.51:106][  0]LogInit: Selected Device Profile: [Windows]
[2015.07.04-20.20.51:106][  0]LogInit: Applying CVar settings loaded from the selected device profile: [Windows]
[2015.07.04-20.20.51:116][  0]LogInit: Computer: JORJ
[2015.07.04-20.20.51:116][  0]LogInit: User: George
[2015.07.04-20.20.51:116][  0]LogInit: CPU Page size=4096, Cores=4
[2015.07.04-20.20.51:116][  0]LogInit: High frequency timer resolution =2.728055 MHz
[2015.07.04-20.20.51:116][  0]LogMemory: Memory total: Physical=15.8GB (16GB approx)
[2015.07.04-20.20.51:116][  0]LogMemory: Platform Memory Stats for Windows
[2015.07.04-20.20.51:116][  0]LogMemory: Process Physical Memory: 49.64 MB used, 49.64 MB peak
[2015.07.04-20.20.51:116][  0]LogMemory: Process Virtual Memory: 22.34 MB used, 22.34 MB peak
[2015.07.04-20.20.51:116][  0]LogMemory: Physical Memory: 3596.48 MB used, 16199.01 MB total
[2015.07.04-20.20.51:116][  0]LogMemory: Virtual Memory: 291.91 MB used, 134217728.00 MB total
[2015.07.04-20.20.51:150][  0]LogTextLocalizationManager: The requested culture ('en_AU') has no localization data; parent culture's ('en') localization data will be used.
[2015.07.04-20.20.51:358][  0]LogTextLocalizationManager:Warning: Loaded localization resources contain conflicting entries for (Namespace:ContentBrowser, Key:ImportAssetToolTip):
Localization Resource: (C:/Program Files/Epic Games/4.8/Engine/Content/Localization/Editor/en/Editor.locres) Source String Hash: (-630476809) Localized String: (Import to {0}...)
Localization Resource: (C:/Program Files/Epic Games/4.8/Engine/Content/Localization/Editor/en/Editor.locres) Source String Hash: (1271782899) Localized String: (Imports an asset from file to this folder.)
[2015.07.04-20.20.51:807][  0]LogD3D11RHI: Found D3D11 adapter 0: NVIDIA GeForce GTX 860M     (Feature Level 11_0)
[2015.07.04-20.20.51:807][  0]LogD3D11RHI: Adapter has 1972MB of dedicated video memory, 0MB of dedicated system memory, and 2048MB of shared system memory, 1 output[s]
[2015.07.04-20.20.51:813][  0]LogD3D11RHI: Found D3D11 adapter 1: Intel(R) HD Graphics 4600 (Feature Level 11_0)
[2015.07.04-20.20.51:813][  0]LogD3D11RHI: Adapter has 96MB of dedicated video memory, 0MB of dedicated system memory, and 1696MB of shared system memory, 0 output[s]
[2015.07.04-20.20.51:814][  0]LogD3D11RHI: Found D3D11 adapter 2: Microsoft Basic Render Driver (Feature Level 11_0)
[2015.07.04-20.20.51:814][  0]LogD3D11RHI: Adapter has 0MB of dedicated video memory, 0MB of dedicated system memory, and 256MB of shared system memory, 0 output[s]
[2015.07.04-20.20.51:814][  0]LogD3D11RHI: Chosen D3D11 Adapter Id = 0
[2015.07.04-20.20.51:818][  0]LogRHI: Texture pool is 1361 MB (70% of 1945 MB)
[2015.07.04-20.20.51:829][  0]LogD3D11RHI: Async texture creation enabled
[2015.07.04-20.20.51:847][  0]LogShaderCompilers:Display: Using Local Shader Compiler.
[2015.07.04-20.20.52:660][  0]LogTemp:Display: Loaded TP DesktopTargetPlatform
[2015.07.04-20.20.52:674][  0]LogTemp:Display: Loaded TP WindowsClientTargetPlatform
[2015.07.04-20.20.52:689][  0]LogTemp:Display: Loaded TP WindowsNoEditorTargetPlatform
[2015.07.04-20.20.52:704][  0]LogTemp:Display: Loaded TP WindowsServerTargetPlatform
[2015.07.04-20.20.52:719][  0]LogTemp:Display: Loaded TP WindowsTargetPlatform
[2015.07.04-20.20.52:732][  0]LogTemp:Display: Loaded TP AndroidTargetPlatform
[2015.07.04-20.20.52:744][  0]LogTemp:Display: Loaded TP Android_ASTCTargetPlatform
[2015.07.04-20.20.52:756][  0]LogTemp:Display: Loaded TP Android_ATCTargetPlatform
[2015.07.04-20.20.52:767][  0]LogTemp:Display: Loaded TP Android_DXTTargetPlatform
[2015.07.04-20.20.52:778][  0]LogTemp:Display: Loaded TP Android_ETC1TargetPlatform
[2015.07.04-20.20.52:792][  0]LogTemp:Display: Loaded TP Android_ETC2TargetPlatform
[2015.07.04-20.20.52:805][  0]LogTemp:Display: Loaded TP Android_PVRTCTargetPlatform
[2015.07.04-20.20.52:852][  0]LogTemp:Display: Loaded TP IOSTargetPlatform
[2015.07.04-20.20.52:864][  0]LogTemp:Display: Loaded TP LinuxNoEditorTargetPlatform
[2015.07.04-20.20.52:877][  0]LogTemp:Display: Loaded TP LinuxServerTargetPlatform
[2015.07.04-20.20.52:891][  0]LogTemp:Display: Loaded TP LinuxTargetPlatform
[2015.07.04-20.20.52:891][  0]LogTargetPlatformManager:Display: Building Assets For Windows
[2015.07.04-20.20.53:085][  0]LogDerivedDataCache:Display: Max Cache Size: 512 MB
[2015.07.04-20.20.53:141][  0]LogDerivedDataCache: Loaded boot cache 0.06s 53MB C:/Users/George/AppData/Local/UnrealEngine/4.8/DerivedDataCache/Boot.ddc.
[2015.07.04-20.20.53:141][  0]LogDerivedDataCache:Display: Loaded Boot cache: C:/Users/George/AppData/Local/UnrealEngine/4.8/DerivedDataCache/Boot.ddc
[2015.07.04-20.20.53:141][  0]LogDerivedDataCache: FDerivedDataBackendGraph:  Pak pak cache file ../../../../../../Users/George/Documents/GitHub/CastleAndroidGame/CastleGame/DerivedDataCache/DDC.ddp not found, will not use a pak cache.
[2015.07.04-20.20.53:141][  0]LogDerivedDataCache: Unable to find inner node Pak for hierarchical cache Hierarchy.
[2015.07.04-20.20.53:141][  0]LogDerivedDataCache: FDerivedDataBackendGraph:  CompressedPak pak cache file ../../../../../../Users/George/Documents/GitHub/CastleAndroidGame/CastleGame/DerivedDataCache/Compressed.ddp not found, will not use a pak cache.
[2015.07.04-20.20.53:141][  0]LogDerivedDataCache: Unable to find inner node CompressedPak for hierarchical cache Hierarchy.
[2015.07.04-20.20.53:276][  0]LogDerivedDataCache:Display: Pak cache opened for reading ../../../Engine/DerivedDataCache/Compressed.ddp.
[2015.07.04-20.20.53:289][  0]LogDerivedDataCache: Using Local data cache path C:/Users/George/AppData/Local/UnrealEngine/Common/DerivedDataCache: Writable
[2015.07.04-20.20.53:468][  0]LogInit: Selected Device Profile: [Windows]
[2015.07.04-20.20.53:552][  0]ImportText (ComponentSweepMultiTests): Missing closing parenthesis: (RootShapeAsset="/Engine/BasicShapes/Cube.Cube",ShapeType="TriggerCapsule",HitResult=(Time=0.50,Location=(X=-100.000015,Y=0.0,Z=100.000015),ImpactPoint=(X=-50.0,Y=0.0,Z=50.0),Normal=(X=-1.0,Y=-0.0,Z=0.0),ImpactNormal=(X=0.0,Y=0.0,Z=1.0),TraceStart=(X=-200.0,Y=0.0,Z=200.0),TraceEnd=(X=0.0,Y=0.0,Z=0.0))
[2015.07.04-20.20.53:552][  0]ImportText (LineTraceSingleByChannelTests): Missing closing parenthesis: (RootShapeAsset="/Engine/BasicShapes/Cube.Cube",HitResult=(Time=0.50,Location=(X=-100.000015,Y=0.0,Z=100.000015),ImpactPoint=(X=-50.0,Y=0.0,Z=50.0),Normal=(X=-1.0,Y=-0.0,Z=0.0),ImpactNormal=(X=0.0,Y=0.0,Z=1.0),TraceStart=(X=-200.0,Y=0.0,Z=200.0),TraceEnd=(X=0.0,Y=0.0,Z=0.0))
[2015.07.04-20.20.53:577][  0]LogMeshUtilities: No automatic mesh reduction module available
[2015.07.04-20.20.53:577][  0]LogMeshUtilities: No automatic mesh merging module available
[2015.07.04-20.20.54:030][  0]LogInit: WinSock: version 1.1 (2.2), MaxSocks=32767, MaxUdp=65467
[2015.07.04-20.21.04:334][  0]UdpMessaging: Initializing bridge on interface 0.0.0.0:0 to multicast group 230.0.0.1:6666.
[2015.07.04-20.21.05:264][  0]SourceControl: Info Source control is disabled
[2015.07.04-20.21.05:277][  0]SourceControl: Info Source control is disabled
[2015.07.04-20.21.05:294][  0]SourceControl: Info Source control is disabled
[2015.07.04-20.21.05:308][  0]SourceControl: Info Source control is disabled
[2015.07.04-20.21.05:656][  0]LogObj: 26273 objects as part of root set at end of initial load.
[2015.07.04-20.21.05:656][  0]LogUObjectAllocator: 5409248 out of 0 bytes used by permanent object pool.
[2015.07.04-20.21.05:749][  0]LogEngine: Initializing Engine...
[2015.07.04-20.21.05:751][  0]LogHMD: Can't find Oculus library dev build: is proper Runtime installed? Version: 0.6.0.0
[2015.07.04-20.21.05:766][  0]LogHMD:Warning: SteamVR failed to initialize.  Error: 108
[2015.07.04-20.21.05:924][  0]LogAIModule: Creating AISystem for world NewWorld
[2015.07.04-20.21.05:928][  0]LogInit: XAudio2 using 'Speaker (VIA HD Audio(Win8.1))' : 2 channels at 48 kHz using 32 bits per sample (channel mask 0x3)
[2015.07.04-20.21.05:932][  0]LogInit: FAudioDevice initialized.
[2015.07.04-20.21.05:961][  0]LogDerivedDataCache: Saved boot cache 0.03s 53MB C:/Users/George/AppData/Local/UnrealEngine/4.8/DerivedDataCache/Boot.ddc.
[2015.07.04-20.21.05:967][  0]LogInit: Texture streaming: Disabled
[2015.07.04-20.21.05:992][  0]LogAnalytics: Creating configured Analytics provider AnalyticsET
[2015.07.04-20.21.05:992][  0]LogAnalytics: [UEEditor.Rocket.Release] APIServer = http://et2.epicgames.com/ET2/. AppVersion = 4.8.1-2591939+++depot+UE4-Releases+4.8
[2015.07.04-20.21.05:992][  0]LogAnalytics: [UEEditor.Rocket.Release] SetUserId c51ee06b40dc2ae701026b805198b797|68eb77fb08074143b8a75907aa684848|eebf13c9-4708-4e0c-8123-a6ff0dacb8e0
[2015.07.04-20.21.05:992][  0]LogAnalytics: [UEEditor.Rocket.Release] AnalyticsET::StartSession
[2015.07.04-20.21.06:019][  0]LogInit: Transaction tracking system initialized
[2015.07.04-20.21.06:160][  0]BlueprintLog: New page: Editor Load
[2015.07.04-20.21.06:206][  0]LogAssetRegistry: FAssetRegistry took 0.0109 seconds to start up
[2015.07.04-20.21.06:206][  0]LogDirectoryWatcher:Warning: Failed to begin reading directory changes for ../../../Engine/Plugins/Experimental/CharacterAI/Content/. Error: 0
[2015.07.04-20.21.07:499][  0]LogConsoleManager:Warning: Console variable 'r.VSync' wasn't set ('GameSetting' has a lower priority than 'SystemSettingsIni')
[2015.07.04-20.21.07:499][  0]LogConsoleResponse:Display: 
[2015.07.04-20.21.07:632][  0]LogCook:Display: Done creating registry. It took  0.00s.
[2015.07.04-20.21.08:018][  0]SourceControl: Info Source control is disabled
[2015.07.04-20.21.08:018][  0]Cmd: MAP LOAD FILE="../../../../../../Users/George/Documents/GitHub/CastleAndroidGame/CastleGame/Content/Levels/LevelOne/LevelOne.umap" TEMPLATE=0 SHOWPROGRESS=1 FEATURELEVEL=3
[2015.07.04-20.21.08:018][  0]LightingResults: New page: Lighting Build
[2015.07.04-20.21.08:031][  0]MapCheck: New page: Map Check
[2015.07.04-20.21.08:031][  0]LightingResults: New page: Lighting Build
[2015.07.04-20.21.08:041][  0]LogParticles: Destroying 0 GPU particle simulations for FXSystem 0x000000EF69262F20
[2015.07.04-20.21.09:033][  0]LogAIModule: Creating AISystem for world LevelOne
[2015.07.04-20.21.09:036][  0]LogEditorServer: Finished looking for orphan Actors (0.000 secs)
[2015.07.04-20.21.09:038][  0]Cmd: MAP CHECKDEP NOCLEARLOG
[2015.07.04-20.21.09:082][  0]MapCheck: Info Map check complete: 0 Error(s), 0 Warning(s), took 43.881ms to complete.
[2015.07.04-20.21.09:082][  0]LogFileHelpers: Loading map 'LevelOne' took 1.064
[2015.07.04-20.21.09:597][  0]LogCollectionManager: Loaded 0 collections in 0.002286 seconds
[2015.07.04-20.21.09:604][  0]LogContentBrowser: Native class hierarchy populated in 0.0072 seconds. Added 1792 classes and 301 folders.
[2015.07.04-20.21.10:070][  0]LogContentBrowser: Native class hierarchy updated for 'WidgetCarousel' in 0.0005 seconds. Added 0 classes and 0 folders.
[2015.07.04-20.21.10:223][  0]LogContentBrowser: Native class hierarchy updated for 'AddContentDialog' in 0.0013 seconds. Added 0 classes and 0 folders.
[2015.07.04-20.21.10:260][  0]LogContentBrowser: Native class hierarchy updated for 'SceneOutliner' in 0.0006 seconds. Added 1 classes and 2 folders.
[2015.07.04-20.21.10:348][  0]LogCrashTracker: Crashtracker disabled due to settings.
[2015.07.04-20.21.10:352][  0]LogUObjectGlobals:Warning: Failed to find object 'Class None.'
[2015.07.04-20.21.10:374][  0]LogLoad: Full Startup: 20.54 seconds (BP compile: 0.62 seconds)
[2015.07.04-20.21.10:782][  0]LogContentStreaming: Texture pool size is 0.000000MB
[2015.07.04-20.21.10:836][  0]LogContentStreaming: Texture pool size now 1000 MB
[2015.07.04-20.21.10:996][  0]LogRenderer: Reallocating scene render targets to support 1208x576 (Frame:2).
[2015.07.04-20.21.13:460][  8]LogAssetRegistry: Asset discovery search completed in 7.2647 seconds
[2015.07.04-20.21.25:470][242]BlueprintLog: New page: Pre-PIE auto-recompile
[2015.07.04-20.21.25:470][242]LogPlayLevel: [PIE] Compiling LevelOne before PIE...
[2015.07.04-20.21.25:637][242]LogPlayLevel: PIE:  Blueprint regeneration took 167 ms (1 blueprints)
[2015.07.04-20.21.25:639][242]PIE: New page: PIE session: LevelOne (5 Jul 2015 3:21:25 pm)
[2015.07.04-20.21.25:642][242]LogUObjectGlobals:Warning: Failed to find object 'Class /Game/Levels/Vars.Vars_C'
[2015.07.04-20.21.25:642][242]LogPlayLevel: Creating play world package: /Game/Levels/LevelOne/UEDPIE_0_LevelOne
[2015.07.04-20.21.25:646][242]LogPlayLevel: PIE: StaticDuplicateObject took: (0.004237s)
[2015.07.04-20.21.25:647][242]LogAIModule: Creating AISystem for world LevelOne
[2015.07.04-20.21.25:647][242]LogPlayLevel: PIE: World Init took: (0.001021s)
[2015.07.04-20.21.25:647][242]LogPlayLevel: PIE: Created PIE world by copying editor world from /Game/Levels/LevelOne/LevelOne.LevelOne to /Game/Levels/LevelOne/UEDPIE_0_LevelOne.LevelOne (0.005450s)
[2015.07.04-20.21.25:666][242]LogInit: XAudio2 using 'Speaker (VIA HD Audio(Win8.1))' : 2 channels at 48 kHz using 32 bits per sample (channel mask 0x3)
[2015.07.04-20.21.25:670][242]LogInit: FAudioDevice initialized.
[2015.07.04-20.21.25:720][242]LogWorld: Game class is 'Survival_C'
[2015.07.04-20.21.25:730][242]LogWorld:Warning: *** WARNING - PATHS MAY NOT BE VALID ***
[2015.07.04-20.21.25:730][242]LogWorld: Bringing World /Game/Levels/LevelOne/UEDPIE_0_LevelOne.LevelOne up for play (max tick rate 60) at 2015.07.05-05.51.25
[2015.07.04-20.21.25:730][242]LogActor:Warning: GameSession /Game/Levels/LevelOne/UEDPIE_0_LevelOne.LevelOne:PersistentLevel.GameSession_0 has natively added scene component(s), but none of them were set as the actor's RootComponent - picking one arbitrarily
[2015.07.04-20.21.25:731][242]LogActor:Warning: GameNetworkManager /Game/Levels/LevelOne/UEDPIE_0_LevelOne.LevelOne:PersistentLevel.GameNetworkManager_0 has natively added scene component(s), but none of them were set as the actor's RootComponent - picking one arbitrarily
[2015.07.04-20.21.25:733][242]LogWorld: Bringing up level for play took: 0.007661
[2015.07.04-20.21.25:744][242]LogScript:Warning: Accessed None 'CallFunc_GetGlobals_Get'
	Survival_C /Game/Levels/LevelOne/UEDPIE_0_LevelOne.LevelOne:PersistentLevel.Survival_C_0
	Function /Game/Game/AbstractGameMode.AbstractGameMode_C:ExecuteUbergraph_AbstractGameMode:0073
[2015.07.04-20.21.25:745][242]PIE:Error: Error Accessed None 'CallFunc_GetGlobals_Get' from node SetTimer in graph 'EventGraph' in blueprint AbstractGameMode
[2015.07.04-20.21.25:748][242]PIE: Info Play in editor start time for /Game/Levels/LevelOne/UEDPIE_0_LevelOne 0.54
[2015.07.04-20.21.25:839][242]LogParticles: Destroying 0 GPU particle simulations for FXSystem 0x000000EF7077F420
[2015.07.04-20.21.25:888][243]LoadErrors:Error: Error Failed import for Blueprint /Game/Game/Modes/OurInstance.OurInstance
[2015.07.04-20.21.25:888][243]LoadErrors:Error: Error Failed import for BlueprintGeneratedClass /Game/Game/Modes/OurInstance.OurInstance_C
[2015.07.04-20.21.25:888][243]LoadErrors:Error: Error Failed import for OurInstance_C /Game/Game/Modes/OurInstance.Default__OurInstance_C
[2015.07.04-20.21.25:888][243]LoadErrors:Error: Error Failed import for Blueprint /Game/Game/OurInstance.OurInstance [redirection] in /Game/Levels/Vars
[2015.07.04-20.21.25:888][243]LoadErrors:Error: Error Failed import for BlueprintGeneratedClass /Game/Game/OurInstance.OurInstance_C [redirection] in /Game/Levels/Vars
[2015.07.04-20.21.25:888][243]LoadErrors:Error: Error Failed import for OurInstance_C /Game/Game/OurInstance.Default__OurInstance_C [redirection] in /Game/Levels/Vars
[2015.07.04-20.21.44:021][529]BlueprintLog: New page: Pre-PIE auto-recompile
[2015.07.04-20.21.44:021][529]LogPlayLevel: [PIE] Compiling LevelOne before PIE...
[2015.07.04-20.21.44:073][529]LogPlayLevel: PIE:  Blueprint regeneration took 52 ms (1 blueprints)
[2015.07.04-20.21.44:073][529]PIE: New page: PIE session: LevelOne (5 Jul 2015 3:21:44 pm)
[2015.07.04-20.21.44:074][529]LogUObjectGlobals:Warning: Failed to find object 'Class /Game/Levels/Vars.Vars_C'
[2015.07.04-20.21.44:074][529]LogPlayLevel: Creating play world package: /Game/Levels/LevelOne/UEDPIE_0_LevelOne
[2015.07.04-20.21.44:078][529]LogPlayLevel: PIE: StaticDuplicateObject took: (0.004671s)
[2015.07.04-20.21.44:079][529]LogAIModule: Creating AISystem for world LevelOne
[2015.07.04-20.21.44:079][529]LogPlayLevel: PIE: World Init took: (0.001099s)
[2015.07.04-20.21.44:080][529]LogPlayLevel: PIE: Created PIE world by copying editor world from /Game/Levels/LevelOne/LevelOne.LevelOne to /Game/Levels/LevelOne/UEDPIE_0_LevelOne.LevelOne (0.005947s)
[2015.07.04-20.21.44:096][529]LogInit: XAudio2 using 'Speaker (VIA HD Audio(Win8.1))' : 2 channels at 48 kHz using 32 bits per sample (channel mask 0x3)
[2015.07.04-20.21.44:099][529]LogInit: FAudioDevice initialized.
[2015.07.04-20.21.44:131][529]LogWorld: Game class is 'Survival_C'
[2015.07.04-20.21.44:134][529]LogWorld:Warning: *** WARNING - PATHS MAY NOT BE VALID ***
[2015.07.04-20.21.44:134][529]LogWorld: Bringing World /Game/Levels/LevelOne/UEDPIE_0_LevelOne.LevelOne up for play (max tick rate 60) at 2015.07.05-05.51.44
[2015.07.04-20.21.44:134][529]LogActor:Warning: GameSession /Game/Levels/LevelOne/UEDPIE_0_LevelOne.LevelOne:PersistentLevel.GameSession_1 has natively added scene component(s), but none of them were set as the actor's RootComponent - picking one arbitrarily
[2015.07.04-20.21.44:134][529]LogActor:Warning: GameNetworkManager /Game/Levels/LevelOne/UEDPIE_0_LevelOne.LevelOne:PersistentLevel.GameNetworkManager_1 has natively added scene component(s), but none of them were set as the actor's RootComponent - picking one arbitrarily
[2015.07.04-20.21.44:135][529]LogWorld: Bringing up level for play took: 0.002901
[2015.07.04-20.21.44:137][529]LogScript:Warning: Accessed None 'CallFunc_GetGlobals_Get'
	Survival_C /Game/Levels/LevelOne/UEDPIE_0_LevelOne.LevelOne:PersistentLevel.Survival_C_1
	Function /Game/Game/AbstractGameMode.AbstractGameMode_C:ExecuteUbergraph_AbstractGameMode:0073
[2015.07.04-20.21.44:137][529]PIE:Error: Error Accessed None 'CallFunc_GetGlobals_Get' from node SetTimer in graph 'EventGraph' in blueprint AbstractGameMode
[2015.07.04-20.21.44:138][529]PIE: Info Play in editor start time for /Game/Levels/LevelOne/UEDPIE_0_LevelOne 0.931
[2015.07.04-20.21.44:192][529]LogParticles: Destroying 0 GPU particle simulations for FXSystem 0x000000EF5CB98E00
[2015.07.04-20.21.47:157][685]LogLinker:Warning: Asset '../../../Engine/Content/ArtTools/RenderToTexture/Macros/RenderToTextureMacros.uasset' has been saved with empty engine version. The asset will be loaded but may be incompatible.
[2015.07.04-20.21.47:195][685]LogLinker:Warning: Asset '../../../Engine/Content/ArtTools/RenderToTexture/Enums/RenderToTexture_Enum.uasset' has been saved with empty engine version. The asset will be loaded but may be incompatible.
[2015.07.04-20.21.47:975][685]LogActor:Warning: GameNetworkManager /Engine/Transient.World_3:PersistentLevel.GameNetworkManager_2 has natively added scene component(s), but none of them were set as the actor's RootComponent - picking one arbitrarily
[2015.07.04-20.21.57:023][212]BlueprintLog: New page: Pre-PIE auto-recompile
[2015.07.04-20.21.57:030][212]LogPlayLevel: [PIE] Compiling LevelOne before PIE...
[2015.07.04-20.21.57:115][212]LogPlayLevel: PIE:  Blueprint regeneration took 91 ms (1 blueprints)
[2015.07.04-20.21.57:115][212]PIE: New page: PIE session: LevelOne (5 Jul 2015 3:21:57 pm)
[2015.07.04-20.21.57:116][212]LogUObjectGlobals:Warning: Failed to find object 'Class /Game/Levels/Vars.Vars_C'
[2015.07.04-20.21.57:116][212]LogPlayLevel: Creating play world package: /Game/Levels/LevelOne/UEDPIE_0_LevelOne
[2015.07.04-20.21.57:121][212]LogPlayLevel: PIE: StaticDuplicateObject took: (0.004898s)
[2015.07.04-20.21.57:121][212]LogAIModule: Creating AISystem for world LevelOne
[2015.07.04-20.21.57:122][212]LogPlayLevel: PIE: World Init took: (0.001110s)
[2015.07.04-20.21.57:122][212]LogPlayLevel: PIE: Created PIE world by copying editor world from /Game/Levels/LevelOne/LevelOne.LevelOne to /Game/Levels/LevelOne/UEDPIE_0_LevelOne.LevelOne (0.006178s)
[2015.07.04-20.21.57:146][212]LogInit: XAudio2 using 'Speaker (VIA HD Audio(Win8.1))' : 2 channels at 48 kHz using 32 bits per sample (channel mask 0x3)
[2015.07.04-20.21.57:149][212]LogInit: FAudioDevice initialized.
[2015.07.04-20.21.57:184][212]LogWorld: Game class is 'Survival_C'
[2015.07.04-20.21.57:187][212]LogWorld:Warning: *** WARNING - PATHS MAY NOT BE VALID ***
[2015.07.04-20.21.57:187][212]LogWorld: Bringing World /Game/Levels/LevelOne/UEDPIE_0_LevelOne.LevelOne up for play (max tick rate 60) at 2015.07.05-05.51.57
[2015.07.04-20.21.57:187][212]LogActor:Warning: GameSession /Game/Levels/LevelOne/UEDPIE_0_LevelOne.LevelOne:PersistentLevel.GameSession_2 has natively added scene component(s), but none of them were set as the actor's RootComponent - picking one arbitrarily
[2015.07.04-20.21.57:188][212]LogActor:Warning: GameNetworkManager /Game/Levels/LevelOne/UEDPIE_0_LevelOne.LevelOne:PersistentLevel.GameNetworkManager_3 has natively added scene component(s), but none of them were set as the actor's RootComponent - picking one arbitrarily
[2015.07.04-20.21.57:189][212]LogWorld: Bringing up level for play took: 0.003096
[2015.07.04-20.21.57:191][212]LogScript:Warning: Accessed None 'CallFunc_GetGlobals_Get'
	Survival_C /Game/Levels/LevelOne/UEDPIE_0_LevelOne.LevelOne:PersistentLevel.Survival_C_2
	Function /Game/Game/AbstractGameMode.AbstractGameMode_C:ExecuteUbergraph_AbstractGameMode:0073
[2015.07.04-20.21.57:191][212]PIE:Error: Error Accessed None 'CallFunc_GetGlobals_Get' from node SetTimer in graph 'EventGraph' in blueprint AbstractGameMode
[2015.07.04-20.21.57:192][212]PIE: Info Play in editor start time for /Game/Levels/LevelOne/UEDPIE_0_LevelOne -0.016
[2015.07.04-20.21.57:260][212]LogParticles: Destroying 0 GPU particle simulations for FXSystem 0x000000EF707FAF20
[2015.07.04-20.25.05:920][494]BlueprintLog: New page: Pre-PIE auto-recompile
[2015.07.04-20.25.05:929][494]LogPlayLevel: [PIE] Compiling LevelOne before PIE...
[2015.07.04-20.25.06:006][494]LogPlayLevel: PIE:  Blueprint regeneration took 86 ms (1 blueprints)
[2015.07.04-20.25.06:007][494]PIE: New page: PIE session: LevelOne (5 Jul 2015 3:25:06 pm)
[2015.07.04-20.25.06:008][494]LogUObjectGlobals:Warning: Failed to find object 'Class /Game/Levels/Vars.Vars_C'
[2015.07.04-20.25.06:008][494]LogPlayLevel: Creating play world package: /Game/Levels/LevelOne/UEDPIE_0_LevelOne
[2015.07.04-20.25.06:012][494]LogPlayLevel: PIE: StaticDuplicateObject took: (0.004118s)
[2015.07.04-20.25.06:012][494]LogAIModule: Creating AISystem for world LevelOne
[2015.07.04-20.25.06:013][494]LogPlayLevel: PIE: World Init took: (0.001128s)
[2015.07.04-20.25.06:013][494]LogPlayLevel: PIE: Created PIE world by copying editor world from /Game/Levels/LevelOne/LevelOne.LevelOne to /Game/Levels/LevelOne/UEDPIE_0_LevelOne.LevelOne (0.005413s)
[2015.07.04-20.25.06:041][494]LogInit: XAudio2 using 'Speaker (VIA HD Audio(Win8.1))' : 2 channels at 48 kHz using 32 bits per sample (channel mask 0x3)
[2015.07.04-20.25.06:044][494]LogInit: FAudioDevice initialized.
[2015.07.04-20.25.06:077][494]LogWorld: Game class is 'Survival_C'
[2015.07.04-20.25.06:081][494]LogWorld:Warning: *** WARNING - PATHS MAY NOT BE VALID ***
[2015.07.04-20.25.06:081][494]LogWorld: Bringing World /Game/Levels/LevelOne/UEDPIE_0_LevelOne.LevelOne up for play (max tick rate 60) at 2015.07.05-05.55.06
[2015.07.04-20.25.06:081][494]LogActor:Warning: GameSession /Game/Levels/LevelOne/UEDPIE_0_LevelOne.LevelOne:PersistentLevel.GameSession_3 has natively added scene component(s), but none of them were set as the actor's RootComponent - picking one arbitrarily
[2015.07.04-20.25.06:082][494]LogActor:Warning: GameNetworkManager /Game/Levels/LevelOne/UEDPIE_0_LevelOne.LevelOne:PersistentLevel.GameNetworkManager_4 has natively added scene component(s), but none of them were set as the actor's RootComponent - picking one arbitrarily
[2015.07.04-20.25.06:082][494]LogWorld: Bringing up level for play took: 0.003199
[2015.07.04-20.25.06:083][494]LogGameMode: Warning - PATHS NOT DEFINED or NO PLAYERSTART with positive rating
[2015.07.04-20.25.06:084][494]LogGameMode:Warning: Couldn't spawn Pawn of type Player_C at WorldSettings
[2015.07.04-20.25.06:084][494]LogScript:Warning: Accessed None 'CallFunc_GetGlobals_Get'
	Survival_C /Game/Levels/LevelOne/UEDPIE_0_LevelOne.LevelOne:PersistentLevel.Survival_C_3
	Function /Game/Game/AbstractGameMode.AbstractGameMode_C:ExecuteUbergraph_AbstractGameMode:0073
[2015.07.04-20.25.06:084][494]PIE:Error: Error Accessed None 'CallFunc_GetGlobals_Get' from node SetTimer in graph 'EventGraph' in blueprint AbstractGameMode
[2015.07.04-20.25.06:087][494]LogCrashTracker: 


