[2015.07.04-21.50.35:924][  0]Log file open, 07/05/15 07:20:35
[2015.07.04-21.50.35:924][  0]LogInit:Display: Running engine for game: CastleGame
[2015.07.04-21.50.35:924][  0]LogInit:Display: RandInit(795351035) SRandInit(795351036).
[2015.07.04-21.50.35:924][  0]LogTaskGraph: Started task graph with 4 named threads and 7 total threads.
[2015.07.04-21.50.35:924][  0]LogStats: Stats thread started
[2015.07.04-21.50.35:924][  0]LogInit: Version: 4.8.1-2591939+++depot+UE4-Releases+4.8
[2015.07.04-21.50.35:924][  0]LogInit: API Version: 2579680
[2015.07.04-21.50.35:924][  0]LogInit: Compiled (64-bit): Jun 18 2015 11:02:04
[2015.07.04-21.50.35:924][  0]LogInit: Compiled with Visual C++: 18.00.21005.01
[2015.07.04-21.50.35:924][  0]LogInit: Build Configuration: Development
[2015.07.04-21.50.35:924][  0]LogInit: Branch Name: ++depot+UE4-Releases+4.8
[2015.07.04-21.50.35:924][  0]LogInit: Command line:  /Temp/Autosaves/Game/Levels/LevelOne/UEDPCMainMenu -game -PIEVIACONSOLE -ResX=1280 -ResY=720  -Multiprocess -featureleveles2 -faketouches 
[2015.07.04-21.50.35:924][  0]LogInit: Base directory: C:/Program Files/Epic Games/4.8/Engine/Binaries/Win64/
[2015.07.04-21.50.35:924][  0]LogInit: Rocket: 1
[2015.07.04-21.50.35:938][  0]LogInit: Using libcurl 7.41.0
[2015.07.04-21.50.35:938][  0]LogInit:  - built for x86_64-pc-win32
[2015.07.04-21.50.35:938][  0]LogInit:  - supports SSL with WinSSL
[2015.07.04-21.50.35:938][  0]LogInit:  - other features:
[2015.07.04-21.50.35:938][  0]LogInit:      CURL_VERSION_SSL
[2015.07.04-21.50.35:938][  0]LogInit:      CURL_VERSION_IPV6
[2015.07.04-21.50.35:938][  0]LogInit:      CURL_VERSION_ASYNCHDNS
[2015.07.04-21.50.35:938][  0]LogInit:      CURL_VERSION_LARGEFILE
[2015.07.04-21.50.35:938][  0]LogInit:      CURL_VERSION_IDN
[2015.07.04-21.50.35:938][  0]LogInit:  CurlRequestOptions (configurable via config and command line):
[2015.07.04-21.50.35:938][  0]LogInit:  - bVerifyPeer = true  - Libcurl will verify peer certificate
[2015.07.04-21.50.35:938][  0]LogInit:  - bUseHttpProxy = false  - Libcurl will NOT use HTTP proxy
[2015.07.04-21.50.35:938][  0]LogInit:  - bDontReuseConnections = false  - Libcurl will reuse connections
[2015.07.04-21.50.35:938][  0]LogInit:  - CertBundlePath = nullptr  - Libcurl will use whatever was configured at build time.
[2015.07.04-21.50.35:951][  0]LogOnline:Warning: No default platform service specified for OnlineSubsystem
[2015.07.04-21.50.35:966][  0]LogInit: Presizing for 0 objects not considered by GC, pre-allocating 0 bytes.
[2015.07.04-21.50.35:974][  0]LogInit: Object subsystem initialized
[2015.07.04-21.50.35:975][  0]LogConsoleResponse:Warning: Skipping Unknown console variable: 'TranslucentSortAxis = (X=0.000000,Y=-1.000000,Z=0.000000)'
[2015.07.04-21.50.35:975][  0]LogConsoleResponse:Warning:   Found in ini file 'C:/Users/George/Documents/GitHub/CastleAndroidGame/CastleGame/Saved/Config/Windows/Engine.ini', in section '[/Script/Engine.RendererSettings]'
[2015.07.04-21.50.35:975][  0]LogConsoleResponse:Warning: Skipping Unknown console variable: 'UIScaleRule = ShortestSide'
[2015.07.04-21.50.35:975][  0]LogConsoleResponse:Warning:   Found in ini file 'C:/Users/George/Documents/GitHub/CastleAndroidGame/CastleGame/Saved/Config/Windows/Engine.ini', in section '[/Script/Engine.RendererSettings]'
[2015.07.04-21.50.35:975][  0]LogConsoleResponse:Warning: Skipping Unknown console variable: 'UIScaleCurve = (EditorCurveData=(Keys=),ExternalCurve=None)'
[2015.07.04-21.50.35:975][  0]LogConsoleResponse:Warning:   Found in ini file 'C:/Users/George/Documents/GitHub/CastleAndroidGame/CastleGame/Saved/Config/Windows/Engine.ini', in section '[/Script/Engine.RendererSettings]'
[2015.07.04-21.50.35:975][  0]LogInit: Selected Device Profile: [Windows]
[2015.07.04-21.50.35:975][  0]LogInit: Applying CVar settings loaded from the selected device profile: [Windows]
[2015.07.04-21.50.35:978][  0]LogInit: Computer: JORJ
[2015.07.04-21.50.35:978][  0]LogInit: User: George
[2015.07.04-21.50.35:978][  0]LogInit: CPU Page size=4096, Cores=4
[2015.07.04-21.50.35:978][  0]LogInit: High frequency timer resolution =2.728055 MHz
[2015.07.04-21.50.35:978][  0]LogMemory: Memory total: Physical=15.8GB (16GB approx)
[2015.07.04-21.50.35:978][  0]LogMemory: Platform Memory Stats for Windows
[2015.07.04-21.50.35:978][  0]LogMemory: Process Physical Memory: 48.04 MB used, 48.04 MB peak
[2015.07.04-21.50.35:978][  0]LogMemory: Process Virtual Memory: 24.44 MB used, 24.44 MB peak
[2015.07.04-21.50.35:978][  0]LogMemory: Physical Memory: 4563.04 MB used, 16199.01 MB total
[2015.07.04-21.50.35:978][  0]LogMemory: Virtual Memory: 293.97 MB used, 134217728.00 MB total
[2015.07.04-21.50.36:012][  0]LogTextLocalizationManager: The requested culture ('en_AU') has no localization data; parent culture's ('en') localization data will be used.
[2015.07.04-21.50.36:218][  0]LogTextLocalizationManager:Warning: Loaded localization resources contain conflicting entries for (Namespace:ContentBrowser, Key:ImportAssetToolTip):
Localization Resource: (C:/Program Files/Epic Games/4.8/Engine/Content/Localization/Editor/en/Editor.locres) Source String Hash: (-630476809) Localized String: (Import to {0}...)
Localization Resource: (C:/Program Files/Epic Games/4.8/Engine/Content/Localization/Editor/en/Editor.locres) Source String Hash: (1271782899) Localized String: (Imports an asset from file to this folder.)
[2015.07.04-21.50.36:562][  0]LogD3D11RHI: Found D3D11 adapter 0: NVIDIA GeForce GTX 860M     (Feature Level 11_0)
[2015.07.04-21.50.36:562][  0]LogD3D11RHI: Adapter has 1972MB of dedicated video memory, 0MB of dedicated system memory, and 2048MB of shared system memory, 1 output[s]
[2015.07.04-21.50.36:567][  0]LogD3D11RHI: Found D3D11 adapter 1: Intel(R) HD Graphics 4600 (Feature Level 11_0)
[2015.07.04-21.50.36:567][  0]LogD3D11RHI: Adapter has 96MB of dedicated video memory, 0MB of dedicated system memory, and 1696MB of shared system memory, 0 output[s]
[2015.07.04-21.50.36:568][  0]LogD3D11RHI: Found D3D11 adapter 2: Microsoft Basic Render Driver (Feature Level 11_0)
[2015.07.04-21.50.36:568][  0]LogD3D11RHI: Adapter has 0MB of dedicated video memory, 0MB of dedicated system memory, and 256MB of shared system memory, 0 output[s]
[2015.07.04-21.50.36:568][  0]LogD3D11RHI: Chosen D3D11 Adapter Id = 0
[2015.07.04-21.50.36:571][  0]LogRHI: Texture pool is 1361 MB (70% of 1945 MB)
[2015.07.04-21.50.36:581][  0]LogD3D11RHI: Async texture creation enabled
[2015.07.04-21.50.36:597][  0]LogShaderCompilers:Display: Using Local Shader Compiler.
[2015.07.04-21.50.37:343][  0]LogTemp:Display: Loaded TP DesktopTargetPlatform
[2015.07.04-21.50.37:357][  0]LogTemp:Display: Loaded TP WindowsClientTargetPlatform
[2015.07.04-21.50.37:370][  0]LogTemp:Display: Loaded TP WindowsNoEditorTargetPlatform
[2015.07.04-21.50.37:384][  0]LogTemp:Display: Loaded TP WindowsServerTargetPlatform
[2015.07.04-21.50.37:398][  0]LogTemp:Display: Loaded TP WindowsTargetPlatform
[2015.07.04-21.50.37:409][  0]LogTemp:Display: Loaded TP AndroidTargetPlatform
[2015.07.04-21.50.37:420][  0]LogTemp:Display: Loaded TP Android_ASTCTargetPlatform
[2015.07.04-21.50.37:432][  0]LogTemp:Display: Loaded TP Android_ATCTargetPlatform
[2015.07.04-21.50.37:443][  0]LogTemp:Display: Loaded TP Android_DXTTargetPlatform
[2015.07.04-21.50.37:455][  0]LogTemp:Display: Loaded TP Android_ETC1TargetPlatform
[2015.07.04-21.50.37:467][  0]LogTemp:Display: Loaded TP Android_ETC2TargetPlatform
[2015.07.04-21.50.37:478][  0]LogTemp:Display: Loaded TP Android_PVRTCTargetPlatform
[2015.07.04-21.50.37:524][  0]LogTemp:Display: Loaded TP IOSTargetPlatform
[2015.07.04-21.50.37:537][  0]LogTemp:Display: Loaded TP LinuxNoEditorTargetPlatform
[2015.07.04-21.50.37:548][  0]LogTemp:Display: Loaded TP LinuxServerTargetPlatform
[2015.07.04-21.50.37:562][  0]LogTemp:Display: Loaded TP LinuxTargetPlatform
[2015.07.04-21.50.37:562][  0]LogTargetPlatformManager:Display: Building Assets For Windows
[2015.07.04-21.50.37:744][  0]LogDerivedDataCache:Display: Max Cache Size: 512 MB
[2015.07.04-21.50.37:791][  0]LogDerivedDataCache: Loaded boot cache 0.05s 53MB C:/Users/George/AppData/Local/UnrealEngine/4.8/DerivedDataCache/Boot.ddc.
[2015.07.04-21.50.37:791][  0]LogDerivedDataCache:Display: Loaded Boot cache: C:/Users/George/AppData/Local/UnrealEngine/4.8/DerivedDataCache/Boot.ddc
[2015.07.04-21.50.37:791][  0]LogDerivedDataCache: FDerivedDataBackendGraph:  Pak pak cache file ../../../../../../Users/George/Documents/GitHub/CastleAndroidGame/CastleGame/DerivedDataCache/DDC.ddp not found, will not use a pak cache.
[2015.07.04-21.50.37:791][  0]LogDerivedDataCache: Unable to find inner node Pak for hierarchical cache Hierarchy.
[2015.07.04-21.50.37:791][  0]LogDerivedDataCache: FDerivedDataBackendGraph:  CompressedPak pak cache file ../../../../../../Users/George/Documents/GitHub/CastleAndroidGame/CastleGame/DerivedDataCache/Compressed.ddp not found, will not use a pak cache.
[2015.07.04-21.50.37:791][  0]LogDerivedDataCache: Unable to find inner node CompressedPak for hierarchical cache Hierarchy.
[2015.07.04-21.50.37:940][  0]LogDerivedDataCache:Display: Pak cache opened for reading ../../../Engine/DerivedDataCache/Compressed.ddp.
[2015.07.04-21.50.37:952][  0]LogDerivedDataCache: Using Local data cache path C:/Users/George/AppData/Local/UnrealEngine/Common/DerivedDataCache: Writable
[2015.07.04-21.50.38:128][  0]LogInit: Selected Device Profile: [Windows]
[2015.07.04-21.50.38:181][  0]ImportText (ComponentSweepMultiTests): Missing closing parenthesis: (RootShapeAsset="/Engine/BasicShapes/Cube.Cube",ShapeType="TriggerCapsule",HitResult=(Time=0.50,Location=(X=-100.000015,Y=0.0,Z=100.000015),ImpactPoint=(X=-50.0,Y=0.0,Z=50.0),Normal=(X=-1.0,Y=-0.0,Z=0.0),ImpactNormal=(X=0.0,Y=0.0,Z=1.0),TraceStart=(X=-200.0,Y=0.0,Z=200.0),TraceEnd=(X=0.0,Y=0.0,Z=0.0))
[2015.07.04-21.50.38:182][  0]ImportText (LineTraceSingleByChannelTests): Missing closing parenthesis: (RootShapeAsset="/Engine/BasicShapes/Cube.Cube",HitResult=(Time=0.50,Location=(X=-100.000015,Y=0.0,Z=100.000015),ImpactPoint=(X=-50.0,Y=0.0,Z=50.0),Normal=(X=-1.0,Y=-0.0,Z=0.0),ImpactNormal=(X=0.0,Y=0.0,Z=1.0),TraceStart=(X=-200.0,Y=0.0,Z=200.0),TraceEnd=(X=0.0,Y=0.0,Z=0.0))
[2015.07.04-21.50.38:210][  0]LogMeshUtilities: No automatic mesh reduction module available
[2015.07.04-21.50.38:210][  0]LogMeshUtilities: No automatic mesh merging module available
[2015.07.04-21.50.38:517][  0]LogInit: WinSock: version 1.1 (2.2), MaxSocks=32767, MaxUdp=65467
[2015.07.04-21.50.38:903][  0]LogWindowsMoviePlayer: Unable to load movie: ../../../../../../Users/George/Documents/GitHub/CastleAndroidGame/CastleGame/Content/Movies/Default_Startup.mp4
[2015.07.04-21.50.39:039][  0]SourceControl: Info Source control is disabled
[2015.07.04-21.50.39:039][  0]SourceControl: Info Source control is disabled
[2015.07.04-21.50.39:048][  0]SourceControl: Info Source control is disabled
[2015.07.04-21.50.39:221][  0]LogObj: 25781 objects as part of root set at end of initial load.
[2015.07.04-21.50.39:221][  0]LogUObjectAllocator: 5195968 out of 0 bytes used by permanent object pool.
[2015.07.04-21.50.39:293][  0]LogAutomationTest:Warning: ERR: Transient text cannot be serialized "Testing Transient serialization detection".
[2015.07.04-21.50.39:293][  0]LogEngine: Initializing Engine...
[2015.07.04-21.50.39:295][  0]LogHMD: Can't find Oculus library dev build: is proper Runtime installed? Version: 0.6.0.0
[2015.07.04-21.50.39:300][  0]LogHMD:Warning: SteamVR failed to initialize.  Error: 108
[2015.07.04-21.50.39:322][  0]LogMaterial: Missing cached shader map for material LevelColorationUnlitMaterial, compiling. Is special engine material.
[2015.07.04-21.50.39:348][  0]LogMaterial: Missing cached shader map for material MAT_LevelColorationLitLightmapUV, compiling. Is special engine material.
[2015.07.04-21.50.39:349][  0]LogMaterial:Warning: Failed to compile Material /Engine/EngineDebugMaterials/MAT_LevelColorationLitLightmapUV.MAT_LevelColorationLitLightmapUV for platform PCD3D_ES2, Default Material will be used in game.
[2015.07.04-21.50.39:349][  0]LogMaterial:Warning: 	(Node LightmapUVs) Node not supported in feature level ES2
[2015.07.04-21.50.39:351][  0]LogMaterial: Missing cached shader map for material ShadedLevelColorationLitMaterial, compiling. Is special engine material.
[2015.07.04-21.50.39:474][  0]LogMaterial: Missing cached shader map for material ShadedLevelColorationUnlitMateri, compiling. Is special engine material.
[2015.07.04-21.50.39:486][  0]LogMaterial: Missing cached shader map for material VertexColorMaterial, compiling. 
[2015.07.04-21.50.39:498][  0]LogMaterial: Missing cached shader map for material VertexColorViewMode_ColorOnly, compiling. 
[2015.07.04-21.50.39:501][  0]LogMaterial: Missing cached shader map for material VertexColorViewMode_AlphaAsColor, compiling. 
[2015.07.04-21.50.39:504][  0]LogMaterial: Missing cached shader map for material VertexColorViewMode_RedOnly, compiling. 
[2015.07.04-21.50.39:508][  0]LogMaterial: Missing cached shader map for material VertexColorViewMode_GreenOnly, compiling. 
[2015.07.04-21.50.39:511][  0]LogMaterial: Missing cached shader map for material VertexColorViewMode_BlueOnly, compiling. 
[2015.07.04-21.50.39:515][  0]LogMaterial: Missing cached shader map for material RemoveSurfaceMaterial, compiling. 
[2015.07.04-21.50.39:518][  0]LogMaterial: Missing cached shader map for material DebugMeshMaterial, compiling. 
[2015.07.04-21.50.39:522][  0]LogMaterial: Missing cached shader map for material M_InvalidLightmapSettings, compiling. 
[2015.07.04-21.50.39:529][  0]LogMaterial: Missing cached shader map for material GizmoMaterial, compiling. 
[2015.07.04-21.50.39:543][  0]LogInit: XAudio2 using 'Speaker (VIA HD Audio(Win8.1))' : 2 channels at 48 kHz using 32 bits per sample (channel mask 0x3)
[2015.07.04-21.50.39:549][  0]LogInit: FAudioDevice initialized.
[2015.07.04-21.50.39:552][  0]LogInit: Texture streaming: Disabled
[2015.07.04-21.50.39:554][  0]LogMaterial: Missing cached shader map for material BaseColor, compiling. 
[2015.07.04-21.50.39:558][  0]LogMaterial: Missing cached shader map for material CustomDepth, compiling. 
[2015.07.04-21.50.39:562][  0]LogMaterial: Missing cached shader map for material DecalMask, compiling. 
[2015.07.04-21.50.39:565][  0]LogMaterial: Missing cached shader map for material FinalImage, compiling. 
[2015.07.04-21.50.39:569][  0]LogMaterial: Missing cached shader map for material LightingModel, compiling. 
[2015.07.04-21.50.39:573][  0]LogMaterial: Missing cached shader map for material MaterialAO, compiling. 
[2015.07.04-21.50.39:576][  0]LogMaterial: Missing cached shader map for material Metallic, compiling. 
[2015.07.04-21.50.39:579][  0]LogMaterial: Missing cached shader map for material Opacity, compiling. 
[2015.07.04-21.50.39:582][  0]LogMaterial: Missing cached shader map for material Roughness, compiling. 
[2015.07.04-21.50.39:585][  0]LogMaterial: Missing cached shader map for material SceneColor, compiling. 
[2015.07.04-21.50.39:589][  0]LogMaterial: Missing cached shader map for material SceneDepth, compiling. 
[2015.07.04-21.50.39:593][  0]LogMaterial: Missing cached shader map for material SeparateTranslucencyRGB, compiling. 
[2015.07.04-21.50.39:597][  0]LogMaterial: Missing cached shader map for material SeparateTranslucencyA, compiling. 
[2015.07.04-21.50.39:601][  0]LogMaterial: Missing cached shader map for material Specular, compiling. 
[2015.07.04-21.50.39:605][  0]LogMaterial: Missing cached shader map for material SubsurfaceColor, compiling. 
[2015.07.04-21.50.39:609][  0]LogMaterial: Missing cached shader map for material WorldNormal, compiling. 
[2015.07.04-21.50.39:614][  0]LogMaterial: Missing cached shader map for material AmbientOcclusion, compiling. 
[2015.07.04-21.50.39:619][  0]LogMaterial: Missing cached shader map for material CustomDepthWorldUnits, compiling. 
[2015.07.04-21.50.39:624][  0]LogMaterial: Missing cached shader map for material SceneDepthWorldUnits, compiling. 
[2015.07.04-21.50.39:734][  0]LogNet: Browse: /Temp/Autosaves/Game/Levels/LevelOne/UEDPCMainMenu?Name=Player
[2015.07.04-21.50.39:734][  0]LogLoad: LoadMap: /Temp/Autosaves/Game/Levels/LevelOne/UEDPCMainMenu?Name=Player
[2015.07.04-21.50.39:752][  0]LogParticles: Destroying 0 GPU particle simulations for FXSystem 0x000000DF55CE49A0
[2015.07.04-21.50.39:775][  0]LogMemory: Platform Memory Stats for Windows
[2015.07.04-21.50.39:775][  0]LogMemory: Process Physical Memory: 358.05 MB used, 358.06 MB peak
[2015.07.04-21.50.39:775][  0]LogMemory: Process Virtual Memory: 295.52 MB used, 298.39 MB peak
[2015.07.04-21.50.39:775][  0]LogMemory: Physical Memory: 4898.31 MB used, 16199.01 MB total
[2015.07.04-21.50.39:775][  0]LogMemory: Virtual Memory: 803.07 MB used, 134217728.00 MB total
[2015.07.04-21.50.39:775][  0]LogMemory: 
[2015.07.04-21.50.39:775][  0]Allocator Stats for TBB: (not implemented)
[2015.07.04-21.50.39:918][  0]LogAIModule: Creating AISystem for world MainMenu
[2015.07.04-21.50.39:918][  0]LogWorld: Game class is 'MainMenuMode_C'
[2015.07.04-21.50.39:921][  0]LogWorld: Bringing World /Temp/Autosaves/Game/Levels/LevelOne/UEDPCMainMenu.MainMenu up for play (max tick rate 0) at 2015.07.05-07.20.39
[2015.07.04-21.50.39:921][  0]LogWorld: Bringing up level for play took: 0.000834
[2015.07.04-21.50.39:927][  0]LogInit:Display: Game Engine Initialized.
[2015.07.04-21.50.40:191][  0]LogAssetRegistry: FAssetRegistry took 0.0003 seconds to start up
[2015.07.04-21.50.40:191][  0]LogLoad: Full Startup: 5.40 seconds (BP compile: 0.07 seconds)
[2015.07.04-21.50.40:208][  0]LogWindowsTextInputMethodSystem:Display: IME system now deactivated.
[2015.07.04-21.50.40:211][  0]LogContentStreaming: Texture pool size is 1000.000000MB
[2015.07.04-21.50.40:272][  1]LogRenderer: Reallocating scene render targets to support 1280x720 (Frame:2).
[2015.07.04-21.51.05:352][546]LogWindowsTextInputMethodSystem:Display: IME system now deactivated.
[2015.07.04-21.51.05:354][546]LogEngine: All Windows Closed
[2015.07.04-21.51.05:354][546]LogWindows: FPlatformMisc::RequestExit(0)
[2015.07.04-21.51.06:326][547]LogExit: Preparing to exit.
[2015.07.04-21.51.06:366][547]LogExit: Game engine shut down
[2015.07.04-21.51.06:366][547]LogParticles: Destroying 0 GPU particle simulations for FXSystem 0x000000DF55CE6200
[2015.07.04-21.51.06:477][547]LogExit: Object subsystem successfully closed.
[2015.07.04-21.51.06:529][547]LogModuleManager: Shutting down and abandoning module AndroidDeviceDetection (108)
[2015.07.04-21.51.07:231][547]LogModuleManager: Shutting down and abandoning module AssetRegistry (107)
[2015.07.04-21.51.07:231][547]LogModuleManager: Shutting down and abandoning module AutomationWorker (106)
[2015.07.04-21.51.07:231][547]LogModuleManager: Shutting down and abandoning module CharacterAI (105)
[2015.07.04-21.51.07:231][547]LogModuleManager: Shutting down and abandoning module AITestSuite (104)
[2015.07.04-21.51.07:231][547]LogModuleManager: Shutting down and abandoning module GameplayDebugger (103)
[2015.07.04-21.51.07:231][547]LogModuleManager: Shutting down and abandoning module AIModule (102)
[2015.07.04-21.51.07:231][547]LogModuleManager: Shutting down and abandoning module GameLiveStreaming (101)
[2015.07.04-21.51.07:231][547]LogModuleManager: Shutting down and abandoning module StreamingPauseRendering (100)
[2015.07.04-21.51.07:231][547]LogModuleManager: Shutting down and abandoning module ProfilerService (99)
[2015.07.04-21.51.07:269][547]LogModuleManager: Shutting down and abandoning module TaskGraph (98)
[2015.07.04-21.51.07:269][547]LogModuleManager: Shutting down and abandoning module SlateRemote (97)
[2015.07.04-21.51.07:269][547]LogModuleManager: Shutting down and abandoning module SteamVRController (96)
[2015.07.04-21.51.07:269][547]LogModuleManager: Shutting down and abandoning module SteamVR (95)
[2015.07.04-21.51.07:269][547]LogModuleManager: Shutting down and abandoning module ProceduralMeshComponent (94)
[2015.07.04-21.51.07:269][547]LogModuleManager: Shutting down and abandoning module OculusRift (93)
[2015.07.04-21.51.07:269][547]LogModuleManager: Shutting down and abandoning module LeapMotionController (92)
[2015.07.04-21.51.07:278][547]LogModuleManager: Shutting down and abandoning module CustomMeshComponent (91)
[2015.07.04-21.51.07:278][547]LogModuleManager: Shutting down and abandoning module CableComponent (90)
[2015.07.04-21.51.07:278][547]LogModuleManager: Shutting down and abandoning module DesktopPlatform (89)
[2015.07.04-21.51.07:278][547]LogModuleManager: Shutting down and abandoning module DirectoryWatcher (88)
[2015.07.04-21.51.07:278][547]LogModuleManager: Shutting down and abandoning module HotReload (87)
[2015.07.04-21.51.07:278][547]LogModuleManager: Shutting down and abandoning module VisualStudioSourceCodeAccess (86)
[2015.07.04-21.51.07:278][547]LogModuleManager: Shutting down and abandoning module UObjectPlugin (85)
[2015.07.04-21.51.07:278][547]LogModuleManager: Shutting down and abandoning module SubversionSourceControl (84)
[2015.07.04-21.51.07:278][547]LogModuleManager: Shutting down and abandoning module SourceControl (83)
[2015.07.04-21.51.07:278][547]LogModuleManager: Shutting down and abandoning module PerforceSourceControl (82)
[2015.07.04-21.51.07:278][547]LogModuleManager: Shutting down and abandoning module BlankPlugin (81)
[2015.07.04-21.51.07:278][547]LogModuleManager: Shutting down and abandoning module UdpMessaging (80)
[2015.07.04-21.51.07:278][547]LogModuleManager: Shutting down and abandoning module Paper2D (79)
[2015.07.04-21.51.07:278][547]LogModuleManager: Shutting down and abandoning module WindowsMoviePlayer (78)
[2015.07.04-21.51.07:279][547]LogModuleManager: Shutting down and abandoning module Media (77)
[2015.07.04-21.51.07:279][547]LogModuleManager: Shutting down and abandoning module WmfMedia (76)
[2015.07.04-21.51.07:279][547]LogModuleManager: Shutting down and abandoning module OnlineBlueprintSupport (75)
[2015.07.04-21.51.07:279][547]LogModuleManager: Shutting down and abandoning module PropertyEditor (74)
[2015.07.04-21.51.07:279][547]LogModuleManager: Shutting down and abandoning module BehaviorTreeEditor (73)
[2015.07.04-21.51.07:279][547]LogModuleManager: Shutting down and abandoning module FunctionalTesting (72)
[2015.07.04-21.51.07:279][547]LogModuleManager: Shutting down and abandoning module CollisionAnalyzer (71)
[2015.07.04-21.51.07:279][547]LogModuleManager: Shutting down and abandoning module WorkspaceMenuStructure (70)
[2015.07.04-21.51.07:279][547]LogModuleManager: Shutting down and abandoning module MessageLog (69)
[2015.07.04-21.51.07:279][547]LogModuleManager: Shutting down and abandoning module Sequencer (68)
[2015.07.04-21.51.07:279][547]LogModuleManager: Shutting down and abandoning module AssetTools (67)
[2015.07.04-21.51.07:279][547]LogModuleManager: Shutting down and abandoning module UMGEditor (66)
[2015.07.04-21.51.07:279][547]LogModuleManager: Shutting down and abandoning module UMG (65)
[2015.07.04-21.51.07:279][547]LogModuleManager: Shutting down and abandoning module Slate (64)
[2015.07.04-21.51.07:280][547]LogModuleManager: Shutting down and abandoning module EditorStyle (63)
[2015.07.04-21.51.07:281][547]LogModuleManager: Shutting down and abandoning module SessionServices (62)
[2015.07.04-21.51.07:281][547]LogModuleManager: Shutting down and abandoning module SourceCodeAccess (61)
[2015.07.04-21.51.07:281][547]LogModuleManager: Shutting down and abandoning module HeadMountedDisplay (60)
[2015.07.04-21.51.07:281][547]LogModuleManager: Shutting down and abandoning module XAudio2 (59)
[2015.07.04-21.51.07:281][547]LogModuleManager: Shutting down and abandoning module Networking (57)
[2015.07.04-21.51.07:281][547]LogModuleManager: Shutting down and abandoning module Core (56)
[2015.07.04-21.51.07:281][547]LogModuleManager: Shutting down and abandoning module KismetCompiler (55)
[2015.07.04-21.51.07:281][547]LogModuleManager: Shutting down and abandoning module PhysXFormats (54)
[2015.07.04-21.51.07:281][547]LogModuleManager: Shutting down and abandoning module MeshUtilities (53)
[2015.07.04-21.51.07:281][547]LogModuleManager: Shutting down and abandoning module DerivedDataCache (52)
[2015.07.04-21.51.07:463][547]LogDerivedDataCache: Shutdown
[2015.07.04-21.51.07:463][547]LogModuleManager: Shutting down and abandoning module ShaderFormatOpenGL (51)
[2015.07.04-21.51.07:463][547]LogModuleManager: Shutting down and abandoning module ShaderFormatD3D (50)
[2015.07.04-21.51.07:463][547]LogModuleManager: Shutting down and abandoning module MetalShaderFormat (49)
[2015.07.04-21.51.07:463][547]LogModuleManager: Shutting down and abandoning module TextureFormatUncompressed (48)
[2015.07.04-21.51.07:463][547]LogModuleManager: Shutting down and abandoning module TextureFormatPVR (47)
[2015.07.04-21.51.07:463][547]LogModuleManager: Shutting down and abandoning module TextureFormatIntelISPCTexComp (46)
[2015.07.04-21.51.07:463][547]LogModuleManager: Shutting down and abandoning module TextureFormatDXT (45)
[2015.07.04-21.51.07:463][547]LogModuleManager: Shutting down and abandoning module ImageWrapper (44)
[2015.07.04-21.51.07:463][547]LogModuleManager: Shutting down and abandoning module TextureFormatASTC (43)
[2015.07.04-21.51.07:463][547]LogModuleManager: Shutting down and abandoning module TextureFormatAndroid (42)
[2015.07.04-21.51.07:463][547]LogModuleManager: Shutting down and abandoning module AudioFormatOpus (41)
[2015.07.04-21.51.07:463][547]LogModuleManager: Shutting down and abandoning module AudioFormatOgg (40)
[2015.07.04-21.51.07:463][547]LogModuleManager: Shutting down and abandoning module AudioFormatADPCM (39)
[2015.07.04-21.51.07:463][547]LogModuleManager: Shutting down and abandoning module LinuxTargetPlatform (38)
[2015.07.04-21.51.07:463][547]LogModuleManager: Shutting down and abandoning module LinuxServerTargetPlatform (37)
[2015.07.04-21.51.07:463][547]LogModuleManager: Shutting down and abandoning module LinuxNoEditorTargetPlatform (36)
[2015.07.04-21.51.07:463][547]LogModuleManager: Shutting down and abandoning module Messaging (35)
[2015.07.04-21.51.07:463][547]LogModuleManager: Shutting down and abandoning module IOSTargetPlatform (34)
[2015.07.04-21.51.07:463][547]LogModuleManager: Shutting down and abandoning module HTML5TargetPlatform (33)
[2015.07.04-21.51.07:463][547]LogModuleManager: Shutting down and abandoning module Android_PVRTCTargetPlatform (32)
[2015.07.04-21.51.07:463][547]LogModuleManager: Shutting down and abandoning module Android_ETC2TargetPlatform (31)
[2015.07.04-21.51.07:463][547]LogModuleManager: Shutting down and abandoning module Android_ETC1TargetPlatform (30)
[2015.07.04-21.51.07:463][547]LogModuleManager: Shutting down and abandoning module Android_DXTTargetPlatform (29)
[2015.07.04-21.51.07:463][547]LogModuleManager: Shutting down and abandoning module Android_ATCTargetPlatform (28)
[2015.07.04-21.51.07:463][547]LogModuleManager: Shutting down and abandoning module Android_ASTCTargetPlatform (27)
[2015.07.04-21.51.07:463][547]LogModuleManager: Shutting down and abandoning module AndroidTargetPlatform (26)
[2015.07.04-21.51.07:463][547]LogModuleManager: Shutting down and abandoning module WindowsTargetPlatform (25)
[2015.07.04-21.51.07:463][547]LogModuleManager: Shutting down and abandoning module WindowsServerTargetPlatform (24)
[2015.07.04-21.51.07:463][547]LogModuleManager: Shutting down and abandoning module WindowsNoEditorTargetPlatform (23)
[2015.07.04-21.51.07:463][547]LogModuleManager: Shutting down and abandoning module WindowsClientTargetPlatform (22)
[2015.07.04-21.51.07:463][547]LogModuleManager: Shutting down and abandoning module DesktopTargetPlatform (21)
[2015.07.04-21.51.07:463][547]LogModuleManager: Shutting down and abandoning module TargetPlatform (20)
[2015.07.04-21.51.07:463][547]LogModuleManager: Shutting down and abandoning module InputCore (19)
[2015.07.04-21.51.07:463][547]LogModuleManager: Shutting down and abandoning module Settings (18)
[2015.07.04-21.51.07:463][547]LogModuleManager: Shutting down and abandoning module OnlineSubsystem (16)
[2015.07.04-21.51.07:463][547]LogModuleManager: Shutting down and abandoning module HTTP (15)
[2015.07.04-21.51.07:463][547]LogModuleManager: Shutting down and abandoning module ExampleDeviceProfileSelector (14)
[2015.07.04-21.51.07:463][547]LogModuleManager: Shutting down and abandoning module TextureCompressor (13)
[2015.07.04-21.51.07:463][547]LogModuleManager: Shutting down and abandoning module ShaderCore (12)
[2015.07.04-21.51.07:463][547]LogModuleManager: Shutting down and abandoning module Landscape (11)
[2015.07.04-21.51.07:463][547]LogModuleManager: Shutting down and abandoning module SlateRHIRenderer (10)
[2015.07.04-21.51.07:464][547]LogModuleManager: Shutting down and abandoning module OpenGLDrv (9)
[2015.07.04-21.51.07:464][547]LogModuleManager: Shutting down and abandoning module D3D11RHI (8)
[2015.07.04-21.51.07:464][547]LogModuleManager: Shutting down and abandoning module Renderer (7)
[2015.07.04-21.51.07:464][547]LogModuleManager: Shutting down and abandoning module Engine (6)
[2015.07.04-21.51.07:464][547]LogModuleManager: Shutting down and abandoning module CoreUObject (5)
[2015.07.04-21.51.07:464][547]LogModuleManager: Shutting down and abandoning module NetworkFile (4)
[2015.07.04-21.51.07:464][547]LogModuleManager: Shutting down and abandoning module StreamingFile (3)
[2015.07.04-21.51.07:464][547]LogModuleManager: Shutting down and abandoning module SandboxFile (2)
[2015.07.04-21.51.07:464][547]LogModuleManager: Shutting down and abandoning module PakFile (1)
[2015.07.04-21.51.07:464][547]LogExit: Exiting.
[2015.07.04-21.51.07:466][547]Log file closed, 07/05/15 07:21:07
