[2015.07.03-11.21.54:557][  0]Log file open, 07/03/15 20:51:54
[2015.07.03-11.21.54:557][  0]LogInit:Display: Running engine for game: CastleGame
[2015.07.03-11.21.54:557][  0]LogInit:Display: RandInit(1522022619) SRandInit(1522022620).
[2015.07.03-11.21.54:557][  0]LogTaskGraph: Started task graph with 4 named threads and 7 total threads.
[2015.07.03-11.21.54:557][  0]LogStats: Stats thread started
[2015.07.03-11.21.54:557][  0]LogInit: Version: 4.8.1-2591939+++depot+UE4-Releases+4.8
[2015.07.03-11.21.54:557][  0]LogInit: API Version: 2579680
[2015.07.03-11.21.54:557][  0]LogInit: Compiled (64-bit): Jun 18 2015 11:02:04
[2015.07.03-11.21.54:557][  0]LogInit: Compiled with Visual C++: 18.00.21005.01
[2015.07.03-11.21.54:557][  0]LogInit: Build Configuration: Development
[2015.07.03-11.21.54:557][  0]LogInit: Branch Name: ++depot+UE4-Releases+4.8
[2015.07.03-11.21.54:557][  0]LogInit: Command line: 
[2015.07.03-11.21.54:557][  0]LogInit: Base directory: C:/Program Files/Epic Games/4.8/Engine/Binaries/Win64/
[2015.07.03-11.21.54:557][  0]LogInit: Rocket: 1
[2015.07.03-11.21.54:578][  0]LogInit: Using libcurl 7.41.0
[2015.07.03-11.21.54:578][  0]LogInit:  - built for x86_64-pc-win32
[2015.07.03-11.21.54:578][  0]LogInit:  - supports SSL with WinSSL
[2015.07.03-11.21.54:578][  0]LogInit:  - other features:
[2015.07.03-11.21.54:578][  0]LogInit:      CURL_VERSION_SSL
[2015.07.03-11.21.54:578][  0]LogInit:      CURL_VERSION_IPV6
[2015.07.03-11.21.54:578][  0]LogInit:      CURL_VERSION_ASYNCHDNS
[2015.07.03-11.21.54:578][  0]LogInit:      CURL_VERSION_LARGEFILE
[2015.07.03-11.21.54:578][  0]LogInit:      CURL_VERSION_IDN
[2015.07.03-11.21.54:578][  0]LogInit:  CurlRequestOptions (configurable via config and command line):
[2015.07.03-11.21.54:578][  0]LogInit:  - bVerifyPeer = true  - Libcurl will verify peer certificate
[2015.07.03-11.21.54:578][  0]LogInit:  - bUseHttpProxy = false  - Libcurl will NOT use HTTP proxy
[2015.07.03-11.21.54:578][  0]LogInit:  - bDontReuseConnections = false  - Libcurl will reuse connections
[2015.07.03-11.21.54:578][  0]LogInit:  - CertBundlePath = nullptr  - Libcurl will use whatever was configured at build time.
[2015.07.03-11.21.54:598][  0]LogOnline:Warning: No default platform service specified for OnlineSubsystem
[2015.07.03-11.21.54:620][  0]LogInit: Presizing for 0 objects not considered by GC, pre-allocating 0 bytes.
[2015.07.03-11.21.54:632][  0]LogInit: Object subsystem initialized
[2015.07.03-11.21.54:633][  0]LogConsoleResponse:Warning: Skipping Unknown console variable: 'TranslucentSortAxis = (X=0.000000,Y=-1.000000,Z=0.000000)'
[2015.07.03-11.21.54:633][  0]LogConsoleResponse:Warning:   Found in ini file 'C:/Users/George/Documents/GitHub/CastleAndroidGame/CastleGame/Saved/Config/Windows/Engine.ini', in section '[/Script/Engine.RendererSettings]'
[2015.07.03-11.21.54:634][  0]LogConsoleResponse:Warning: Skipping Unknown console variable: 'UIScaleRule = ShortestSide'
[2015.07.03-11.21.54:634][  0]LogConsoleResponse:Warning:   Found in ini file 'C:/Users/George/Documents/GitHub/CastleAndroidGame/CastleGame/Saved/Config/Windows/Engine.ini', in section '[/Script/Engine.RendererSettings]'
[2015.07.03-11.21.54:634][  0]LogConsoleResponse:Warning: Skipping Unknown console variable: 'UIScaleCurve = (EditorCurveData=(Keys=),ExternalCurve=None)'
[2015.07.03-11.21.54:634][  0]LogConsoleResponse:Warning:   Found in ini file 'C:/Users/George/Documents/GitHub/CastleAndroidGame/CastleGame/Saved/Config/Windows/Engine.ini', in section '[/Script/Engine.RendererSettings]'
[2015.07.03-11.21.54:634][  0]LogInit: Selected Device Profile: [Windows]
[2015.07.03-11.21.54:634][  0]LogInit: Applying CVar settings loaded from the selected device profile: [Windows]
[2015.07.03-11.21.54:648][  0]LogInit: Computer: JORJ
[2015.07.03-11.21.54:648][  0]LogInit: User: George
[2015.07.03-11.21.54:648][  0]LogInit: CPU Page size=4096, Cores=4
[2015.07.03-11.21.54:648][  0]LogInit: High frequency timer resolution =2.728055 MHz
[2015.07.03-11.21.54:648][  0]LogMemory: Memory total: Physical=15.8GB (16GB approx)
[2015.07.03-11.21.54:648][  0]LogMemory: Platform Memory Stats for Windows
[2015.07.03-11.21.54:648][  0]LogMemory: Process Physical Memory: 48.04 MB used, 48.04 MB peak
[2015.07.03-11.21.54:648][  0]LogMemory: Process Virtual Memory: 24.38 MB used, 24.38 MB peak
[2015.07.03-11.21.54:648][  0]LogMemory: Physical Memory: 4246.71 MB used, 16199.01 MB total
[2015.07.03-11.21.54:648][  0]LogMemory: Virtual Memory: 293.97 MB used, 134217728.00 MB total
[2015.07.03-11.21.54:694][  0]LogTextLocalizationManager: The requested culture ('en_AU') has no localization data; parent culture's ('en') localization data will be used.
[2015.07.03-11.21.55:045][  0]LogTextLocalizationManager:Warning: Loaded localization resources contain conflicting entries for (Namespace:ContentBrowser, Key:ImportAssetToolTip):
Localization Resource: (C:/Program Files/Epic Games/4.8/Engine/Content/Localization/Editor/en/Editor.locres) Source String Hash: (-630476809) Localized String: (Import to {0}...)
Localization Resource: (C:/Program Files/Epic Games/4.8/Engine/Content/Localization/Editor/en/Editor.locres) Source String Hash: (1271782899) Localized String: (Imports an asset from file to this folder.)
[2015.07.03-11.21.55:602][  0]LogD3D11RHI: Found D3D11 adapter 0: NVIDIA GeForce GTX 860M     (Feature Level 11_0)
[2015.07.03-11.21.55:602][  0]LogD3D11RHI: Adapter has 1972MB of dedicated video memory, 0MB of dedicated system memory, and 2048MB of shared system memory, 1 output[s]
[2015.07.03-11.21.55:612][  0]LogD3D11RHI: Found D3D11 adapter 1: Intel(R) HD Graphics 4600 (Feature Level 11_0)
[2015.07.03-11.21.55:612][  0]LogD3D11RHI: Adapter has 96MB of dedicated video memory, 0MB of dedicated system memory, and 1696MB of shared system memory, 0 output[s]
[2015.07.03-11.21.55:613][  0]LogD3D11RHI: Found D3D11 adapter 2: Microsoft Basic Render Driver (Feature Level 11_0)
[2015.07.03-11.21.55:614][  0]LogD3D11RHI: Adapter has 0MB of dedicated video memory, 0MB of dedicated system memory, and 256MB of shared system memory, 0 output[s]
[2015.07.03-11.21.55:614][  0]LogD3D11RHI: Chosen D3D11 Adapter Id = 0
[2015.07.03-11.21.55:620][  0]LogRHI: Texture pool is 1361 MB (70% of 1945 MB)
[2015.07.03-11.21.55:635][  0]LogD3D11RHI: Async texture creation enabled
[2015.07.03-11.21.55:658][  0]LogShaderCompilers:Display: Using Local Shader Compiler.
[2015.07.03-11.21.57:257][  0]LogTemp:Display: Loaded TP DesktopTargetPlatform
[2015.07.03-11.21.57:282][  0]LogTemp:Display: Loaded TP WindowsClientTargetPlatform
[2015.07.03-11.21.57:306][  0]LogTemp:Display: Loaded TP WindowsNoEditorTargetPlatform
[2015.07.03-11.21.57:330][  0]LogTemp:Display: Loaded TP WindowsServerTargetPlatform
[2015.07.03-11.21.57:355][  0]LogTemp:Display: Loaded TP WindowsTargetPlatform
[2015.07.03-11.21.57:377][  0]LogTemp:Display: Loaded TP AndroidTargetPlatform
[2015.07.03-11.21.57:398][  0]LogTemp:Display: Loaded TP Android_ASTCTargetPlatform
[2015.07.03-11.21.57:420][  0]LogTemp:Display: Loaded TP Android_ATCTargetPlatform
[2015.07.03-11.21.57:446][  0]LogTemp:Display: Loaded TP Android_DXTTargetPlatform
[2015.07.03-11.21.57:474][  0]LogTemp:Display: Loaded TP Android_ETC1TargetPlatform
[2015.07.03-11.21.57:501][  0]LogTemp:Display: Loaded TP Android_ETC2TargetPlatform
[2015.07.03-11.21.57:528][  0]LogTemp:Display: Loaded TP Android_PVRTCTargetPlatform
[2015.07.03-11.21.57:601][  0]LogTemp:Display: Loaded TP IOSTargetPlatform
[2015.07.03-11.21.57:621][  0]LogTemp:Display: Loaded TP LinuxNoEditorTargetPlatform
[2015.07.03-11.21.57:641][  0]LogTemp:Display: Loaded TP LinuxServerTargetPlatform
[2015.07.03-11.21.57:664][  0]LogTemp:Display: Loaded TP LinuxTargetPlatform
[2015.07.03-11.21.57:664][  0]LogTargetPlatformManager:Display: Building Assets For Windows
[2015.07.03-11.21.58:006][  0]LogDerivedDataCache:Display: Max Cache Size: 512 MB
[2015.07.03-11.21.58:090][  0]LogDerivedDataCache: Loaded boot cache 0.08s 55MB C:/Users/George/AppData/Local/UnrealEngine/4.8/DerivedDataCache/Boot.ddc.
[2015.07.03-11.21.58:090][  0]LogDerivedDataCache:Display: Loaded Boot cache: C:/Users/George/AppData/Local/UnrealEngine/4.8/DerivedDataCache/Boot.ddc
[2015.07.03-11.21.58:090][  0]LogDerivedDataCache: FDerivedDataBackendGraph:  Pak pak cache file ../../../../../../Users/George/Documents/GitHub/CastleAndroidGame/CastleGame/DerivedDataCache/DDC.ddp not found, will not use a pak cache.
[2015.07.03-11.21.58:090][  0]LogDerivedDataCache: Unable to find inner node Pak for hierarchical cache Hierarchy.
[2015.07.03-11.21.58:090][  0]LogDerivedDataCache: FDerivedDataBackendGraph:  CompressedPak pak cache file ../../../../../../Users/George/Documents/GitHub/CastleAndroidGame/CastleGame/DerivedDataCache/Compressed.ddp not found, will not use a pak cache.
[2015.07.03-11.21.58:090][  0]LogDerivedDataCache: Unable to find inner node CompressedPak for hierarchical cache Hierarchy.
[2015.07.03-11.21.58:380][  0]LogDerivedDataCache:Display: Pak cache opened for reading ../../../Engine/DerivedDataCache/Compressed.ddp.
[2015.07.03-11.21.58:392][  0]LogDerivedDataCache: Using Local data cache path C:/Users/George/AppData/Local/UnrealEngine/Common/DerivedDataCache: Writable
[2015.07.03-11.21.58:731][  0]LogInit: Selected Device Profile: [Windows]
[2015.07.03-11.21.58:883][  0]ImportText (ComponentSweepMultiTests): Missing closing parenthesis: (RootShapeAsset="/Engine/BasicShapes/Cube.Cube",ShapeType="TriggerCapsule",HitResult=(Time=0.50,Location=(X=-100.000015,Y=0.0,Z=100.000015),ImpactPoint=(X=-50.0,Y=0.0,Z=50.0),Normal=(X=-1.0,Y=-0.0,Z=0.0),ImpactNormal=(X=0.0,Y=0.0,Z=1.0),TraceStart=(X=-200.0,Y=0.0,Z=200.0),TraceEnd=(X=0.0,Y=0.0,Z=0.0))
[2015.07.03-11.21.58:884][  0]ImportText (LineTraceSingleByChannelTests): Missing closing parenthesis: (RootShapeAsset="/Engine/BasicShapes/Cube.Cube",HitResult=(Time=0.50,Location=(X=-100.000015,Y=0.0,Z=100.000015),ImpactPoint=(X=-50.0,Y=0.0,Z=50.0),Normal=(X=-1.0,Y=-0.0,Z=0.0),ImpactNormal=(X=0.0,Y=0.0,Z=1.0),TraceStart=(X=-200.0,Y=0.0,Z=200.0),TraceEnd=(X=0.0,Y=0.0,Z=0.0))
[2015.07.03-11.21.58:931][  0]LogMeshUtilities: No automatic mesh reduction module available
[2015.07.03-11.21.58:931][  0]LogMeshUtilities: No automatic mesh merging module available
[2015.07.03-11.21.59:561][  0]LogInit: WinSock: version 1.1 (2.2), MaxSocks=32767, MaxUdp=65467
[2015.07.03-11.22.01:117][  0]UdpMessaging: Initializing bridge on interface 0.0.0.0:0 to multicast group 230.0.0.1:6666.
[2015.07.03-11.22.01:651][  0]SourceControl: Info Source control is disabled
[2015.07.03-11.22.01:664][  0]SourceControl: Info Source control is disabled
[2015.07.03-11.22.01:681][  0]SourceControl: Info Source control is disabled
[2015.07.03-11.22.01:697][  0]SourceControl: Info Source control is disabled
[2015.07.03-11.22.02:049][  0]LogObj: 26273 objects as part of root set at end of initial load.
[2015.07.03-11.22.02:049][  0]LogUObjectAllocator: 5409248 out of 0 bytes used by permanent object pool.
[2015.07.03-11.22.02:161][  0]LogEngine: Initializing Engine...
[2015.07.03-11.22.02:165][  0]LogHMD: Can't find Oculus library dev build: is proper Runtime installed? Version: 0.6.0.0
[2015.07.03-11.22.02:173][  0]LogHMD:Warning: SteamVR failed to initialize.  Error: 108
[2015.07.03-11.22.02:427][  0]LogAIModule: Creating AISystem for world NewWorld
[2015.07.03-11.22.02:434][  0]LogInit: XAudio2 using 'Speaker (VIA HD Audio(Win8.1))' : 2 channels at 48 kHz using 32 bits per sample (channel mask 0x3)
[2015.07.03-11.22.02:461][  0]LogInit: FAudioDevice initialized.
[2015.07.03-11.22.02:498][  0]LogDerivedDataCache: Saved boot cache 0.04s 53MB C:/Users/George/AppData/Local/UnrealEngine/4.8/DerivedDataCache/Boot.ddc.
[2015.07.03-11.22.02:506][  0]LogInit: Texture streaming: Disabled
[2015.07.03-11.22.02:546][  0]LogAnalytics: Creating configured Analytics provider AnalyticsET
[2015.07.03-11.22.02:547][  0]LogAnalytics: [UEEditor.Rocket.Release] APIServer = http://et2.epicgames.com/ET2/. AppVersion = 4.8.1-2591939+++depot+UE4-Releases+4.8
[2015.07.03-11.22.02:547][  0]LogAnalytics: [UEEditor.Rocket.Release] SetUserId c51ee06b40dc2ae701026b805198b