[2015.07.04-22.01.02:827][  0]Log file open, 07/05/15 07:31:02
[2015.07.04-22.01.02:827][  0]LogInit:Display: Running engine for game: CastleGame
[2015.07.04-22.01.02:827][  0]LogInit:Display: RandInit(-1789427674) SRandInit(-1789427673).
[2015.07.04-22.01.02:827][  0]LogTaskGraph: Started task graph with 4 named threads and 7 total threads.
[2015.07.04-22.01.02:827][  0]LogStats: Stats thread started
[2015.07.04-22.01.02:827][  0]LogInit: Version: 4.8.1-2591939+++depot+UE4-Releases+4.8
[2015.07.04-22.01.02:827][  0]LogInit: API Version: 2579680
[2015.07.04-22.01.02:827][  0]LogInit: Compiled (64-bit): Jun 18 2015 11:02:04
[2015.07.04-22.01.02:827][  0]LogInit: Compiled with Visual C++: 18.00.21005.01
[2015.07.04-22.01.02:827][  0]LogInit: Build Configuration: Development
[2015.07.04-22.01.02:827][  0]LogInit: Branch Name: ++depot+UE4-Releases+4.8
[2015.07.04-22.01.02:827][  0]LogInit: Command line:  /Temp/Autosaves/Game/Levels/LevelOne/UEDPCLevelOne -game -PIEVIACONSOLE -ResX=1280 -ResY=720  -Multiprocess -featureleveles2 -faketouches 
[2015.07.04-22.01.02:827][  0]LogInit: Base directory: C:/Program Files/Epic Games/4.8/Engine/Binaries/Win64/
[2015.07.04-22.01.02:827][  0]LogInit: Rocket: 1
[2015.07.04-22.01.02:843][  0]LogInit: Using libcurl 7.41.0
[2015.07.04-22.01.02:843][  0]LogInit:  - built for x86_64-pc-win32
[2015.07.04-22.01.02:843][  0]LogInit:  - supports SSL with WinSSL
[2015.07.04-22.01.02:843][  0]LogInit:  - other features:
[2015.07.04-22.01.02:843][  0]LogInit:      CURL_VERSION_SSL
[2015.07.04-22.01.02:843][  0]LogInit:      CURL_VERSION_IPV6
[2015.07.04-22.01.02:843][  0]LogInit:      CURL_VERSION_ASYNCHDNS
[2015.07.04-22.01.02:843][  0]LogInit:      CURL_VERSION_LARGEFILE
[2015.07.04-22.01.02:843][  0]LogInit:      CURL_VERSION_IDN
[2015.07.04-22.01.02:843][  0]LogInit:  CurlRequestOptions (configurable via config and command line):
[2015.07.04-22.01.02:843][  0]LogInit:  - bVerifyPeer = true  - Libcurl will verify peer certificate
[2015.07.04-22.01.02:843][  0]LogInit:  - bUseHttpProxy = false  - Libcurl will NOT use HTTP proxy
[2015.07.04-22.01.02:843][  0]LogInit:  - bDontReuseConnections = false  - Libcurl will reuse connections
[2015.07.04-22.01.02:843][  0]LogInit:  - CertBundlePath = nullptr  - Libcurl will use whatever was configured at build time.
[2015.07.04-22.01.02:855][  0]LogOnline:Warning: No default platform service specified for OnlineSubsystem
[2015.07.04-22.01.02:870][  0]LogInit: Presizing for 0 objects not considered by GC, pre-allocating 0 bytes.
[2015.07.04-22.01.02:877][  0]LogInit: Object subsystem initialized
[2015.07.04-22.01.02:878][  0]LogConsoleResponse:Warning: Skipping Unknown console variable: 'TranslucentSortAxis = (X=0.000000,Y=-1.000000,Z=0.000000)'
[2015.07.04-22.01.02:878][  0]LogConsoleResponse:Warning:   Found in ini file 'C:/Users/George/Documents/GitHub/CastleAndroidGame/CastleGame/Saved/Config/Windows/Engine.ini', in section '[/Script/Engine.RendererSettings]'
[2015.07.04-22.01.02:879][  0]LogConsoleResponse:Warning: Skipping Unknown console variable: 'UIScaleRule = ShortestSide'
[2015.07.04-22.01.02:879][  0]LogConsoleResponse:Warning:   Found in ini file 'C:/Users/George/Documents/GitHub/CastleAndroidGame/CastleGame/Saved/Config/Windows/Engine.ini', in section '[/Script/Engine.RendererSettings]'
[2015.07.04-22.01.02:879][  0]LogConsoleResponse:Warning: Skipping Unknown console variable: 'UIScaleCurve = (EditorCurveData=(Keys=),ExternalCurve=None)'
[2015.07.04-22.01.02:879][  0]LogConsoleResponse:Warning:   Found in ini file 'C:/Users/George/Documents/GitHub/CastleAndroidGame/CastleGame/Saved/Config/Windows/Engine.ini', in section '[/Script/Engine.RendererSettings]'
[2015.07.04-22.01.02:879][  0]LogInit: Selected Device Profile: [Windows]
[2015.07.04-22.01.02:879][  0]LogInit: Applying CVar settings loaded from the selected device profile: [Windows]
[2015.07.04-22.01.02:882][  0]LogInit: Computer: JORJ
[2015.07.04-22.01.02:882][  0]LogInit: User: George
[2015.07.04-22.01.02:882][  0]LogInit: CPU Page size=4096, Cores=4
[2015.07.04-22.01.02:882][  0]LogInit: High frequency timer resolution =2.728055 MHz
[2015.07.04-22.01.02:882][  0]LogMemory: Memory total: Physical=15.8GB (16GB approx)
[2015.07.04-22.01.02:882][  0]LogMemory: Platform Memory Stats for Windows
[2015.07.04-22.01.02:882][  0]LogMemory: Process Physical Memory: 48.02 MB used, 48.02 MB peak
[2015.07.04-22.01.02:882][  0]LogMemory: Process Virtual Memory: 24.43 MB used, 24.43 MB peak
[2015.07.04-22.01.02:882][  0]LogMemory: Physical Memory: 4365.87 MB used, 16199.01 MB total
[2015.07.04-22.01.02:882][  0]LogMemory: Virtual Memory: 293.97 MB used, 134217728.00 MB total
[2015.07.04-22.01.02:915][  0]LogTextLocalizationManager: The requested culture ('en_AU') has no localization data; parent culture's ('en') localization data will be used.
[2015.07.04-22.01.03:144][  0]LogTextLocalizationManager:Warning: Loaded localization resources contain conflicting entries for (Namespace:ContentBrowser, Key:ImportAssetToolTip):
Localization Resource: (C:/Program Files/Epic Games/4.8/Engine/Content/Localization/Editor/en/Editor.locres) Source String Hash: (-630476809) Localized String: (Import to {0}...)
Localization Resource: (C:/Program Files/Epic Games/4.8/Engine/Content/Localization/Editor/en/Editor.locres) Source String Hash: (1271782899) Localized String: (Imports an asset from file to this folder.)
[2015.07.04-22.01.03:506][  0]LogD3D11RHI: Found D3D11 adapter 0: NVIDIA GeForce GTX 860M     (Feature Level 11_0)
[2015.07.04-22.01.03:506][  0]LogD3D11RHI: Adapter has 1972MB of dedicated video memory, 0MB of dedicated system memory, and 2048MB of shared system memory, 1 output[s]
[2015.07.04-22.01.03:511][  0]LogD3D11RHI: Found D3D11 adapter 1: Intel(R) HD Graphics 4600 (Feature Level 11_0)
[2015.07.04-22.01.03:511][  0]LogD3D11RHI: Adapter has 96MB of dedicated video memory, 0MB of dedicated system memory, and 1696MB of shared system memory, 0 output[s]
[2015.07.04-22.01.03:512][  0]LogD3D11RHI: Found D3D11 adapter 2: Microsoft Basic Render Driver (Feature Level 11_0)
[2015.07.04-22.01.03:512][  0]LogD3D11RHI: Adapter has 0MB of dedicated video memory, 0MB of dedicated system memory, and 256MB of shared system memory, 0 output[s]
[2015.07.04-22.01.03:512][  0]LogD3D11RHI: Chosen D3D11 Adapter Id = 0
[2015.07.04-22.01.03:516][  0]LogRHI: Texture pool is 1361 MB (70% of 1945 MB)
[2015.07.04-22.01.03:526][  0]LogD3D11RHI: Async texture creation enabled
[2015.07.04-22.01.03:542][  0]LogShaderCompilers:Display: Using Local Shader Compiler.
[2015.07.04-22.01.04:270][  0]LogTemp:Display: Loaded TP DesktopTargetPlatform
[2015.07.04-22.01.04:283][  0]LogTemp:Display: Loaded TP WindowsClientTargetPlatform
[2015.07.04-22.01.04:295][  0]LogTemp:Display: Loaded TP WindowsNoEditorTargetPlatform
[2015.07.04-22.01.04:307][  0]LogTemp:Display: Loaded TP WindowsServerTargetPlatform
[2015.07.04-22.01.04:321][  0]LogTemp:Display: Loaded TP WindowsTargetPlatform
[2015.07.04-22.01.04:332][  0]LogTemp:Display: Loaded TP AndroidTargetPlatform
[2015.07.04-22.01.04:343][  0]LogTemp:Display: Loaded TP Android_ASTCTargetPlatform
[2015.07.04-22.01.04:354][  0]LogTemp:Display: Loaded TP Android_ATCTargetPlatform
[2015.07.04-22.01.04:365][  0]LogTemp:Display: Loaded TP Android_DXTTargetPlatform
[2015.07.04-22.01.04:377][  0]LogTemp:Display: Loaded TP Android_ETC1TargetPlatform
[2015.07.04-22.01.04:388][  0]LogTemp:Display: Loaded TP Android_ETC2TargetPlatform
[2015.07.04-22.01.04:400][  0]LogTemp:Display: Loaded TP Android_PVRTCTargetPlatform
[2015.07.04-22.01.04:445][  0]LogTemp:Display: Loaded TP IOSTargetPlatform
[2015.07.04-22.01.04:457][  0]LogTemp:Display: Loaded TP LinuxNoEditorTargetPlatform
[2015.07.04-22.01.04:468][  0]LogTemp:Display: Loaded TP LinuxServerTargetPlatform
[2015.07.04-22.01.04:483][  0]LogTemp:Display: Loaded TP LinuxTargetPlatform
[2015.07.04-22.01.04:483][  0]LogTargetPlatformManager:Display: Building Assets For Windows
[2015.07.04-22.01.04:663][  0]LogDerivedDataCache:Display: Max Cache Size: 512 MB
[2015.07.04-22.01.04:713][  0]LogDerivedDataCache: Loaded boot cache 0.05s 53MB C:/Users/George/AppData/Local/UnrealEngine/4.8/DerivedDataCache/Boot.ddc.
[2015.07.04-22.01.04:714][  0]LogDerivedDataCache:Display: Loaded Boot cache: C:/Users/George/AppData/Local/UnrealEngine/4.8/DerivedDataCache/Boot.ddc
[2015.07.04-22.01.04:714][  0]LogDerivedDataCache: FDerivedDataBackendGraph:  Pak pak cache file ../../../../../../Users/George/Documents/GitHub/CastleAndroidGame/CastleGame/DerivedDataCache/DDC.ddp not found, will not use a pak cache.
[2015.07.04-22.01.04:714][  0]LogDerivedDataCache: Unable to find inner node Pak for hierarchical cache Hierarchy.
[2015.07.04-22.01.04:714][  0]LogDerivedDataCache: FDerivedDataBackendGraph:  CompressedPak pak cache file ../../../../../../Users/George/Documents/GitHub/CastleAndroidGame/CastleGame/DerivedDataCache/Compressed.ddp not found, will not use a pak cache.
[2015.07.04-22.01.04:714][  0]LogDerivedDataCache: Unable to find inner node CompressedPak for hierarchical cache Hierarchy.
[2015.07.04-22.01.04:859][  0]LogDerivedDataCache:Display: Pak cache opened for reading ../../../Engine/DerivedDataCache/Compressed.ddp.
[2015.07.04-22.01.04:871][  0]LogDerivedDataCache: Using Local data cache path C:/Users/George/AppData/Local/UnrealEngine/Common/DerivedDataCache: Writable
[2015.07.04-22.01.05:044][  0]LogInit: Selected Device Profile: [Windows]
[2015.07.04-22.01.05:097][  0]ImportText (ComponentSweepMultiTests): Missing closing parenthesis: (RootShapeAsset="/Engine/BasicShapes/Cube.Cube",ShapeType="TriggerCapsule",HitResult=(Time=0.50,Location=(X=-100.000015,Y=0.0,Z=100.000015),ImpactPoint=(X=-50.0,Y=0.0,Z=50.0),Normal=(X=-1.0,Y=-0.0,Z=0.0),ImpactNormal=(X=0.0,Y=0.0,Z=1.0),TraceStart=(X=-200.0,Y=0.0,Z=200.0),TraceEnd=(X=0.0,Y=0.0,Z=0.0))
[2015.07.04-22.01.05:097][  0]ImportText (LineTraceSingleByChannelTests): Missing closing parenthesis: (RootShapeAsset="/Engine/BasicShapes/Cube.Cube",HitResult=(Time=0.50,Location=(X=-100.000015,Y=0.0,Z=100.000015),ImpactPoint=(X=-50.0,Y=0.0,Z=50.0),Normal=(X=-1.0,Y=-0.0,Z=0.0),ImpactNormal=(X=0.0,Y=0.0,Z=1.0),TraceStart=(X=-200.0,Y=0.0,Z=200.0),TraceEnd=(X=0.0,Y=0.0,Z=0.0))
[2015.07.04-22.01.05:124][  0]LogMeshUtilities: No automatic mesh reduction module available
[2015.07.04-22.01.05:124][  0]LogMeshUtilities: No automatic mesh merging module available
[2015.07.04-22.01.05:402][  0]LogInit: WinSock: version 1.1 (2.2), MaxSocks=32767, MaxUdp=65467
[2015.07.04-22.01.05:798][  0]LogWindowsMoviePlayer: Unable to load movie: ../../../../../../Users/George/Documents/GitHub/CastleAndroidGame/CastleGame/Content/Movies/Default_Startup.mp4
[2015.07.04-22.01.05:939][  0]SourceControl: Info Source control is disabled
[2015.07.04-22.01.05:939][  0]SourceControl: Info Source control is disabled
[2015.07.04-22.01.05:948][  0]SourceControl: Info Source control is disabled
[2015.07.04-22.01.06:108][  0]LogObj: 25781 objects as part of root set at end of initial load.
[2015.07.04-22.01.06:108][  0]LogUObjectAllocator: 5195968 out of 0 bytes used by permanent object pool.
[2015.07.04-22.01.06:172][  0]LogAutomationTest:Warning: ERR: Transient text cannot be serialized "Testing Transient serialization detection".
[2015.07.04-22.01.06:172][  0]LogEngine: Initializing Engine...
[2015.07.04-22.01.06:174][  0]LogHMD: Can't find Oculus library dev build: is proper Runtime installed? Version: 0.6.0.0
[2015.07.04-22.01.06:179][  0]LogHMD:Warning: SteamVR failed to initialize.  Error: 108
[2015.07.04-22.01.06:205][  0]LogMaterial: Missing cached shader map for material MAT_LevelColorationLitLightmapUV, compiling. Is special engine material.
[2015.07.04-22.01.06:205][  0]LogMaterial:Warning: Failed to compile Material /Engine/EngineDebugMaterials/MAT_LevelColorationLitLightmapUV.MAT_LevelColorationLitLightmapUV for platform PCD3D_ES2, Default Material will be used in game.
[2015.07.04-22.01.06:205][  0]LogMaterial:Warning: 	(Node LightmapUVs) Node not supported in feature level ES2
[2015.07.04-22.01.06:233][  0]LogInit: XAudio2 using 'Speaker (VIA HD Audio(Win8.1))' : 2 channels at 48 kHz using 32 bits per sample (channel mask 0x3)
[2015.07.04-22.01.06:237][  0]LogInit: FAudioDevice initialized.
[2015.07.04-22.01.06:240][  0]LogInit: Texture streaming: Disabled
[2015.07.04-22.01.06:317][  0]LogNet: Browse: /Temp/Autosaves/Game/Levels/LevelOne/UEDPCLevelOne?Name=Player
[2015.07.04-22.01.06:317][  0]LogLoad: LoadMap: /Temp/Autosaves/Game/Levels/LevelOne/UEDPCLevelOne?Name=Player
[2015.07.04-22.01.06:327][  0]LogParticles: Destroying 0 GPU particle simulations for FXSystem 0x000000076CEAFD80
[2015.07.04-22.01.06:339][  0]LogMemory: Platform Memory Stats for Windows
[2015.07.04-22.01.06:339][  0]LogMemory: Process Physical Memory: 333.83 MB used, 333.83 MB peak
[2015.07.04-22.01.06:339][  0]LogMemory: Process Virtual Memory: 265.31 MB used, 268.73 MB peak
[2015.07.04-22.01.06:339][  0]LogMemory: Physical Memory: 4626.25 MB used, 16199.01 MB total
[2015.07.04-22.01.06:339][  0]LogMemory: Virtual Memory: 767.92 MB used, 134217728.00 MB total
[2015.07.04-22.01.06:339][  0]LogMemory: 
[2015.07.04-22.01.06:339][  0]Allocator Stats for TBB: (not implemented)
[2015.07.04-22.01.07:003][  0]LogAIModule: Creating AISystem for world LevelOne
[2015.07.04-22.01.07:003][  0]LogWorld: Game class is 'Survival_C'
[2015.07.04-22.01.07:006][  0]LogWorld: Bringing World /Temp/Autosaves/Game/Levels/LevelOne/UEDPCLevelOne.LevelOne up for play (max tick rate 0) at 2015.07.05-07.31.07
[2015.07.04-22.01.07:006][  0]LogWorld: Bringing up level for play took: 0.001630
[2015.07.04-22.01.07:010][  0]LogInit:Display: Game Engine Initialized.
[2015.07.04-22.01.07:249][  0]LogAssetRegistry: FAssetRegistry took 0.0002 seconds to start up
[2015.07.04-22.01.07:249][  0]LogLoad: Full Startup: 5.57 seconds (BP compile: 0.36 seconds)
[2015.07.04-22.01.07:265][  0]LogWindowsTextInputMethodSystem:Display: IME system now deactivated.
[2015.07.04-22.01.07:268][  0]LogContentStreaming: Texture pool size is 1000.000000MB
[2015.07.04-22.01.07:363][  1]LogRenderer: Reallocating scene render targets to support 1280x720 (Frame:2).
[2015.07.04-22.01.23:561][996]LogWindowsTextInputMethodSystem:Display: IME system now deactivated.
[2015.07.04-22.01.23:563][996]LogEngine: All Windows Closed
[2015.07.04-22.01.23:563][996]LogWindows: FPlatformMisc::RequestExit(0)
[2015.07.04-22.01.24:225][997]LogExit: Preparing to exit.
[2015.07.04-22.01.24:289][997]LogExit: Game engine shut down
[2015.07.04-22.01.24:289][997]LogParticles: Destroying 0 GPU particle simulations for FXSystem 0x000000076B768CC0
[2015.07.04-22.01.24:502][997]LogExit: Object subsystem successfully closed.
[2015.07.04-22.01.24:726][997]LogModuleManager: Shutting down and abandoning module AndroidDeviceDetection (108)
[2015.07.04-22.01.25:287][997]LogModuleManager: Shutting down and abandoning module AssetRegistry (107)
[2015.07.04-22.01.25:287][997]LogModuleManager: Shutting down and abandoning module AutomationWorker (106)
[2015.07.04-22.01.25:287][997]LogModuleManager: Shutting down and abandoning module CharacterAI (105)
[2015.07.04-22.01.25:287][997]LogModuleManager: Shutting down and abandoning module AITestSuite (104)
[2015.07.04-22.01.25:287][997]LogModuleManager: Shutting down and abandoning module GameplayDebugger (103)
[2015.07.04-22.01.25:287][997]LogModuleManager: Shutting down and abandoning module AIModule (102)
[2015.07.04-22.01.25:287][997]LogModuleManager: Shutting down and abandoning module GameLiveStreaming (101)
[2015.07.04-22.01.25:287][997]LogModuleManager: Shutting down and abandoning module StreamingPauseRendering (100)
[2015.07.04-22.01.25:287][997]LogModuleManager: Shutting down and abandoning module ProfilerService (99)
[2015.07.04-22.01.25:398][997]LogModuleManager: Shutting down and abandoning module TaskGraph (98)
[2015.07.04-22.01.25:398][997]LogModuleManager: Shutting down and abandoning module SlateRemote (97)
[2015.07.04-22.01.25:398][997]LogModuleManager: Shutting down and abandoning module SteamVRController (96)
[2015.07.04-22.01.25:398][997]LogModuleManager: Shutting down and abandoning module SteamVR (95)
[2015.07.04-22.01.25:398][997]LogModuleManager: Shutting down and abandoning module ProceduralMeshComponent (94)
[2015.07.04-22.01.25:398][997]LogModuleManager: Shutting down and abandoning module OculusRift (93)
[2015.07.04-22.01.25:398][997]LogModuleManager: Shutting down and abandoning module LeapMotionController (92)
[2015.07.04-22.01.25:423][997]LogModuleManager: Shutting down and abandoning module CustomMeshComponent (91)
[2015.07.04-22.01.25:423][997]LogModuleManager: Shutting down and abandoning module CableComponent (90)
[2015.07.04-22.01.25:423][997]LogModuleManager: Shutting down and abandoning module DesktopPlatform (89)
[2015.07.04-22.01.25:423][997]LogModuleManager: Shutting down and abandoning module DirectoryWatcher (88)
[2015.07.04-22.01.25:423][997]LogModuleManager: Shutting down and abandoning module HotReload (87)
[2015.07.04-22.01.25:423][997]LogModuleManager: Shutting down and abandoning module VisualStudioSourceCodeAccess (86)
[2015.07.04-22.01.25:423][997]LogModuleManager: Shutting down and abandoning module UObjectPlugin (85)
[2015.07.04-22.01.25:423][997]LogModuleManager: Shutting down and abandoning module SubversionSourceControl (84)
[2015.07.04-22.01.25:423][997]LogModuleManager: Shutting down and abandoning module SourceControl (83)
[2015.07.04-22.01.25:423][997]LogModuleManager: Shutting down and abandoning module PerforceSourceControl (82)
[2015.07.04-22.01.25:423][997]LogModuleManager: Shutting down and abandoning module BlankPlugin (81)
[2015.07.04-22.01.25:423][997]LogModuleManager: Shutting down and abandoning module UdpMessaging (80)
[2015.07.04-22.01.25:423][997]LogModuleManager: Shutting down and abandoning module Paper2D (79)
[2015.07.04-22.01.25:423][997]LogModuleManager: Shutting down and abandoning module WindowsMoviePlayer (78)
[2015.07.04-22.01.25:424][997]LogModuleManager: Shutting down and abandoning module Media (77)
[2015.07.04-22.01.25:424][997]LogModuleManager: Shutting down and abandoning module WmfMedia (76)
[2015.07.04-22.01.25:425][997]LogModuleManager: Shutting down and abandoning module OnlineBlueprintSupport (75)
[2015.07.04-22.01.25:425][997]LogModuleManager: Shutting down and abandoning module PropertyEditor (74)
[2015.07.04-22.01.25:425][997]LogModuleManager: Shutting down and abandoning module BehaviorTreeEditor (73)
[2015.07.04-22.01.25:425][997]LogModuleManager: Shutting down and abandoning module FunctionalTesting (72)
[2015.07.04-22.01.25:425][997]LogModuleManager: Shutting down and abandoning module CollisionAnalyzer (71)
[2015.07.04-22.01.25:425][997]LogModuleManager: Shutting down and abandoning module WorkspaceMenuStructure (70)
[2015.07.04-22.01.25:425][997]LogModuleManager: Shutting down and abandoning module MessageLog (69)
[2015.07.04-22.01.25:425][997]LogModuleManager: Shutting down and abandoning module Sequencer (68)
[2015.07.04-22.01.25:425][997]LogModuleManager: Shutting down and abandoning module AssetTools (67)
[2015.07.04-22.01.25:425][997]LogModuleManager: Shutting down and abandoning module UMGEditor (66)
[2015.07.04-22.01.25:425][997]LogModuleManager: Shutting down and abandoning module UMG (65)
[2015.07.04-22.01.25:425][997]LogModuleManager: Shutting down and abandoning module Slate (64)
[2015.07.04-22.01.25:425][997]LogModuleManager: Shutting down and abandoning module EditorStyle (63)
[2015.07.04-22.01.25:430][997]LogModuleManager: Shutting down and abandoning module SessionServices (62)
[2015.07.04-22.01.25:430][997]LogModuleManager: Shutting down and abandoning module SourceCodeAccess (61)
[2015.07.04-22.01.25:430][997]LogModuleManager: Shutting down and abandoning module HeadMountedDisplay (60)
[2015.07.04-22.01.25:430][997]LogModuleManager: Shutting down and abandoning module XAudio2 (59)
[2015.07.04-22.01.25:430][997]LogModuleManager: Shutting down and abandoning module Networking (57)
[2015.07.04-22.01.25:430][997]LogModuleManager: Shutting down and abandoning module Core (56)
[2015.07.04-22.01.25:430][997]LogModuleManager: Shutting down and abandoning module KismetCompiler (55)
[2015.07.04-22.01.25:430][997]LogModuleManager: Shutting down and abandoning module PhysXFormats (54)
[2015.07.04-22.01.25:430][997]LogModuleManager: Shutting down and abandoning module MeshUtilities (53)
[2015.07.04-22.01.25:430][997]LogModuleManager: Shutting down and abandoning module DerivedDataCache (52)
[2015.07.04-22.01.25:876][997]LogDerivedDataCache: Shutdown
[2015.07.04-22.01.25:876][997]LogModuleManager: Shutting down and abandoning module ShaderFormatOpenGL (51)
[2015.07.04-22.01.25:876][997]LogModuleManager: Shutting down and abandoning module ShaderFormatD3D (50)
[2015.07.04-22.01.25:876][997]LogModuleManager: Shutting down and abandoning module MetalShaderFormat (49)
[2015.07.04-22.01.25:876][997]LogModuleManager: Shutting down and abandoning module TextureFormatUncompressed (48)
[2015.07.04-22.01.25:876][997]LogModuleManager: Shutting down and abandoning module TextureFormatPVR (47)
[2015.07.04-22.01.25:876][997]LogModuleManager: Shutting down and abandoning module TextureFormatIntelISPCTexComp (46)
[2015.07.04-22.01.25:876][997]LogModuleManager: Shutting down and abandoning module TextureFormatDXT (45)
[2015.07.04-22.01.25:876][997]LogModuleManager: Shutting down and abandoning module ImageWrapper (44)
[2015.07.04-22.01.25:876][997]LogModuleManager: Shutting down and abandoning module TextureFormatASTC (43)
[2015.07.04-22.01.25:876][997]LogModuleManager: Shutting down and abandoning module TextureFormatAndroid (42)
[2015.07.04-22.01.25:876][997]LogModuleManager: Shutting down and abandoning module AudioFormatOpus (41)
[2015.07.04-22.01.25:876][997]LogModuleManager: Shutting down and abandoning module AudioFormatOgg (40)
[2015.07.04-22.01.25:876][997]LogModuleManager: Shutting down and abandoning module AudioFormatADPCM (39)
[2015.07.04-22.01.25:876][997]LogModuleManager: Shutting down and abandoning module LinuxTargetPlatform (38)
[2015.07.04-22.01.25:876][997]LogModuleManager: Shutting down and abandoning module LinuxServerTargetPlatform (37)
[2015.07.04-22.01.25:876][997]LogModuleManager: Shutting down and abandoning module LinuxNoEditorTargetPlatform (36)
[2015.07.04-22.01.25:876][997]LogModuleManager: Shutting down and abandoning module Messaging (35)
[2015.07.04-22.01.25:876][997]LogModuleManager: Shutting down and abandoning module IOSTargetPlatform (34)
[2015.07.04-22.01.25:876][997]LogModuleManager: Shutting down and abandoning module HTML5TargetPlatform (33)
[2015.07.04-22.01.25:876][997]LogModuleManager: Shutting down and abandoning module Android_PVRTCTargetPlatform (32)
[2015.07.04-22.01.25:877][997]LogModuleManager: Shutting down and abandoning module Android_ETC2TargetPlatform (31)
[2015.07.04-22.01.25:877][997]LogModuleManager: Shutting down and abandoning module Android_ETC1TargetPlatform (30)
[2015.07.04-22.01.25:877][997]LogModuleManager: Shutting down and abandoning module Android_DXTTargetPlatform (29)
[2015.07.04-22.01.25:877][997]LogModuleManager: Shutting down and abandoning module Android_ATCTargetPlatform (28)
[2015.07.04-22.01.25:877][997]LogModuleManager: Shutting down and abandoning module Android_ASTCTargetPlatform (27)
[2015.07.04-22.01.25:877][997]LogModuleManager: Shutting down and abandoning module AndroidTargetPlatform (26)
[2015.07.04-22.01.25:877][997]LogModuleManager: Shutting down and abandoning module WindowsTargetPlatform (25)
[2015.07.04-22.01.25:877][997]LogModuleManager: Shutting down and abandoning module WindowsServerTargetPlatform (24)
[2015.07.04-22.01.25:877][997]LogModuleManager: Shutting down and abandoning module WindowsNoEditorTargetPlatform (23)
[2015.07.04-22.01.25:877][997]LogModuleManager: Shutting down and abandoning module WindowsClientTargetPlatform (22)
[2015.07.04-22.01.25:877][997]LogModuleManager: Shutting down and abandoning module DesktopTargetPlatform (21)
[2015.07.04-22.01.25:877][997]LogModuleManager: Shutting down and abandoning module TargetPlatform (20)
[2015.07.04-22.01.25:877][997]LogModuleManager: Shutting down and abandoning module InputCore (19)
[2015.07.04-22.01.25:877][997]LogModuleManager: Shutting down and abandoning module Settings (18)
[2015.07.04-22.01.25:877][997]LogModuleManager: Shutting down and abandoning module OnlineSubsystem (16)
[2015.07.04-22.01.25:877][997]LogModuleManager: Shutting down and abandoning module HTTP (15)
[2015.07.04-22.01.25:877][997]LogModuleManager: Shutting down and abandoning module ExampleDeviceProfileSelector (14)
[2015.07.04-22.01.25:877][997]LogModuleManager: Shutting down and abandoning module TextureCompressor (13)
[2015.07.04-22.01.25:877][997]LogModuleManager: Shutting down and abandoning module ShaderCore (12)
[2015.07.04-22.01.25:877][997]LogModuleManager: Shutting down and abandoning module Landscape (11)
[2015.07.04-22.01.25:877][997]LogModuleManager: Shutting down and abandoning module SlateRHIRenderer (10)
[2015.07.04-22.01.25:878][997]LogModuleManager: Shutting down and abandoning module OpenGLDrv (9)
[2015.07.04-22.01.25:878][997]LogModuleManager: Shutting down and abandoning module D3D11RHI (8)
[2015.07.04-22.01.25:878][997]LogModuleManager: Shutting down and abandoning module Renderer (7)
[2015.07.04-22.01.25:878][997]LogModuleManager: Shutting down and abandoning module Engine (6)
[2015.07.04-22.01.25:878][997]LogModuleManager: Shutting down and abandoning module CoreUObject (5)
[2015.07.04-22.01.25:878][997]LogModuleManager: Shutting down and abandoning module NetworkFile (4)
[2015.07.04-22.01.25:878][997]LogModuleManager: Shutting down and abandoning module StreamingFile (3)
[2015.07.04-22.01.25:878][997]LogModuleManager: Shutting down and abandoning module SandboxFile (2)
[2015.07.04-22.01.25:878][997]LogModuleManager: Shutting down and abandoning module PakFile (1)
[2015.07.04-22.01.25:879][997]LogExit: Exiting.
[2015.07.04-22.01.25:883][997]Log file closed, 07/05/15 07:31:25
