[2015.07.04-21.57.55:337][  0]Log file open, 07/05/15 07:27:55
[2015.07.04-21.57.55:337][  0]LogInit:Display: Running engine for game: CastleGame
[2015.07.04-21.57.55:337][  0]LogInit:Display: RandInit(1993527526) SRandInit(1993527526).
[2015.07.04-21.57.55:337][  0]LogTaskGraph: Started task graph with 4 named threads and 7 total threads.
[2015.07.04-21.57.55:337][  0]LogStats: Stats thread started
[2015.07.04-21.57.55:337][  0]LogInit: Version: 4.8.1-2591939+++depot+UE4-Releases+4.8
[2015.07.04-21.57.55:337][  0]LogInit: API Version: 2579680
[2015.07.04-21.57.55:337][  0]LogInit: Compiled (64-bit): Jun 18 2015 11:02:04
[2015.07.04-21.57.55:337][  0]LogInit: Compiled with Visual C++: 18.00.21005.01
[2015.07.04-21.57.55:337][  0]LogInit: Build Configuration: Development
[2015.07.04-21.57.55:337][  0]LogInit: Branch Name: ++depot+UE4-Releases+4.8
[2015.07.04-21.57.55:337][  0]LogInit: Command line:  
[2015.07.04-21.57.55:337][  0]LogInit: Base directory: C:/Program Files/Epic Games/4.8/Engine/Binaries/Win64/
[2015.07.04-21.57.55:337][  0]LogInit: Rocket: 1
[2015.07.04-21.57.55:351][  0]LogInit: Using libcurl 7.41.0
[2015.07.04-21.57.55:351][  0]LogInit:  - built for x86_64-pc-win32
[2015.07.04-21.57.55:351][  0]LogInit:  - supports SSL with WinSSL
[2015.07.04-21.57.55:351][  0]LogInit:  - other features:
[2015.07.04-21.57.55:351][  0]LogInit:      CURL_VERSION_SSL
[2015.07.04-21.57.55:351][  0]LogInit:      CURL_VERSION_IPV6
[2015.07.04-21.57.55:351][  0]LogInit:      CURL_VERSION_ASYNCHDNS
[2015.07.04-21.57.55:351][  0]LogInit:      CURL_VERSION_LARGEFILE
[2015.07.04-21.57.55:351][  0]LogInit:      CURL_VERSION_IDN
[2015.07.04-21.57.55:351][  0]LogInit:  CurlRequestOptions (configurable via config and command line):
[2015.07.04-21.57.55:351][  0]LogInit:  - bVerifyPeer = true  - Libcurl will verify peer certificate
[2015.07.04-21.57.55:351][  0]LogInit:  - bUseHttpProxy = false  - Libcurl will NOT use HTTP proxy
[2015.07.04-21.57.55:351][  0]LogInit:  - bDontReuseConnections = false  - Libcurl will reuse connections
[2015.07.04-21.57.55:351][  0]LogInit:  - CertBundlePath = nullptr  - Libcurl will use whatever was configured at build time.
[2015.07.04-21.57.55:362][  0]LogOnline:Warning: No default platform service specified for OnlineSubsystem
[2015.07.04-21.57.55:373][  0]LogInit: Presizing for 0 objects not considered by GC, pre-allocating 0 bytes.
[2015.07.04-21.57.55:379][  0]LogInit: Object subsystem initialized
[2015.07.04-21.57.55:381][  0]LogConsoleResponse:Warning: Skipping Unknown console variable: 'TranslucentSortAxis = (X=0.000000,Y=-1.000000,Z=0.000000)'
[2015.07.04-21.57.55:381][  0]LogConsoleResponse:Warning:   Found in ini file 'C:/Users/George/Documents/GitHub/CastleAndroidGame/CastleGame/Saved/Config/Windows/Engine.ini', in section '[/Script/Engine.RendererSettings]'
[2015.07.04-21.57.55:381][  0]LogConsoleResponse:Warning: Skipping Unknown console variable: 'UIScaleRule = ShortestSide'
[2015.07.04-21.57.55:381][  0]LogConsoleResponse:Warning:   Found in ini file 'C:/Users/George/Documents/GitHub/CastleAndroidGame/CastleGame/Saved/Config/Windows/Engine.ini', in section '[/Script/Engine.RendererSettings]'
[2015.07.04-21.57.55:381][  0]LogConsoleResponse:Warning: Skipping Unknown console variable: 'UIScaleCurve = (EditorCurveData=(Keys=),ExternalCurve=None)'
[2015.07.04-21.57.55:381][  0]LogConsoleResponse:Warning:   Found in ini file 'C:/Users/George/Documents/GitHub/CastleAndroidGame/CastleGame/Saved/Config/Windows/Engine.ini', in section '[/Script/Engine.RendererSettings]'
[2015.07.04-21.57.55:381][  0]LogInit: Selected Device Profile: [Windows]
[2015.07.04-21.57.55:381][  0]LogInit: Applying CVar settings loaded from the selected device profile: [Windows]
[2015.07.04-21.57.55:389][  0]LogInit: Computer: JORJ
[2015.07.04-21.57.55:389][  0]LogInit: User: George
[2015.07.04-21.57.55:389][  0]LogInit: CPU Page size=4096, Cores=4
[2015.07.04-21.57.55:389][  0]LogInit: High frequency timer resolution =2.728055 MHz
[2015.07.04-21.57.55:389][  0]LogMemory: Memory total: Physical=15.8GB (16GB approx)
[2015.07.04-21.57.55:390][  0]LogMemory: Platform Memory Stats for Windows
[2015.07.04-21.57.55:390][  0]LogMemory: Process Physical Memory: 49.05 MB used, 49.05 MB peak
[2015.07.04-21.57.55:390][  0]LogMemory: Process Virtual Memory: 22.48 MB used, 22.48 MB peak
[2015.07.04-21.57.55:390][  0]LogMemory: Physical Memory: 4049.50 MB used, 16199.01 MB total
[2015.07.04-21.57.55:390][  0]LogMemory: Virtual Memory: 292.04 MB used, 134217728.00 MB total
[2015.07.04-21.57.55:425][  0]LogTextLocalizationManager: The requested culture ('en_AU') has no localization data; parent culture's ('en') localization data will be used.
[2015.07.04-21.57.55:610][  0]LogTextLocalizationManager:Warning: Loaded localization resources contain conflicting entries for (Namespace:ContentBrowser, Key:ImportAssetToolTip):
Localization Resource: (C:/Program Files/Epic Games/4.8/Engine/Content/Localization/Editor/en/Editor.locres) Source String Hash: (-630476809) Localized String: (Import to {0}...)
Localization Resource: (C:/Program Files/Epic Games/4.8/Engine/Content/Localization/Editor/en/Editor.locres) Source String Hash: (1271782899) Localized String: (Imports an asset from file to this folder.)
[2015.07.04-21.57.56:052][  0]LogD3D11RHI: Found D3D11 adapter 0: NVIDIA GeForce GTX 860M     (Feature Level 11_0)
[2015.07.04-21.57.56:052][  0]LogD3D11RHI: Adapter has 1972MB of dedicated video memory, 0MB of dedicated system memory, and 2048MB of shared system memory, 1 output[s]
[2015.07.04-21.57.56:058][  0]LogD3D11RHI: Found D3D11 adapter 1: Intel(R) HD Graphics 4600 (Feature Level 11_0)
[2015.07.04-21.57.56:058][  0]LogD3D11RHI: Adapter has 96MB of dedicated video memory, 0MB of dedicated system memory, and 1696MB of shared system memory, 0 output[s]
[2015.07.04-21.57.56:059][  0]LogD3D11RHI: Found D3D11 adapter 2: Microsoft Basic Render Driver (Feature Level 11_0)
[2015.07.04-21.57.56:059][  0]LogD3D11RHI: Adapter has 0MB of dedicated video memory, 0MB of dedicated system memory, and 256MB of shared system memory, 0 output[s]
[2015.07.04-21.57.56:059][  0]LogD3D11RHI: Chosen D3D11 Adapter Id = 0
[2015.07.04-21.57.56:063][  0]LogRHI: Texture pool is 1361 MB (70% of 1945 MB)
[2015.07.04-21.57.56:073][  0]LogD3D11RHI: Async texture creation enabled
[2015.07.04-21.57.56:090][  0]LogShaderCompilers:Display: Using Local Shader Compiler.
[2015.07.04-21.57.56:884][  0]LogTemp:Display: Loaded TP DesktopTargetPlatform
[2015.07.04-21.57.56:899][  0]LogTemp:Display: Loaded TP WindowsClientTargetPlatform
[2015.07.04-21.57.56:913][  0]LogTemp:Display: Loaded TP WindowsNoEditorTargetPlatform
[2015.07.04-21.57.56:927][  0]LogTemp:Display: Loaded TP WindowsServerTargetPlatform
[2015.07.04-21.57.56:941][  0]LogTemp:Display: Loaded TP WindowsTargetPlatform
[2015.07.04-21.57.56:954][  0]LogTemp:Display: Loaded TP AndroidTargetPlatform
[2015.07.04-21.57.56:971][  0]LogTemp:Display: Loaded TP Android_ASTCTargetPlatform
[2015.07.04-21.57.56:985][  0]LogTemp:Display: Loaded TP Android_ATCTargetPlatform
[2015.07.04-21.57.57:001][  0]LogTemp:Display: Loaded TP Android_DXTTargetPlatform
[2015.07.04-21.57.57:016][  0]LogTemp:Display: Loaded TP Android_ETC1TargetPlatform
[2015.07.04-21.57.57:032][  0]LogTemp:Display: Loaded TP Android_ETC2TargetPlatform
[2015.07.04-21.57.57:047][  0]LogTemp:Display: Loaded TP Android_PVRTCTargetPlatform
[2015.07.04-21.57.57:101][  0]LogTemp:Display: Loaded TP IOSTargetPlatform
[2015.07.04-21.57.57:114][  0]LogTemp:Display: Loaded TP LinuxNoEditorTargetPlatform
[2015.07.04-21.57.57:128][  0]LogTemp:Display: Loaded TP LinuxServerTargetPlatform
[2015.07.04-21.57.57:143][  0]LogTemp:Display: Loaded TP LinuxTargetPlatform
[2015.07.04-21.57.57:143][  0]LogTargetPlatformManager:Display: Building Assets For Windows
[2015.07.04-21.57.57:353][  0]LogDerivedDataCache:Display: Max Cache Size: 512 MB
[2015.07.04-21.57.57:402][  0]LogDerivedDataCache: Loaded boot cache 0.05s 53MB C:/Users/George/AppData/Local/UnrealEngine/4.8/DerivedDataCache/Boot.ddc.
[2015.07.04-21.57.57:402][  0]LogDerivedDataCache:Display: Loaded Boot cache: C:/Users/George/AppData/Local/UnrealEngine/4.8/DerivedDataCache/Boot.ddc
[2015.07.04-21.57.57:402][  0]LogDerivedDataCache: FDerivedDataBackendGraph:  Pak pak cache file ../../../../../../Users/George/Documents/GitHub/CastleAndroidGame/CastleGame/DerivedDataCache/DDC.ddp not found, will not use a pak cache.
[2015.07.04-21.57.57:402][  0]LogDerivedDataCache: Unable to find inner node Pak for hierarchical cache Hierarchy.
[2015.07.04-21.57.57:402][  0]LogDerivedDataCache: FDerivedDataBackendGraph:  CompressedPak pak cache file ../../../../../../Users/George/Documents/GitHub/CastleAndroidGame/CastleGame/DerivedDataCache/Compressed.ddp not found, will not use a pak cache.
[2015.07.04-21.57.57:402][  0]LogDerivedDataCache: Unable to find inner node CompressedPak for hierarchical cache Hierarchy.
[2015.07.04-21.57.57:568][  0]LogDerivedDataCache:Display: Pak cache opened for reading ../../../Engine/DerivedDataCache/Compressed.ddp.
[2015.07.04-21.57.57:581][  0]LogDerivedDataCache: Using Local data cache path C:/Users/George/AppData/Local/UnrealEngine/Common/DerivedDataCache: Writable
[2015.07.04-21.57.57:778][  0]LogInit: Selected Device Profile: [Windows]
[2015.07.04-21.57.57:859][  0]ImportText (ComponentSweepMultiTests): Missing closing parenthesis: (RootShapeAsset="/Engine/BasicShapes/Cube.Cube",ShapeType="TriggerCapsule",HitResult=(Time=0.50,Location=(X=-100.000015,Y=0.0,Z=100.000015),ImpactPoint=(X=-50.0,Y=0.0,Z=50.0),Normal=(X=-1.0,Y=-0.0,Z=0.0),ImpactNormal=(X=0.0,Y=0.0,Z=1.0),TraceStart=(X=-200.0,Y=0.0,Z=200.0),TraceEnd=(X=0.0,Y=0.0,Z=0.0))
[2015.07.04-21.57.57:859][  0]ImportText (LineTraceSingleByChannelTests): Missing closing parenthesis: (RootShapeAsset="/Engine/BasicShapes/Cube.Cube",HitResult=(Time=0.50,Location=(X=-100.000015,Y=0.0,Z=100.000015),ImpactPoint=(X=-50.0,Y=0.0,Z=50.0),Normal=(X=-1.0,Y=-0.0,Z=0.0),ImpactNormal=(X=0.0,Y=0.0,Z=1.0),TraceStart=(X=-200.0,Y=0.0,Z=200.0),TraceEnd=(X=0.0,Y=0.0,Z=0.0))
[2015.07.04-21.57.57:885][  0]LogMeshUtilities: No automatic mesh reduction module available
[2015.07.04-21.57.57:885][  0]LogMeshUtilities: No automatic mesh merging module available
[2015.07.04-21.57.58:227][  0]LogInit: WinSock: version 1.1 (2.2), MaxSocks=32767, MaxUdp=65467
[2015.07.04-21.57.59:172][  0]UdpMessaging: Initializing bridge on interface 0.0.0.0:0 to multicast group 230.0.0.1:6666.
[2015.07.04-21.57.59:466][  0]SourceControl: Info Source control is disabled
[2015.07.04-21.57.59:474][  0]SourceControl: Info Source control is disabled
[2015.07.04-21.57.59:483][  0]SourceControl: Info Source control is disabled
[2015.07.04-21.57.59:491][  0]SourceControl: Info Source control is disabled
[2015.07.04-21.57.59:673][  0]LogObj: 26273 objects as part of root set at end of initial load.
[2015.07.04-21.57.59:673][  0]LogUObjectAllocator: 5409248 out of 0 bytes used by permanent object pool.
[2015.07.04-21.57.59:740][  0]LogEngine: Initializing Engine...
[2015.07.04-21.57.59:742][  0]LogHMD: Can't find Oculus library dev build: is proper Runtime installed? Version: 0.6.0.0
[2015.07.04-21.57.59:747][  0]LogHMD:Warning: SteamVR failed to initialize.  Error: 108
[2015.07.04-21.57.59:876][  0]LogAIModule: Creating AISystem for world NewWorld
[2015.07.04-21.57.59:880][  0]LogInit: XAudio2 using 'Speaker (VIA HD Audio(Win8.1))' : 2 channels at 48 kHz using 32 bits per sample (channel mask 0x3)
[2015.07.04-21.57.59:900][  0]LogInit: FAudioDevice initialized.
[2015.07.04-21.57.59:926][  0]LogDerivedDataCache: Saved boot cache 0.03s 53MB C:/Users/George/AppData/Local/UnrealEngine/4.8/DerivedDataCache/Boot.ddc.
[2015.07.04-21.57.59:933][  0]LogInit: Texture streaming: Disabled
[2015.07.04-21.57.59:953][  0]LogAnalytics: Creating configured Analytics provider AnalyticsET
[2015.07.04-21.57.59:953][  0]LogAnalytics: [UEEditor.Rocket.Release] APIServer = http://et2.epicgames.com/ET2/. AppVersion = 4.8.1-2591939+++depot+UE4-Releases+4.8
[2015.07.04-21.57.59:953][  0]LogAnalytics: [UEEditor.Rocket.Release] SetUserId c51ee06b40dc2ae701026b805198b797|68eb77fb08074143b8a75907aa684848|eebf13c9-4708-4e0c-8123-a6ff0dacb8e0
[2015.07.04-21.57.59:954][  0]LogAnalytics: [UEEditor.Rocket.Release] AnalyticsET::StartSession
[2015.07.04-21.57.59:978][  0]LogInit: Transaction tracking system initialized
[2015.07.04-21.58.00:124][  0]BlueprintLog: New page: Editor Load
[2015.07.04-21.58.00:166][  0]LogAssetRegistry: FAssetRegistry took 0.0109 seconds to start up
[2015.07.04-21.58.00:166][  0]LogDirectoryWatcher:Warning: Failed to begin reading directory changes for ../../../Engine/Plugins/Experimental/CharacterAI/Content/. Error: 0
[2015.07.04-21.58.00:773][  0]LogConsoleManager:Warning: Console variable 'r.VSync' wasn't set ('GameSetting' has a lower priority than 'SystemSettingsIni')
[2015.07.04-21.58.00:773][  0]LogConsoleResponse:Display: 
[2015.07.04-21.58.00:889][  0]LogCook:Display: Done creating registry. It took  0.00s.
[2015.07.04-21.58.01:055][  0]SourceControl: Info Source control is disabled
[2015.07.04-21.58.01:055][  0]Cmd: MAP LOAD FILE="../../../../../../Users/George/Documents/GitHub/CastleAndroidGame/CastleGame/Content/Levels/LevelOne/LevelOne.umap" TEMPLATE=0 SHOWPROGRESS=1 FEATURELEVEL=3
[2015.07.04-21.58.01:055][  0]LightingResults: New page: Lighting Build
[2015.07.04-21.58.01:067][  0]MapCheck: New page: Map Check
[2015.07.04-21.58.01:067][  0]LightingResults: New page: Lighting Build
[2015.07.04-21.58.01:077][  0]LogParticles: Destroying 0 GPU particle simulations for FXSystem 0x0000003188686F20
[2015.07.04-21.58.02:140][  0]LogAIModule: Creating AISystem for world LevelOne
[2015.07.04-21.58.02:142][  0]LogEditorServer: Finished looking for orphan Actors (0.000 secs)
[2015.07.04-21.58.02:143][  0]Cmd: MAP CHECKDEP NOCLEARLOG
[2015.07.04-21.58.02:185][  0]MapCheck: Info Map check complete: 0 Error(s), 0 Warning(s), took 41.765ms to complete.
[2015.07.04-21.58.02:185][  0]LogFileHelpers: Loading map 'LevelOne' took 1.130
[2015.07.04-21.58.02:303][  0]LogCollectionManager: Loaded 0 collections in 0.004446 seconds
[2015.07.04-21.58.02:315][  0]LogContentBrowser: Native class hierarchy populated in 0.0119 seconds. Added 1792 classes and 301 folders.
[2015.07.04-21.58.02:356][  0]LogContentBrowser: Native class hierarchy updated for 'WidgetCarousel' in 0.0003 seconds. Added 0 classes and 0 folders.
[2015.07.04-21.58.02:381][  0]LogContentBrowser: Native class hierarchy updated for 'AddContentDialog' in 0.0004 seconds. Added 0 classes and 0 folders.
[2015.07.04-21.58.02:396][  0]LogContentBrowser: Native class hierarchy updated for 'SceneOutliner' in 0.0004 seconds. Added 1 classes and 2 folders.
[2015.07.04-21.58.02:448][  0]LogCrashTracker: Crashtracker disabled due to settings.
[2015.07.04-21.58.02:453][  0]LogUObjectGlobals:Warning: Failed to find object 'Class None.'
[2015.07.04-21.58.02:475][  0]LogLoad: Full Startup: 8.48 seconds (BP compile: 0.57 seconds)
[2015.07.04-21.58.02:492][  0]LogWindowsTextInputMethodSystem:Display: IME system now deactivated.
[2015.07.04-21.58.02:561][  0]LogContentStreaming: Texture pool size is 0.000000MB
[2015.07.04-21.58.02:619][  0]LogContentStreaming: Texture pool size now 1000 MB
[2015.07.04-21.58.02:823][  0]LogRenderer: Reallocating scene render targets to support 1208x576 (Frame:2).
[2015.07.04-21.58.03:136][  6]LogAssetRegistry: Asset discovery search completed in 2.9808 seconds
[2015.07.04-21.58.09:201][351]LogSavePackage: Save=53.582497ms
[2015.07.04-21.58.09:201][351]LogSavePackage: Moving '../../../../../../Users/George/Documents/GitHub/CastleAndroidGame/CastleGame/Saved/UEDPCLevelOneF5C0086B42A10CEDCCA61DA50C8FECC7.tmp' to '../../../../../../Users/George/Documents/GitHub/CastleAndroidGame/CastleGame/Saved/Autosaves/Game/Levels/LevelOne/UEDPCLevelOne.umap'
[2015.07.04-21.58.29:585][805]LogEditorViewport: Clicking on Actor (LMB): PaperSpriteActor (LevelOneBG_Sprite)
[2015.07.04-21.58.31:254][903]LogEditorViewport: Clicking on Actor (LMB): PaperSpriteActor (LevelOneBG_Sprite)
[2015.07.04-21.58.32:190][959]LogEditorViewport: Clicking on Actor (LMB): PaperSpriteActor (LevelOneBG_Sprite)
[2015.07.04-21.58.32:760][993]LogEditorViewport: Clicking on Actor (LMB): Goal_C (Goal)
[2015.07.04-21.58.37:148][243]LogSavePackage: Save=51.229538ms
[2015.07.04-21.58.37:148][243]LogSavePackage: Moving '../../../../../../Users/George/Documents/GitHub/CastleAndroidGame/CastleGame/Saved/LevelOneE3BCBC6F4D784F2A325C3EB1E8BC332A.tmp' to '../../../../../../Users/George/Documents/GitHub/CastleAndroidGame/CastleGame/Content/Levels/LevelOne/LevelOne.umap'
[2015.07.04-21.58.37:209][243]LogFileHelpers: Saving map 'LevelOne' took 0.171
[2015.07.04-21.58.39:970][407]LogEditorViewport: Clicking on Actor (LMB): CameraActor (CameraActor)
[2015.07.04-21.59.41:388][403]LogRenderer: Reallocating scene render targets to support 7792x576 (Frame:7019).
[2015.07.04-21.59.41:413][405]LogRenderTargetPool:Warning: r.RenderTargetPoolMin exceeded 483/400 MB (ok in editor, bad on fixed memory platform)
[2015.07.04-21.59.42:452][465]LogRenderTargetPool:Warning: r.RenderTargetPoolMin exceeded 473/400 MB (ok in editor, bad on fixed memory platform)
[2015.07.04-21.59.43:362][519]LogRenderTargetPool:Warning: r.RenderTargetPoolMin exceeded 473/400 MB (ok in editor, bad on fixed memory platform)
[2015.07.04-21.59.44:225][570]LogRenderTargetPool:Warning: r.RenderTargetPoolMin exceeded 473/400 MB (ok in editor, bad on fixed memory platform)
[2015.07.04-21.59.45:138][625]LogRenderTargetPool:Warning: r.RenderTargetPoolMin exceeded 473/400 MB (ok in editor, bad on fixed memory platform)
[2015.07.04-21.59.54:729][197]LogRenderTargetPool:Warning: r.RenderTargetPoolMin exceeded 473/400 MB (ok in editor, bad on fixed memory platform)
[2015.07.04-22.00.04:978][798]LogSavePackage: Save=55.896599ms
[2015.07.04-22.00.04:978][798]LogSavePackage: Moving '../../../../../../Users/George/Documents/GitHub/CastleAndroidGame/CastleGame/Saved/UEDPCLevelOneC6C15B2046CB003E11B0568EC1CA2A72.tmp' to '../../../../../../Users/George/Documents/GitHub/CastleAndroidGame/CastleGame/Saved/Autosaves/Game/Levels/LevelOne/UEDPCLevelOne.umap'
[2015.07.04-22.00.05:000][799]LogRenderTargetPool:Warning: r.RenderTargetPoolMin exceeded 473/400 MB (ok in editor, bad on fixed memory platform)
[2015.07.04-22.00.21:775][951]LogRenderTargetPool:Warning: r.RenderTargetPoolMin exceeded 473/400 MB (ok in editor, bad on fixed memory platform)
[2015.07.04-22.00.33:954][653]LogRenderTargetPool:Warning: r.RenderTargetPoolMin exceeded 473/400 MB (ok in editor, bad on fixed memory platform)
[2015.07.04-22.00.46:555][408]LogRenderTargetPool:Warning: r.RenderTargetPoolMin exceeded 473/400 MB (ok in editor, bad on fixed memory platform)
[2015.07.04-22.00.54:834][903]LogRenderTargetPool:Warning: r.RenderTargetPoolMin exceeded 473/400 MB (ok in editor, bad on fixed memory platform)
[2015.07.04-22.01.01:644][298]LogSavePackage: Save=56.978691ms
[2015.07.04-22.01.01:644][298]LogSavePackage: Moving '../../../../../../Users/George/Documents/GitHub/CastleAndroidGame/CastleGame/Saved/UEDPCLevelOne451185734034F331EA4F6B9763B20B6E.tmp' to '../../../../../../Users/George/Documents/GitHub/CastleAndroidGame/CastleGame/Saved/Autosaves/Game/Levels/LevelOne/UEDPCLevelOne.umap'
[2015.07.04-22.01.01:659][299]LogRenderTargetPool:Warning: r.RenderTargetPoolMin exceeded 473/400 MB (ok in editor, bad on fixed memory platform)
[2015.07.04-22.01.23:828][470]LogRenderTargetPool:Warning: r.RenderTargetPoolMin exceeded 473/400 MB (ok in editor, bad on fixed memory platform)
[2015.07.04-22.01.40:240][416]LogLinker:Warning: Asset '../../../Engine/Content/Tutorial/Mobile/SettingUpAndroidTutorial.uasset' has been saved with empty engine version. The asset will be loaded but may be incompatible.
[2015.07.04-22.01.40:587][416]LogLinker:Warning: Asset '../../../Engine/Content/Tutorial/Basics/FeaturePacks.uasset' has been saved with empty engine version. The asset will be loaded but may be incompatible.
[2015.07.04-22.01.41:169][416]LogLinker:Warning: Asset '../../../Engine/Content/Tutorial/Mobile/InstallingiTunesTutorial.uasset' has been saved with empty engine version. The asset will be loaded but may be incompatible.
[2015.07.04-22.01.41:464][418]LogRenderTargetPool:Warning: r.RenderTargetPoolMin exceeded 473/400 MB (ok in editor, bad on fixed memory platform)
[2015.07.04-22.01.46:268][705]LogWindows: LaunchURL http://docs.unrealengine.com/latest/INT/Platforms/Android/GettingStarted/index.html?utm_source=editor&utm_medium=docs&utm_campaign=tutorials
[2015.07.04-22.01.46:281][706]LogRenderTargetPool:Warning: r.RenderTargetPoolMin exceeded 473/400 MB (ok in editor, bad on fixed memory platform)
[2015.07.04-22.08.37:689][939]LogSavePackage: Save=54.850800ms
[2015.07.04-22.08.37:689][939]LogSavePackage: Moving '../../../../../../Users/George/Documents/GitHub/CastleAndroidGame/CastleGame/Saved/LevelOne_Auto11018A1A74F7C646448765CA9741A6DBD.tmp' to '../../../../../../Users/George/Documents/GitHub/CastleAndroidGame/CastleGame/Saved/Autosaves/Game/Levels/LevelOne/LevelOne_Auto1.umap'
[2015.07.04-22.08.37:692][939]LogFileHelpers: Editor autosave (incl. sublevels) for '/Game/Levels/LevelOne/LevelOne' took 0.124
[2015.07.04-22.08.37:692][939]LogFileHelpers: Editor autosave (incl. sublevels) for all levels took 0.124
[2015.07.04-22.08.37:737][941]LogRenderTargetPool:Warning: r.RenderTargetPoolMin exceeded 473/400 MB (ok in editor, bad on fixed memory platform)
[2015.07.04-22.21.10:468][201]LogRenderTargetPool:Warning: r.RenderTargetPoolMin exceeded 473/400 MB (ok in editor, bad on fixed memory platform)
[2015.07.04-22.21.18:158][645]LogRenderTargetPool:Warning: r.RenderTargetPoolMin exceeded 473/400 MB (ok in editor, bad on fixed memory platform)
[2015.07.04-22.41.17:360][326]LogRenderTargetPool:Warning: r.RenderTargetPoolMin exceeded 473/400 MB (ok in editor, bad on fixed memory platform)
[2015.07.04-22.41.22:903][498]LogRenderTargetPool:Warning: r.RenderTargetPoolMin exceeded 473/400 MB (ok in editor, bad on fixed memory platform)
[2015.07.04-22.41.23:762][550]LogRenderTargetPool:Warning: r.RenderTargetPoolMin exceeded 473/400 MB (ok in editor, bad on fixed memory platform)
[2015.07.04-22.41.23:890][553]LogAIModule: Creating AISystem for world MainMenu
[2015.07.04-22.41.25:517][553]LogSavePackage: Save=61.566574ms
[2015.07.04-22.41.25:517][553]LogSavePackage: Moving '../../../../../../Users/George/Documents/GitHub/CastleAndroidGame/CastleGame/Saved/LevelOne7530D92A4B6CB476016F09BEF2DC5063.tmp' to '../../../../../../Users/George/Documents/GitHub/CastleAndroidGame/CastleGame/Content/Levels/LevelOne/LevelOne.umap'
[2015.07.04-22.41.25:585][553]LogFileHelpers: Saving map 'LevelOne' took 0.203
[2015.07.04-22.41.25:594][553]Cmd: MAP LOAD FILE="../../../../../../Users/George/Documents/GitHub/CastleAndroidGame/CastleGame/Content/Levels/MainMenu.umap" TEMPLATE=0 SHOWPROGRESS=1 FEATURELEVEL=3
[2015.07.04-22.41.25:594][553]LightingResults: New page: Lighting Build
[2015.07.04-22.41.25:616][553]LoadErrors: New page: Loading map: MainMenu.umap
[2015.07.04-22.41.25:641][553]MapCheck: New page: Map Check
[2015.07.04-22.41.25:642][553]LightingResults: New page: Lighting Build
[2015.07.04-22.41.25:653][553]LogParticles: Destroying 0 GPU particle simulations for FXSystem 0x00000031FC3274C0
[2015.07.04-22.41.25:694][553]LogAIModule: Creating AISystem for world MainMenu
[2015.07.04-22.41.25:718][553]LogEditorServer: Finished looking for orphan Actors (0.000 secs)
[2015.07.04-22.41.25:781][553]Cmd: MAP CHECKDEP NOCLEARLOG
[2015.07.04-22.41.25:824][553]MapCheck: Info Map check complete: 0 Error(s), 0 Warning(s), took 42.351ms to complete.
[2015.07.04-22.41.25:827][553]LogFileHelpers: Loading map 'MainMenu' took 0.242
[2015.07.04-22.41.31:944][914]LogRenderTargetPool:Warning: r.RenderTargetPoolMin exceeded 438/400 MB (ok in editor, bad on fixed memory platform)
[2015.07.04-22.41.35:051][100]LogRenderTargetPool:Warning: r.RenderTargetPoolMin exceeded 438/400 MB (ok in editor, bad on fixed memory platform)
[2015.07.04-22.41.35:245][112]LogRenderTargetPool:Warning: r.RenderTargetPoolMin exceeded 438/400 MB (ok in editor, bad on fixed memory platform)
[2015.07.04-22.41.35:877][150]LogRenderTargetPool:Warning: r.RenderTargetPoolMin exceeded 438/400 MB (ok in editor, bad on fixed memory platform)
[2015.07.04-22.41.36:561][191]LogRenderTargetPool:Warning: r.RenderTargetPoolMin exceeded 438/400 MB (ok in editor, bad on fixed memory platform)
[2015.07.04-22.41.37:629][255]LogRenderTargetPool:Warning: r.RenderTargetPoolMin exceeded 438/400 MB (ok in editor, bad on fixed memory platform)
[2015.07.04-22.41.44:738][677]LogRenderTargetPool:Warning: r.RenderTargetPoolMin exceeded 438/400 MB (ok in editor, bad on fixed memory platform)
[2015.07.04-22.41.49:952][985]LogLinker:Warning: Asset '../../../Engine/Content/ArtTools/RenderToTexture/Macros/RenderToTextureMacros.uasset' has been saved with empty engine version. The asset will be loaded but may be incompatible.
[2015.07.04-22.41.49:991][985]LogLinker:Warning: Asset '../../../Engine/Content/ArtTools/RenderToTexture/Enums/RenderToTexture_Enum.uasset' has been saved with empty engine version. The asset will be loaded but may be incompatible.
[2015.07.04-22.41.52:285][ 58]Cmd: OBJ SAVEPACKAGE PACKAGE="/Game/Player/HUD/MainMenuHUD" FILE="../../../../../../Users/George/Documents/GitHub/CastleAndroidGame/CastleGame/Content/Player/HUD/MainMenuHUD.uasset" SILENT=true
[2015.07.04-22.41.52:305][ 58]LogSavePackage: Save=7.807027ms
[2015.07.04-22.41.52:305][ 58]LogSavePackage: Moving '../../../../../../Users/George/Documents/GitHub/CastleAndroidGame/CastleGame/Saved/MainMenuHUD0B768BBA4EB33A54A2C1A4BB7E5A068E.tmp' to '../../../../../../Users/George/Documents/GitHub/CastleAndroidGame/CastleGame/Content/Player/HUD/MainMenuHUD.uasset'
[2015.07.05-04.20.01:903][ 91]LogRenderTargetPool:Warning: r.RenderTargetPoolMin exceeded 438/400 MB (ok in editor, bad on fixed memory platform)
[2015.07.05-04.43.01:537][268]LogRenderTargetPool:Warning: r.RenderTargetPoolMin exceeded 438/400 MB (ok in editor, bad on fixed memory platform)
[2015.07.05-04.43.09:203][568]LogRenderTargetPool:Warning: r.RenderTargetPoolMin exceeded 438/400 MB (ok in editor, bad on fixed memory platform)
[2015.07.05-10.46.10:635][416]LogUObjectHash:Warning: Ambiguous search, could be VerticalBox /Game/Player/HUD/MainMenuHUD.MainMenuHUD:WidgetTree.VerticalBox_64 or VerticalBox /Game/Player/HUD/MainMenuHUD.SKEL_MainMenuHUD_C:WidgetTree_39.VerticalBox_64
[2015.07.05-10.46.10:635][416]LogUObjectHash:Warning: Ambiguous search, could be VerticalBox /Game/Player/HUD/MainMenuHUD.MainMenuHUD:WidgetTree.VerticalBox_64 or VerticalBox /Game/Player/HUD/MainMenuHUD.MainMenuHUD_C:WidgetTree_16.VerticalBox_64
[2015.07.05-10.46.10:635][416]LogUObjectHash:Warning: Ambiguous search, could be VerticalBox /Game/Player/HUD/MainMenuHUD.MainMenuHUD:WidgetTree.VerticalBox_64 or VerticalBox /Engine/Transient.World_5:MainMenuHUD_C_2.WidgetTree_17.VerticalBox_64
[2015.07.05-10.46.10:635][416]LogUObjectHash:Warning: Ambiguous search, could be VerticalBox /Game/Player/HUD/MainMenuHUD.MainMenuHUD:WidgetTree.VerticalBox_64 or VerticalBox /Engine/Transient.REINST_SKEL_MainMenuHUD_C_6:WidgetTree_15.VerticalBox_64
[2015.07.05-10.46.10:635][416]LogUObjectHash:Warning: Ambiguous search, could be VerticalBox /Game/Player/HUD/MainMenuHUD.MainMenuHUD:WidgetTree.VerticalBox_64 or VerticalBox /Game/Player/HUD/MainMenuHUD.SKEL_MainMenuHUD_C:WidgetTree_43.VerticalBox_64
[2015.07.05-10.46.10:635][416]LogUObjectHash:Warning: Ambiguous search, could be VerticalBox /Game/Player/HUD/MainMenuHUD.MainMenuHUD:WidgetTree.VerticalBox_64 or VerticalBox /Game/Player/HUD/MainMenuHUD.MainMenuHUD_C:WidgetTree_20.VerticalBox_64
[2015.07.05-10.46.10:635][416]LogUObjectHash:Warning: Ambiguous search, could be VerticalBox /Game/Player/HUD/MainMenuHUD.MainMenuHUD:WidgetTree.VerticalBox_64 or VerticalBox /Engine/Transient.World_5:MainMenuHUD_C_3.WidgetTree_21.VerticalBox_64
[2015.07.05-10.46.10:635][416]LogUObjectHash:Warning: Ambiguous search, could be VerticalBox /Game/Player/HUD/MainMenuHUD.MainMenuHUD:WidgetTree.VerticalBox_64 or VerticalBox /Engine/Transient.REINST_SKEL_MainMenuHUD_C_7:WidgetTree_19.VerticalBox_64
[2015.07.05-10.46.10:635][416]LogUObjectHash:Warning: Ambiguous search, could be VerticalBox /Game/Player/HUD/MainMenuHUD.MainMenuHUD:WidgetTree.VerticalBox_64 or VerticalBox /Game/Player/HUD/MainMenuHUD.MainMenuHUD_C:WidgetTree_24.VerticalBox_64
[2015.07.05-10.46.10:635][416]LogUObjectHash:Warning: Ambiguous search, could be VerticalBox /Game/Player/HUD/MainMenuHUD.MainMenuHUD:WidgetTree.VerticalBox_64 or VerticalBox /Engine/Transient.World_5:MainMenuHUD_C_4.WidgetTree_25.VerticalBox_64
[2015.07.05-10.46.10:635][416]LogUObjectHash:Warning: Ambiguous search, could be VerticalBox /Game/Player/HUD/MainMenuHUD.MainMenuHUD:WidgetTree.VerticalBox_64 or VerticalBox /Engine/Transient.REINST_SKEL_MainMenuHUD_C_8:WidgetTree_23.VerticalBox_64
[2015.07.05-10.46.10:635][416]LogUObjectHash:Warning: Ambiguous search, could be VerticalBox /Game/Player/HUD/MainMenuHUD.MainMenuHUD:WidgetTree.VerticalBox_64 or VerticalBox /Game/Player/HUD/MainMenuHUD.MainMenuHUD_C:WidgetTree_28.VerticalBox_64
[2015.07.05-10.46.10:635][416]LogUObjectHash:Warning: Ambiguous search, could be VerticalBox /Game/Player/HUD/MainMenuHUD.MainMenuHUD:WidgetTree.VerticalBox_64 or VerticalBox /Engine/Transient.World_5:MainMenuHUD_C_5.WidgetTree_29.VerticalBox_64
[2015.07.05-10.46.10:635][416]LogUObjectHash:Warning: Ambiguous search, could be VerticalBox /Game/Player/HUD/MainMenuHUD.MainMenuHUD:WidgetTree.VerticalBox_64 or VerticalBox /Engine/Transient.REINST_SKEL_MainMenuHUD_C_9:WidgetTree_27.VerticalBox_64
[2015.07.05-10.46.10:635][416]LogUObjectHash:Warning: Ambiguous search, could be VerticalBox /Game/Player/HUD/MainMenuHUD.MainMenuHUD:WidgetTree.VerticalBox_64 or VerticalBox /Game/Player/HUD/MainMenuHUD.MainMenuHUD_C:WidgetTree_32.VerticalBox_64
[2015.07.05-10.46.10:635][416]LogUObjectHash:Warning: Ambiguous search, could be VerticalBox /Game/Player/HUD/MainMenuHUD.MainMenuHUD:WidgetTree.VerticalBox_64 or VerticalBox /Engine/Transient.World_5:MainMenuHUD_C_6.WidgetTree_33.VerticalBox_64
[2015.07.05-10.46.10:635][416]LogUObjectHash:Warning: Ambiguous search, could be VerticalBox /Game/Player/HUD/MainMenuHUD.MainMenuHUD:WidgetTree.VerticalBox_64 or VerticalBox /Engine/Transient.REINST_SKEL_MainMenuHUD_C_10:WidgetTree_31.VerticalBox_64
[2015.07.05-10.46.10:635][416]LogUObjectHash:Warning: Ambiguous search, could be VerticalBox /Game/Player/HUD/MainMenuHUD.MainMenuHUD:WidgetTree.VerticalBox_64 or VerticalBox /Game/Player/HUD/MainMenuHUD.MainMenuHUD_C:WidgetTree_36.VerticalBox_64
[2015.07.05-10.46.10:635][416]LogUObjectHash:Warning: Ambiguous search, could be VerticalBox /Game/Player/HUD/MainMenuHUD.MainMenuHUD:WidgetTree.VerticalBox_64 or VerticalBox /Engine/Transient.World_5:MainMenuHUD_C_7.WidgetTree_37.VerticalBox_64
[2015.07.05-10.46.10:635][416]LogUObjectHash:Warning: Ambiguous search, could be VerticalBox /Game/Player/HUD/MainMenuHUD.MainMenuHUD:WidgetTree.VerticalBox_64 or VerticalBox /Engine/Transient.REINST_SKEL_MainMenuHUD_C_11:WidgetTree_35.VerticalBox_64
[2015.07.05-10.46.10:635][416]LogUObjectHash:Warning: Ambiguous search, could be VerticalBox /Game/Player/HUD/MainMenuHUD.MainMenuHUD:WidgetTree.VerticalBox_64 or VerticalBox /Game/Player/HUD/MainMenuHUD.MainMenuHUD_C:WidgetTree_40.VerticalBox_64
[2015.07.05-10.46.10:635][416]LogUObjectHash:Warning: Ambiguous search, could be VerticalBox /Game/Player/HUD/MainMenuHUD.MainMenuHUD:WidgetTree.VerticalBox_64 or VerticalBox /Engine/Transient.World_5:MainMenuHUD_C_8.WidgetTree_41.VerticalBox_64
[2015.07.05-10.46.10:635][416]LogUObjectHash:Warning: Ambiguous search, could be VerticalBox /Game/Player/HUD/MainMenuHUD.MainMenuHUD:WidgetTree.VerticalBox_64 or VerticalBox /Engine/Transient.REINST_SKEL_MainMenuHUD_C_12:WidgetTree_39.VerticalBox_64
[2015.07.05-10.46.10:635][416]LogUObjectHash:Warning: Ambiguous search, could be VerticalBox /Game/Player/HUD/MainMenuHUD.MainMenuHUD:WidgetTree.VerticalBox_64 or VerticalBox /Game/Player/HUD/MainMenuHUD.MainMenuHUD_C:WidgetTree_44.VerticalBox_64
[2015.07.05-10.46.10:635][416]LogUObjectHash:Warning: Ambiguous search, could be VerticalBox /Game/Player/HUD/MainMenuHUD.MainMenuHUD:WidgetTree.VerticalBox_64 or VerticalBox /Engine/Transient.World_5:MainMenuHUD_C_9.WidgetTree_45.VerticalBox_64
[2015.07.05-10.46.10:635][416]LogProperty:Warning: Illegal TEXT reference to a private object in external package (VerticalBoxSlot /Game/Player/HUD/MainMenuHUD.MainMenuHUD:WidgetTree.VerticalBox_64.VerticalBoxSlot_110) from referencer (Button /Engine/UMG/Editor/Transient.Button_96).  Import failed...
[2015.07.05-10.46.10:635][416]LogProperty:Warning: ObjectProperty /Script/UMG.Widget:Slot: unresolved reference to 'VerticalBoxSlot'VerticalBox_64.VerticalBoxSlot_110''
[2015.07.05-10.46.13:177][567]LogUObjectHash:Warning: Ambiguous search, could be VerticalBox /Game/Player/HUD/MainMenuHUD.MainMenuHUD:WidgetTree.VerticalBox_64 or VerticalBox /Game/Player/HUD/MainMenuHUD.SKEL_MainMenuHUD_C:WidgetTree_47.VerticalBox_64
[2015.07.05-10.46.13:178][567]LogUObjectHash:Warning: Ambiguous search, could be VerticalBox /Game/Player/HUD/MainMenuHUD.MainMenuHUD:WidgetTree.VerticalBox_64 or VerticalBox /Game/Player/HUD/MainMenuHUD.MainMenuHUD_C:WidgetTree_16.VerticalBox_64
[2015.07.05-10.46.13:178][567]LogUObjectHash:Warning: Ambiguous search, could be VerticalBox /Game/Player/HUD/MainMenuHUD.MainMenuHUD:WidgetTree.VerticalBox_64 or VerticalBox /Engine/Transient.World_5:MainMenuHUD_C_2.WidgetTree_17.VerticalBox_64
[2015.07.05-10.46.13:178][567]LogUObjectHash:Warning: Ambiguous search, could be VerticalBox /Game/Player/HUD/MainMenuHUD.MainMenuHUD:WidgetTree.VerticalBox_64 or VerticalBox /Engine/Transient.REINST_SKEL_MainMenuHUD_C_6:WidgetTree_15.VerticalBox_64
[2015.07.05-10.46.13:178][567]LogUObjectHash:Warning: Ambiguous search, could be VerticalBox /Game/Player/HUD/MainMenuHUD.MainMenuHUD:WidgetTree.VerticalBox_64 or VerticalBox /Game/Player/HUD/MainMenuHUD.SKEL_MainMenuHUD_C:WidgetTree_43.VerticalBox_64
[2015.07.05-10.46.13:178][567]LogUObjectHash:Warning: Ambiguous search, could be VerticalBox /Game/Player/HUD/MainMenuHUD.MainMenuHUD:WidgetTree.VerticalBox_64 or VerticalBox /Game/Player/HUD/MainMenuHUD.MainMenuHUD_C:WidgetTree_20.VerticalBox_64
[2015.07.05-10.46.13:178][567]LogUObjectHash:Warning: Ambiguous search, could be VerticalBox /Game/Player/HUD/MainMenuHUD.MainMenuHUD:WidgetTree.VerticalBox_64 or VerticalBox /Engine/Transient.World_5:MainMenuHUD_C_3.WidgetTree_21.VerticalBox_64
[2015.07.05-10.46.13:178][567]LogUObjectHash:Warning: Ambiguous search, could be VerticalBox /Game/Player/HUD/MainMenuHUD.MainMenuHUD:WidgetTree.VerticalBox_64 or VerticalBox /Engine/Transient.REINST_SKEL_MainMenuHUD_C_7:WidgetTree_19.VerticalBox_64
[2015.07.05-10.46.13:178][567]LogUObjectHash:Warning: Ambiguous search, could be VerticalBox /Game/Player/HUD/MainMenuHUD.MainMenuHUD:WidgetTree.VerticalBox_64 or VerticalBox /Game/Player/HUD/MainMenuHUD.MainMenuHUD_C:WidgetTree_24.VerticalBox_64
[2015.07.05-10.46.13:178][567]LogUObjectHash:Warning: Ambiguous search, could be VerticalBox /Game/Player/HUD/MainMenuHUD.MainMenuHUD:WidgetTree.VerticalBox_64 or VerticalBox /Engine/Transient.World_5:MainMenuHUD_C_4.WidgetTree_25.VerticalBox_64
[2015.07.05-10.46.13:178][567]LogUObjectHash:Warning: Ambiguous search, could be VerticalBox /Game/Player/HUD/MainMenuHUD.MainMenuHUD:WidgetTree.VerticalBox_64 or VerticalBox /Engine/Transient.REINST_SKEL_MainMenuHUD_C_8:WidgetTree_23.VerticalBox_64
[2015.07.05-10.46.13:178][567]LogUObjectHash:Warning: Ambiguous search, could be VerticalBox /Game/Player/HUD/MainMenuHUD.MainMenuHUD:WidgetTree.VerticalBox_64 or VerticalBox /Game/Player/HUD/MainMenuHUD.MainMenuHUD_C:WidgetTree_28.VerticalBox_64
[2015.07.05-10.46.13:178][567]LogUObjectHash:Warning: Ambiguous search, could be VerticalBox /Game/Player/HUD/MainMenuHUD.MainMenuHUD:WidgetTree.VerticalBox_64 or VerticalBox /Engine/Transient.World_5:MainMenuHUD_C_5.WidgetTree_29.VerticalBox_64
[2015.07.05-10.46.13:178][567]LogUObjectHash:Warning: Ambiguous search, could be VerticalBox /Game/Player/HUD/MainMenuHUD.MainMenuHUD:WidgetTree.VerticalBox_64 or VerticalBox /Engine/Transient.REINST_SKEL_MainMenuHUD_C_9:WidgetTree_27.VerticalBox_64
[2015.07.05-10.46.13:178][567]LogUObjectHash:Warning: Ambiguous search, could be VerticalBox /Game/Player/HUD/MainMenuHUD.MainMenuHUD:WidgetTree.VerticalBox_64 or VerticalBox /Game/Player/HUD/MainMenuHUD.MainMenuHUD_C:WidgetTree_32.VerticalBox_64
[2015.07.05-10.46.13:178][567]LogUObjectHash:Warning: Ambiguous search, could be VerticalBox /Game/Player/HUD/MainMenuHUD.MainMenuHUD:WidgetTree.VerticalBox_64 or VerticalBox /Engine/Transient.World_5:MainMenuHUD_C_6.WidgetTree_33.VerticalBox_64
[2015.07.05-10.46.13:178][567]LogUObjectHash:Warning: Ambiguous search, could be VerticalBox /Game/Player/HUD/MainMenuHUD.MainMenuHUD:WidgetTree.VerticalBox_64 or VerticalBox /Engine/Transient.REINST_SKEL_MainMenuHUD_C_10:WidgetTree_31.VerticalBox_64
[2015.07.05-10.46.13:178][567]LogUObjectHash:Warning: Ambiguous search, could be VerticalBox /Game/Player/HUD/MainMenuHUD.MainMenuHUD:WidgetTree.VerticalBox_64 or VerticalBox /Game/Player/HUD/MainMenuHUD.MainMenuHUD_C:WidgetTree_36.VerticalBox_64
[2015.07.05-10.46.13:178][567]LogUObjectHash:Warning: Ambiguous search, could be VerticalBox /Game/Player/HUD/MainMenuHUD.MainMenuHUD:WidgetTree.VerticalBox_64 or VerticalBox /Engine/Transient.World_5:MainMenuHUD_C_7.WidgetTree_37.VerticalBox_64
[2015.07.05-10.46.13:178][567]LogUObjectHash:Warning: Ambiguous search, could be VerticalBox /Game/Player/HUD/MainMenuHUD.MainMenuHUD:WidgetTree.VerticalBox_64 or VerticalBox /Engine/Transient.REINST_SKEL_MainMenuHUD_C_11:WidgetTree_35.VerticalBox_64
[2015.07.05-10.46.13:178][567]LogUObjectHash:Warning: Ambiguous search, could be VerticalBox /Game/Player/HUD/MainMenuHUD.MainMenuHUD:WidgetTree.VerticalBox_64 or VerticalBox /Game/Player/HUD/MainMenuHUD.MainMenuHUD_C:WidgetTree_40.VerticalBox_64
[2015.07.05-10.46.13:178][567]LogUObjectHash:Warning: Ambiguous search, could be VerticalBox /Game/Player/HUD/MainMenuHUD.MainMenuHUD:WidgetTree.VerticalBox_64 or VerticalBox /Engine/Transient.World_5:MainMenuHUD_C_8.WidgetTree_41.VerticalBox_64
[2015.07.05-10.46.13:178][567]LogUObjectHash:Warning: Ambiguous search, could be VerticalBox /Game/Player/HUD/MainMenuHUD.MainMenuHUD:WidgetTree.VerticalBox_64 or VerticalBox /Engine/Transient.REINST_SKEL_MainMenuHUD_C_12:WidgetTree_39.VerticalBox_64
[2015.07.05-10.46.13:178][567]LogUObjectHash:Warning: Ambiguous search, could be VerticalBox /Game/Player/HUD/MainMenuHUD.MainMenuHUD:WidgetTree.VerticalBox_64 or VerticalBox /Game/Player/HUD/MainMenuHUD.MainMenuHUD_C:WidgetTree_44.VerticalBox_64
[2015.07.05-10.46.13:178][567]LogUObjectHash:Warning: Ambiguous search, could be VerticalBox /Game/Player/HUD/MainMenuHUD.MainMenuHUD:WidgetTree.VerticalBox_64 or VerticalBox /Engine/Transient.World_5:MainMenuHUD_C_9.WidgetTree_45.VerticalBox_64
[2015.07.05-10.46.13:178][567]LogUObjectHash:Warning: Ambiguous search, could be VerticalBox /Game/Player/HUD/MainMenuHUD.MainMenuHUD:WidgetTree.VerticalBox_64 or VerticalBox /Engine/Transient.REINST_SKEL_MainMenuHUD_C_13:WidgetTree_43.VerticalBox_64
[2015.07.05-10.46.13:178][567]LogUObjectHash:Warning: Ambiguous search, could be VerticalBox /Game/Player/HUD/MainMenuHUD.MainMenuHUD:WidgetTree.VerticalBox_64 or VerticalBox /Game/Player/HUD/MainMenuHUD.MainMenuHUD_C:WidgetTree_48.VerticalBox_64
[2015.07.05-10.46.13:178][567]LogUObjectHash:Warning: Ambiguous search, could be VerticalBox /Game/Player/HUD/MainMenuHUD.MainMenuHUD:WidgetTree.VerticalBox_64 or VerticalBox /Engine/Transient.World_5:MainMenuHUD_C_10.WidgetTree_49.VerticalBox_64
[2015.07.05-10.46.13:178][567]LogProperty:Warning: Illegal TEXT reference to a private object in external package (VerticalBoxSlot /Game/Player/HUD/MainMenuHUD.MainMenuHUD:WidgetTree.VerticalBox_64.VerticalBoxSlot_110) from referencer (Button /Engine/UMG/Editor/Transient.Button_96).  Import failed...
[2015.07.05-10.46.13:178][567]LogProperty:Warning: ObjectProperty /Script/UMG.Widget:Slot: unresolved reference to 'VerticalBoxSlot'VerticalBox_64.VerticalBoxSlot_110''
[2015.07.05-10.46.54:700][ 29]LogEditorTransaction: Undo Move Widget
[2015.07.05-10.51.29:704][997]LogFileHelpers: Editor autosave (incl. sublevels) for '/Game/Levels/MainMenu' took 0.064
[2015.07.05-10.51.29:709][997]OBJ