[2015.07.08-08.12.13:641][  0]Log file open, 07/08/15 17:42:13
[2015.07.08-08.12.13:641][  0]LogInit:Display: Running engine for game: CastleGame
[2015.07.08-08.12.13:641][  0]LogInit:Display: RandInit(1370483587) SRandInit(1370483587).
[2015.07.08-08.12.13:641][  0]LogTaskGraph: Started task graph with 4 named threads and 7 total threads.
[2015.07.08-08.12.13:641][  0]LogStats: Stats thread started
[2015.07.08-08.12.13:641][  0]LogInit: Version: 4.8.1-2591939+++depot+UE4-Releases+4.8
[2015.07.08-08.12.13:641][  0]LogInit: API Version: 2579680
[2015.07.08-08.12.13:641][  0]LogInit: Compiled (64-bit): Jun 18 2015 11:02:04
[2015.07.08-08.12.13:641][  0]LogInit: Compiled with Visual C++: 18.00.21005.01
[2015.07.08-08.12.13:641][  0]LogInit: Build Configuration: Development
[2015.07.08-08.12.13:641][  0]LogInit: Branch Name: ++depot+UE4-Releases+4.8
[2015.07.08-08.12.13:641][  0]LogInit: Command line:  
[2015.07.08-08.12.13:641][  0]LogInit: Base directory: C:/Program Files/Epic Games/4.8/Engine/Binaries/Win64/
[2015.07.08-08.12.13:641][  0]LogInit: Rocket: 1
[2015.07.08-08.12.13:678][  0]LogInit: Using libcurl 7.41.0
[2015.07.08-08.12.13:678][  0]LogInit:  - built for x86_64-pc-win32
[2015.07.08-08.12.13:678][  0]LogInit:  - supports SSL with WinSSL
[2015.07.08-08.12.13:678][  0]LogInit:  - other features:
[2015.07.08-08.12.13:678][  0]LogInit:      CURL_VERSION_SSL
[2015.07.08-08.12.13:678][  0]LogInit:      CURL_VERSION_IPV6
[2015.07.08-08.12.13:678][  0]LogInit:      CURL_VERSION_ASYNCHDNS
[2015.07.08-08.12.13:678][  0]LogInit:      CURL_VERSION_LARGEFILE
[2015.07.08-08.12.13:678][  0]LogInit:      CURL_VERSION_IDN
[2015.07.08-08.12.13:678][  0]LogInit:  CurlRequestOptions (configurable via config and command line):
[2015.07.08-08.12.13:678][  0]LogInit:  - bVerifyPeer = true  - Libcurl will verify peer certificate
[2015.07.08-08.12.13:678][  0]LogInit:  - bUseHttpProxy = false  - Libcurl will NOT use HTTP proxy
[2015.07.08-08.12.13:678][  0]LogInit:  - bDontReuseConnections = false  - Libcurl will reuse connections
[2015.07.08-08.12.13:678][  0]LogInit:  - CertBundlePath = nullptr  - Libcurl will use whatever was configured at build time.
[2015.07.08-08.12.13:709][  0]LogOnline:Warning: No default platform service specified for OnlineSubsystem
[2015.07.08-08.12.14:044][  0]LogInit: Presizing for 0 objects not considered by GC, pre-allocating 0 bytes.
[2015.07.08-08.12.14:054][  0]LogInit: Object subsystem initialized
[2015.07.08-08.12.14:055][  0]LogConsoleResponse:Warning: Skipping Unknown console variable: 'TranslucentSortAxis = (X=0.000000,Y=-1.000000,Z=0.000000)'
[2015.07.08-08.12.14:055][  0]LogConsoleResponse:Warning:   Found in ini file 'C:/Users/Eric/Documents/GitHub Projects/CastleAndroidGame/CastleGame/Saved/Config/Windows/Engine.ini', in section '[/Script/Engine.RendererSettings]'
[2015.07.08-08.12.14:056][  0]LogConsoleResponse:Warning: Skipping Unknown console variable: 'UIScaleRule = ShortestSide'
[2015.07.08-08.12.14:056][  0]LogConsoleResponse:Warning:   Found in ini file 'C:/Users/Eric/Documents/GitHub Projects/CastleAndroidGame/CastleGame/Saved/Config/Windows/Engine.ini', in section '[/Script/Engine.RendererSettings]'
[2015.07.08-08.12.14:056][  0]LogConsoleResponse:Warning: Skipping Unknown console variable: 'UIScaleCurve = (EditorCurveData=(Keys=),ExternalCurve=None)'
[2015.07.08-08.12.14:056][  0]LogConsoleResponse:Warning:   Found in ini file 'C:/Users/Eric/Documents/GitHub Projects/CastleAndroidGame/CastleGame/Saved/Config/Windows/Engine.ini', in section '[/Script/Engine.RendererSettings]'
[2015.07.08-08.12.14:056][  0]LogInit: Selected Device Profile: [Windows]
[2015.07.08-08.12.14:056][  0]LogInit: Applying CVar settings loaded from the selected device profile: [Windows]
[2015.07.08-08.12.14:110][  0]LogInit: Computer: ERIC-PC
[2015.07.08-08.12.14:110][  0]LogInit: User: Eric
[2015.07.08-08.12.14:110][  0]LogInit: CPU Page size=4096, Cores=4
[2015.07.08-08.12.14:110][  0]LogInit: High frequency timer resolution =1.948750 MHz
[2015.07.08-08.12.14:110][  0]LogMemory: Memory total: Physical=7.9GB (8GB approx)
[2015.07.08-08.12.14:110][  0]LogMemory: Platform Memory Stats for Windows
[2015.07.08-08.12.14:110][  0]LogMemory: Process Physical Memory: 50.29 MB used, 50.29 MB peak
[2015.07.08-08.12.14:110][  0]LogMemory: Process Virtual Memory: 24.27 MB used, 24.27 MB peak
[2015.07.08-08.12.14:110][  0]LogMemory: Physical Memory: 2639.03 MB used, 8139.86 MB total
[2015.07.08-08.12.14:110][  0]LogMemory: Virtual Memory: 283.02 MB used, 8388608.00 MB total
[2015.07.08-08.12.15:242][  0]LogTextLocalizationManager: The requested culture ('en_AU') has no localization data; parent culture's ('en') localization data will be used.
[2015.07.08-08.12.15:696][  0]LogTextLocalizationManager:Warning: Loaded localization resources contain conflicting entries for (Namespace:ContentBrowser, Key:ImportAssetToolTip):
Localization Resource: (C:/Program Files/Epic Games/4.8/Engine/Content/Localization/Editor/en/Editor.locres) Source String Hash: (-630476809) Localized String: (Import to {0}...)
Localization Resource: (C:/Program Files/Epic Games/4.8/Engine/Content/Localization/Editor/en/Editor.locres) Source String Hash: (1271782899) Localized String: (Imports an asset from file to this folder.)
[2015.07.08-08.12.16:883][  0]LogD3D11RHI: Found D3D11 adapter 0: Radeon (TM) HD 6770M (Feature Level 11_0)
[2015.07.08-08.12.16:883][  0]LogD3D11RHI: Adapter has 1008MB of dedicated video memory, 0MB of dedicated system memory, and 3813MB of shared system memory, 1 output[s]
[2015.07.08-08.12.17:202][  0]LogD3D11RHI: Found D3D11 adapter 1: Intel(R) HD Graphics Family (Feature Level 10_0)
[2015.07.08-08.12.17:202][  0]LogD3D11RHI: Adapter has 64MB of dedicated video memory, 0MB of dedicated system memory, and 1632MB of shared system memory, 0 output[s]
[2015.07.08-08.12.17:202][  0]LogD3D11RHI: Chosen D3D11 Adapter Id = 0
[2015.07.08-08.12.17:211][  0]LogRHI: Texture pool is 705 MB (70% of 1008 MB)
[2015.07.08-08.12.17:247][  0]LogD3D11RHI: Async texture creation disabled: no driver support
[2015.07.08-08.12.17:261][  0]LogShaderCompilers:Display: Using Local Shader Compiler.
[2015.07.08-08.12.24:493][  0]LogTemp:Display: Loaded TP DesktopTargetPlatform
[2015.07.08-08.12.24:574][  0]LogTemp:Display: Loaded TP WindowsClientTargetPlatform
[2015.07.08-08.12.24:632][  0]LogTemp:Display: Loaded TP WindowsNoEditorTargetPlatform
[2015.07.08-08.12.24:724][  0]LogTemp:Display: Loaded TP WindowsServerTargetPlatform
[2015.07.08-08.12.24:806][  0]LogTemp:Display: Loaded TP WindowsTargetPlatform
[2015.07.08-08.12.24:907][  0]LogTemp:Display: Loaded TP AndroidTargetPlatform
[2015.07.08-08.12.24:985][  0]LogTemp:Display: Loaded TP Android_ASTCTargetPlatform
[2015.07.08-08.12.25:049][  0]LogTemp:Display: Loaded TP Android_ATCTargetPlatform
[2015.07.08-08.12.25:099][  0]LogTemp:Display: Loaded TP Android_DXTTargetPlatform
[2015.07.08-08.12.25:157][  0]LogTemp:Display: Loaded TP Android_ETC1TargetPlatform
[2015.07.08-08.12.25:215][  0]LogTemp:Display: Loaded TP Android_ETC2TargetPlatform
[2015.07.08-08.12.25:285][  0]LogTemp:Display: Loaded TP Android_PVRTCTargetPlatform
[2015.07.08-08.12.25:609][  0]LogTemp:Display: Loaded TP IOSTargetPlatform
[2015.07.08-08.12.25:680][  0]LogTemp:Display: Loaded TP LinuxNoEditorTargetPlatform
[2015.07.08-08.12.25:798][  0]LogTemp:Display: Loaded TP LinuxServerTargetPlatform
[2015.07.08-08.12.25:856][  0]LogTemp:Display: Loaded TP LinuxTargetPlatform
[2015.07.08-08.12.25:856][  0]LogTargetPlatformManager:Display: Building Assets For Windows
[2015.07.08-08.12.27:365][  0]LogDerivedDataCache:Display: Max Cache Size: 512 MB
[2015.07.08-08.12.27:366][  0]LogDerivedDataCache:Display: Starting with empty Boot cache
[2015.07.08-08.12.27:366][  0]LogDerivedDataCache: FDerivedDataBackendGraph:  Pak pak cache file ../../../../../../Users/Eric/Documents/GitHub Projects/CastleAndroidGame/CastleGame/DerivedDataCache/DDC.ddp not found, will not use a pak cache.
[2015.07.08-08.12.27:366][  0]LogDerivedDataCache: Unable to find inner node Pak for hierarchical cache Hierarchy.
[2015.07.08-08.12.27:366][  0]LogDerivedDataCache: FDerivedDataBackendGraph:  CompressedPak pak cache file ../../../../../../Users/Eric/Documents/GitHub Projects/CastleAndroidGame/CastleGame/DerivedDataCache/Compressed.ddp not found, will not use a pak cache.
[2015.07.08-08.12.27:366][  0]LogDerivedDataCache: Unable to find inner node CompressedPak for hierarchical cache Hierarchy.
[2015.07.08-08.12.27:663][  0]LogDerivedDataCache:Display: Pak cache opened for reading ../../../Engine/DerivedDataCache/Compressed.ddp.
[2015.07.08-08.12.27:675][  0]LogDerivedDataCache: Using Local data cache path C:/Users/Eric/AppData/Local/UnrealEngine/Common/DerivedDataCache: Writable
[2015.07.08-08.12.33:118][  0]LogInit: Selected Device Profile: [Windows]
[2015.07.08-08.12.33:174][  0]ImportText (ComponentSweepMultiTests): Missing closing parenthesis: (RootShapeAsset="/Engine/BasicShapes/Cube.Cube",ShapeType="TriggerCapsule",HitResult=(Time=0.50,Location=(X=-100.000015,Y=0.0,Z=100.000015),ImpactPoint=(X=-50.0,Y=0.0,Z=50.0),Normal=(X=-1.0,Y=-0.0,Z=0.0),ImpactNormal=(X=0.0,Y=0.0,Z=1.0),TraceStart=(X=-200.0,Y=0.0,Z=200.0),TraceEnd=(X=0.0,Y=0.0,Z=0.0))
[2015.07.08-08.12.33:174][  0]ImportText (LineTraceSingleByChannelTests): Missing closing parenthesis: (RootShapeAsset="/Engine/BasicShapes/Cube.Cube",HitResult=(Time=0.50,Location=(X=-100.000015,Y=0.0,Z=100.000015),ImpactPoint=(X=-50.0,Y=0.0,Z=50.0),Normal=(X=-1.0,Y=-0.0,Z=0.0),ImpactNormal=(X=0.0,Y=0.0,Z=1.0),TraceStart=(X=-200.0,Y=0.0,Z=200.0),TraceEnd=(X=0.0,Y=0.0,Z=0.0))
[2015.07.08-08.12.33:457][  0]LogMeshUtilities: No automatic mesh reduction module available
[2015.07.08-08.12.33:457][  0]LogMeshUtilities: No automatic mesh merging module available
[2015.07.08-08.12.37:860][  0]LogInit: WinSock: version 1.1 (2.2), MaxSocks=32767, MaxUdp=65467
[2015.07.08-08.13.06:993][  0]UdpMessaging: Initializing bridge on interface 0.0.0.0:0 to multicast group 230.0.0.1:6666.
[2015.07.08-08.13.10:116][  0]SourceControl: Info Source control is disabled
[2015.07.08-08.13.10:160][  0]SourceControl: Info Source control is disabled
[2015.07.08-08.13.10:245][  0]SourceControl: Info Source control is disabled
[2015.07.08-08.13.10:342][  0]SourceControl: Info Source control is disabled
[2015.07.08-08.13.12:398][  0]LogObj: 26273 objects as part of root set at end of initial load.
[2015.07.08-08.13.12:398][  0]LogUObjectAllocator: 5409256 out of 0 bytes used by permanent object pool.
[2015.07.08-08.13.12:953][  0]LogEngine: Initializing Engine...
[2015.07.08-08.13.12:963][  0]LogHMD: Can't find Oculus library dev build: is proper Runtime installed? Version: 0.6.0.0
[2015.07.08-08.13.13:172][  0]LogHMD:Warning: SteamVR failed to initialize.  Error: 110
[2015.07.08-08.13.14:430][  0]LogAIModule: Creating AISystem for world NewWorld
[2015.07.08-08.13.14:458][  0]LogInit: XAudio2 using 'Speakers / HP (IDT High Definition Audio CODEC)' : 2 channels at 48 kHz using 16 bits per sample (channel mask 0x3)
[2015.07.08-08.13.15:742][  0]LogInit: FAudioDevice initialized.
[2015.07.08-08.13.15:769][  0]LogDerivedDataCache: Saved boot cache 0.03s 53MB C:/Users/Eric/AppData/Local/UnrealEngine/4.8/DerivedDataCache/Boot.ddc.
[2015.07.08-08.13.15:777][  0]LogInit: Texture streaming: Disabled
[2015.07.08-08.13.15:893][  0]LogAnalytics: Creating configured Analytics provider AnalyticsET
[2015.07.08-08.13.15:893][  0]LogAnalytics: [UEEditor.Rocket.Release] APIServer = http://et2.epicgames.com/ET2/. AppVersion = 4.8.1-2591939+++depot+UE4-Releases+4.8
[2015.07.08-08.13.15:893][  0]LogAnalytics: [UEEditor.Rocket.Release] SetUserId df5025e947e4573203357991d2ac7f84|a9faffbd55764587b68831768131d0ff|12181c38-4588-4a70-9bbb-f568677c9ccd
[2015.07.08-08.13.15:894][  0]LogAnalytics: [UEEditor.Rocket.Release] AnalyticsET::StartSession
[2015.07.08-08.13.16:770][  0]LogInit: Transaction tracking system initialized
[2015.07.08-08.13.18:539][  0]BlueprintLog: New page: Editor Load
[2015.07.08-08.13.18:651][  0]LogAssetRegistry: FAssetRegistry took 0.0103 seconds to start up
[2015.07.08-08.13.18:652][  0]LogDirectoryWatcher:Warning: Failed to begin reading directory changes for ../../../Engine/Plugins/Experimental/CharacterAI/Content/. Error: 0
[2015.07.08-08.13.29:139][  0]LogConsoleManager:Warning: Console variable 'r.VSync' wasn't set ('GameSetting' has a lower priority than 'SystemSettingsIni')
[2015.07.08-08.13.29:140][  0]LogConsoleResponse:Display: 
[2015.07.08-08.13.31:736][  0]LogCook:Display: Done creating registry. It took  0.00s.
[2015.07.08-08.13.34:250][  0]SourceControl: Info Source control is disabled
[2015.07.08-08.13.34:250][  0]Cmd: MAP LOAD FILE="../../../../../../Users/Eric/Documents/GitHub Projects/CastleAndroidGame/CastleGame/Content/Levels/LevelOne/LevelOne.umap" TEMPLATE=0 SHOWPROGRESS=1 FEATURELEVEL=3
[2015.07.08-08.13.34:251][  0]LightingResults: New page: Lighting Build
[2015.07.08-08.13.34:280][  0]MapCheck: New page: Map Check
[2015.07.08-08.13.34:280][  0]LightingResults: New page: Lighting Build
[2015.07.08-08.13.34:291][  0]LogParticles: Destroying 0 GPU particle simulations for FXSystem 0x000000001C55C9A0
[2015.07.08-08.13.36:209][  0]LogTexture:Display: Building textures: player_img (BGRA8)
[2015.07.08-08.13.36:338][  0]LogTexture:Display: Building textures: anim_bow0001 (BGRA8)
[2015.07.08-08.13.36:417][  0]LogTexture:Display: Building textures: anim_bow0000 (BGRA8)
[2015.07.08-08.13.36:530][  0]LogTexture:Display: Building textures: spearminion0000 (BGRA8)
[2015.07.08-08.13.36:595][  0]LogTexture:Display: Building textures: spearminion0003 (BGRA8)
[2015.07.08-08.13.36:655][  0]LogTexture:Display: Building textures: spearminion0002 (BGRA8)
[2015.07.08-08.13.36:713][  0]LogTexture:Display: Building textures: spearminion0001 (BGRA8)
[2015.07.08-08.13.36:772][  0]LogTexture:Display: Building textures: spearminion0004 (BGRA8)
[2015.07.08-08.13.36:839][  0]LogTexture:Display: Building textures: Spire (AutoDXT)
[2015.07.08-08.13.36:949][  0]LogTexture:Display: Building textures: LevelOneBG (AutoDXT)
[2015.07.08-08.13.37:173][  0]LogAIModule: Creating AISystem for world LevelOne
[2015.07.08-08.13.37:178][  0]LogEditorServer: Finished looking for orphan Actors (0.000 secs)
[2015.07.08-08.13.37:180][  0]Cmd: MAP CHECKDEP NOCLEARLOG
[2015.07.08-08.13.37:321][  0]MapCheck: Info Map check complete: 0 Error(s), 0 Warning(s), took 140.919ms to complete.
[2015.07.08-08.13.37:321][  0]LogFileHelpers: Loading map 'LevelOne' took 3.071
[2015.07.08-08.13.37:897][  0]LogCollectionManager: Loaded 0 collections in 0.005066 seconds
[2015.07.08-08.13.37:911][  0]LogContentBrowser: Native class hierarchy populated in 0.0132 seconds. Added 1792 classes and 301 folders.
[2015.07.08-08.13.38:363][  0]LogContentBrowser: Native class hierarchy updated for 'WidgetCarousel' in 0.0015 seconds. Added 0 classes and 0 folders.
[2015.07.08-08.13.39:349][  0]LogContentBrowser: Native class hierarchy updated for 'AddContentDialog' in 0.0013 seconds. Added 0 classes and 0 folders.
[2015.07.08-08.13.39:845][  0]LogContentBrowser: Native class hierarchy updated for 'SceneOutliner' in 0.0010 seconds. Added 1 classes and 2 folders.
[2015.07.08-08.13.40:439][  0]LogCrashTracker: Crashtracker disabled due to settings.
[2015.07.08-08.13.40:878][  0]LogLoad: Full Startup: 92.37 seconds (BP compile: 1.08 seconds)
[2015.07.08-08.13.41:221][  0]LoadErrors:Error: Error Failed import for Function /Game/Game/AbstractGameMode.AbstractGameMode_C:Lose
[2015.07.08-08.13.41:221][  0]LoadErrors:Error: Error Failed import for Function /Game/Game/AbstractGameMode.AbstractGameMode_C:SpawnEnemy
[2015.07.08-08.13.41:913][  0]LogContentStreaming: Texture pool size is 0.000000MB
[2015.07.08-08.13.42:051][  0]LogContentStreaming: Texture pool size now 1000 MB
[2015.07.08-08.13.42:519][  0]LogRenderer: Reallocating scene render targets to support 1008x456 (Frame:2).
[2015.07.08-08.13.50:460][ 24]LogAssetRegistry: Asset discovery search completed in 31.8180 seconds
[2015.07.08-08.14.10:878][ 86]LogSynthBenchmark:Display: FSynthBenchmark (V0.95):  requested WorkScale=1.00
[2015.07.08-08.14.10:879][ 86]LogSynthBenchmark:Display: ===============
[2015.07.08-08.14.10:879][ 86]LogSynthBenchmark:Display: Main Processor:
[2015.07.08-08.14.10:935][ 86]LogSynthBenchmark:Display:          ... 0.026704 s/Run 'RayIntersect'
[2015.07.08-08.14.10:935][ 86]LogSynthBenchmark:Display:          ... 0.029425 s/Run 'Fractal'
[2015.07.08-08.14.10:935][ 86]LogSynthBenchmark:Display: 
[2015.07.08-08.14.10:935][ 86]LogSynthBenchmark:Display:   CompiledTarget_x_Bits: 64
[2015.07.08-08.14.10:935][ 86]LogSynthBenchmark:Display:   UE_BUILD_SHIPPING: 0
[2015.07.08-08.14.10:935][ 86]LogSynthBenchmark:Display:   UE_BUILD_TEST: 0
[2015.07.08-08.14.10:935][ 86]LogSynthBenchmark:Display:   UE_BUILD_DEBUG: 0
[2015.07.08-08.14.10:935][ 86]LogSynthBenchmark:Display:   TotalPhysicalGBRam: 8
[2015.07.08-08.14.10:935][ 86]LogSynthBenchmark:Display:   NumberOfCores (physical): 4
[2015.07.08-08.14.10:935][ 86]LogSynthBenchmark:Display:   NumberOfCores (logical): 8
[2015.07.08-08.14.10:935][ 86]LogSynthBenchmark:Display:   CPU Perf Index 0: 95.9
[2015.07.08-08.14.10:935][ 86]LogSynthBenchmark:Display:   CPU Perf Index 1: 97.2
[2015.07.08-08.14.10:935][ 86]LogSynthBenchmark:Display:  
[2015.07.08-08.14.10:935][ 86]LogSynthBenchmark:Display: Graphics:
[2015.07.08-08.14.10:935][ 86]LogSynthBenchmark:Display:   Adapter Name: 'Radeon (TM) HD 6770M'
[2015.07.08-08.14.10:935][ 86]LogSynthBenchmark:Display:   (On Optimus the name might be wrong, memory should be ok)
[2015.07.08-08.14.10:935][ 86]LogSynthBenchmark:Display:   Vendor Id: 0x1002
[2015.07.08-08.14.10:935][ 86]LogSynthBenchmark:Display:   GPU Memory: 1009/0/3814 MB
[2015.07.08-08.14.10:935][ 86]LogSynthBenchmark:Display:   CPUIndex: 95.9
[2015.07.08-08.14.10:935][ 86]LogSynthBenchmark:Display:   GPUIndex: -1.$
[2015.07.08-08.14.10:935][ 86]LogSynthBenchmark:Display: 
[2015.07.08-08.14.10:935][ 86]LogSynthBenchmark:Display:          ... Total Time: 0.056473 sec
[2015.07.08-08.18.22:791][ 21]Cmd: QUIT_EDITOR
[2015.07.08-08.18.23:129][ 21]LogExit: Preparing to exit.
[2015.07.08-08.18.24:115][ 21]LogExit: Editor shut down
[2015.07.08-08.18.24:116][ 21]LogExit: Transaction tracking system shut down
[2015.07.08-08.18.24:123][ 21]LogParticles: Destroying 0 GPU particle simulations for FXSystem 0x000000000E691DA0
[2015.07.08-08.18.24:123][ 21]LogParticles: Destroying 0 GPU particle simulations for FXSystem 0x00000000210D6200
[2015.07.08-08.18.24:123][ 21]LogParticles: Destroying 0 GPU particle simulations for FXSystem 0x000000001F617D80
[2015.07.08-08.18.24:123][ 21]LogParticles: Destroying 0 GPU particle simulations for FXSystem 0x0000000024A58CC0
[2015.07.08-08.18.24:282][ 21]LogExit: Object subsystem successfully closed.
[2015.07.08-08.18.24:427][ 21]LogModuleManager: Shutting down and abandoning module SynthBenchmark (189)
[2015.07.08-08.18.24:427][ 21]LogModuleManager: Shutting down and abandoning module CrashTracker (188)
[2015.07.08-08.18.24:427][ 21]LogModuleManager: Shutting down and abandoning module SceneOutliner (187)
[2015.07.08-08.18.24:427][ 21]LogModuleManager: Shutting down and abandoning module SuperSearch (186)
[2015.07.08-08.18.24:427][ 21]LogModuleManager: Shutting down and abandoning module WidgetCarousel (185)
[2015.07.08-08.18.24:427][ 21]LogModuleManager: Shutting down and abandoning module AddContentDialog (184)
[2015.07.08-08.18.24:428][ 21]LogModuleManager: Shutting down and abandoning module EditorWidgets (183)
[2015.07.08-08.18.24:428][ 21]LogModuleManager: Shutting down and abandoning module CollectionManager (182)
[2015.07.08-08.18.24:428][ 21]LogModuleManager: Shutting down and abandoning module StatsViewer (181)
[2015.07.08-08.18.24:428][ 21]LogModuleManager: Shutting down and abandoning module FoliageEdit (180)
[2015.07.08-08.18.24:428][ 21]LogModuleManager: Shutting down and abandoning module LandscapeEditor (179)
[2015.07.08-08.18.24:428][ 21]LogModuleManager: Shutting down and abandoning module ActorPickerMode (178)
[2015.07.08-08.18.24:428][ 21]LogModuleManager: Shutting down and abandoning module GeometryMode (177)
[2015.07.08-08.18.24:428][ 21]LogModuleManager: Shutting down and abandoning module TextureAlignMode (176)
[2015.07.08-08.18.24:428][ 21]LogModuleManager: Shutting down and abandoning module BspMode (175)
[2015.07.08-08.18.24:428][ 21]LogModuleManager: Shutting down and abandoning module PlacementMode (174)
[2015.07.08-08.18.24:428][ 21]LogModuleManager: Shutting down and abandoning module AutomationWorker (173)
[2015.07.08-08.18.24:428][ 21]LogModuleManager: Shutting down and abandoning module CharacterAI (172)
[2015.07.08-08.18.24:428][ 21]LogModuleManager: Shutting down and abandoning module SmartSnapping (171)
[2015.07.08-08.18.24:428][ 21]LogModuleManager: Shutting down and abandoning module ViewportSnapping (170)
[2015.07.08-08.18.24:428][ 21]LogModuleManager: Shutting down and abandoning module LogVisualizer (169)
[2015.07.08-08.18.24:428][ 21]LogModuleManager: Shutting down and abandoning module GameProjectGeneration (168)
[2015.07.08-08.18.24:428][ 21]LogModuleManager: Shutting down and abandoning module IntroTutorials (167)
[2015.07.08-08.18.24:429][ 21]LogModuleManager: Shutting down and abandoning module EditorLiveStreaming (166)
[2015.07.08-08.18.24:429][ 21]LogModuleManager: Shutting down and abandoning module IOSPlatformEditor (165)
[2015.07.08-08.18.24:429][ 21]LogModuleManager: Shutting down and abandoning module HTML5PlatformEditor (164)
[2015.07.08-08.18.24:429][ 21]LogModuleManager: Shutting down and abandoning module AndroidDeviceDetection (163)
[2015.07.08-08.18.24:502][ 21]LogModuleManager: Shutting down and abandoning module AndroidPlatformEditor (162)
[2015.07.08-08.18.24:502][ 21]LogModuleManager: Shutting down and abandoning module IOSRuntimeSettings (161)
[2015.07.08-08.18.24:502][ 21]LogModuleManager: Shutting down and abandoning module AndroidRuntimeSettings (160)
[2015.07.08-08.18.24:502][ 21]LogModuleManager: Shutting down and abandoning module MergeActors (159)
[2015.07.08-08.18.24:502][ 21]LogModuleManager: Shutting down and abandoning module SizeMap (158)
[2015.07.08-08.18.24:502][ 21]LogModuleManager: Shutting down and abandoning module TreeMap (157)
[2015.07.08-08.18.24:503][ 21]LogModuleManager: Shutting down and abandoning module ReferenceViewer (156)
[2015.07.08-08.18.24:503][ 21]LogModuleManager: Shutting down and abandoning module LocalizationDashboard (155)
[2015.07.08-08.18.24:503][ 21]LogModuleManager: Shutting down and abandoning module HardwareTargeting (154)
[2015.07.08-08.18.24:503][ 21]LogModuleManager: Shutting down and abandoning module DeviceProfileEditor (153)
[2015.07.08-08.18.24:503][ 21]LogModuleManager: Shutting down and abandoning module UndoHistory (152)
[2015.07.08-08.18.24:503][ 21]LogModuleManager: Shutting down and abandoning module GameplayTagsEditor (151)
[2015.07.08-08.18.24:503][ 21]LogModuleManager: Shutting down and abandoning module UserFeedback (150)
[2015.07.08-08.18.24:503][ 21]LogModuleManager: Shutting down and abandoning module XmlParser (149)
[2015.07.08-08.18.24:503][ 21]LogModuleManager: Shutting down and abandoning module Blutility (148)
[2015.07.08-08.18.24:503][ 21]LogModuleManager: Shutting down and abandoning module ProjectTargetPlatformEditor (147)
[2015.07.08-08.18.24:504][ 21]LogModuleManager: Shutting down and abandoning module ProjectSettingsViewer (146)
[2015.07.08-08.18.24:504][ 21]LogModuleManager: Shutting down and abandoning module InputBindingEditor (145)
[2015.07.08-08.18.24:504][ 21]LogModuleManager: Shutting down and abandoning module EditorSettingsViewer (144)
[2015.07.08-08.18.24:504][ 21]LogModuleManager: Shutting down and abandoning module SettingsEditor (143)
[2015.07.08-08.18.24:504][ 21]LogModuleManager: Shutting down and abandoning module ProjectLauncher (142)
[2015.07.08-08.18.24:505][ 21]LogModuleManager: Shutting down and abandoning module SessionFrontend (141)
[2015.07.08-08.18.24:505][ 21]LogModuleManager: Shutting down and abandoning module ProfilerClient (140)
[2015.07.08-08.18.24:505][ 21]LogModuleManager: Shutting down and abandoning module TargetDeviceServices (139)
[2015.07.08-08.18.24:505][ 21]LogModuleManager: Shutting down and abandoning module DeviceManager (138)
[2015.07.08-08.18.24:506][ 21]LogModuleManager: Shutting down and abandoning module AutomationController (137)
[2015.07.08-08.18.24:506][ 21]LogModuleManager: Shutting down and abandoning module AutomationWindow (136)
[2015.07.08-08.18.24:506][ 21]LogModuleManager: Shutting down and abandoning module Layers (135)
[2015.07.08-08.18.24:506][ 21]LogModuleManager: Shutting down and abandoning module ComponentVisualizers (134)
[2015.07.08-08.18.24:506][ 21]LogModuleManager: Shutting down and abandoning module DetailCustomizations (133)
[2015.07.08-08.18.24:507][ 21]LogModuleManager: Shutting down and abandoning module PackagesDialog (132)
[2015.07.08-08.18.24:507][ 21]LogModuleManager: Shutting down and abandoning module AssetRegistry (131)
[2015.07.08-08.18.24:701][ 21]LogModuleManager: Shutting down and abandoning module Persona (130)
[2015.07.08-08.18.24:701][ 21]LogModuleManager: Shutting down and abandoning module Kismet (129)
[2015.07.08-08.18.24:701][ 21]LogModuleManager: Shutting down and abandoning module GraphEditor (128)
[2015.07.08-08.18.24:701][ 21]LogModuleManager: Shutting down and abandoning module ClassViewer (127)
[2015.07.08-08.18.24:701][ 21]LogModuleManager: Shutting down and abandoning module Toolbox (126)
[2015.07.08-08.18.24:701][ 21]LogModuleManager: Shutting down and abandoning module ModuleUI (125)
[2015.07.08-08.18.24:701][ 21]LogModuleManager: Shutting down and abandoning module MovieSceneTools (124)
[2015.07.08-08.18.24:701][ 21]LogModuleManager: Shutting down and abandoning module OutputLog (123)
[2015.07.08-08.18.24:701][ 21]LogModuleManager: Shutting down and abandoning module GammaUI (122)
[2015.07.08-08.18.24:701][ 21]LogModuleManager: Shutting down and abandoning module Documentation (121)
[2015.07.08-08.18.24:701][ 21]LogModuleManager: Shutting down and abandoning module GameLiveStreaming (120)
[2015.07.08-08.18.24:701][ 21]LogModuleManager: Shutting down and abandoning module StreamingPauseRendering (119)
[2015.07.08-08.18.24:701][ 21]LogModuleManager: Shutting down and abandoning module AnalyticsET (118)
[2015.07.08-08.18.24:701][ 21]LogModuleManager: Shutting down and abandoning module Analytics (117)
[2015.07.08-08.18.24:701][ 21]LogModuleManager: Shutting down and abandoning module AITestSuite (116)
[2015.07.08-08.18.24:701][ 21]LogModuleManager: Shutting down and abandoning module GameplayDebugger (115)
[2015.07.08-08.18.24:701][ 21]LogModuleManager: Shutting down and abandoning module AIModule (114)
[2015.07.08-08.18.24:701][ 21]LogModuleManager: Shutting down and abandoning module ProfilerService (113)
[2015.07.08-08.18.24:924][ 21]LogModuleManager: Shutting down and abandoning module TaskGraph (112)
[2015.07.08-08.18.24:924][ 21]LogModuleManager: Shutting down and abandoning module SlateRemote (111)
[2015.07.08-08.18.24:924][ 21]LogModuleManager: Shutting down and abandoning module SteamVRController (110)
[2015.07.08-08.18.24:924][ 21]LogModuleManager: Shutting down and abandoning module SteamVR (109)
[2015.07.08-08.18.24:924][ 21]LogModuleManager: Shutting down and abandoning module ProceduralMeshComponent (108)
[2015.07.08-08.18.24:925][ 21]LogModuleManager: Shutting down and abandoning module OculusRift (107)
[2015.07.08-08.18.24:925][ 21]LogModuleManager: Shutting down and abandoning module LeapMotionController (106)
[2015.07.08-08.18.24:949][ 21]LogModuleManager: Shutting down and abandoning module CustomMeshComponent (105)
[2015.07.08-08.18.24:949][ 21]LogModuleManager: Shutting down and abandoning module CableComponent (104)
[2015.07.08-08.18.24:949][ 21]LogModuleManager: Shutting down and abandoning module MessagingDebugger (103)
[2015.07.08-08.18.24:949][ 21]LogModuleManager: Shutting down and abandoning module MediaPlayerEditor (102)
[2015.07.08-08.18.24:949][ 21]LogModuleManager: Shutting down and abandoning module SpeedTreeImporter (101)
[2015.07.08-08.18.24:949][ 21]LogModuleManager: Shutting down and abandoning module PluginBrowser (100)
[2015.07.08-08.18.24:950][ 21]LogModuleManager: Shutting down and abandoning module EpicSurvey (99)
[2015.07.08-08.18.24:950][ 21]LogModuleManager: Shutting down and abandoning module DesktopPlatform (98)
[2015.07.08-08.18.24:950][ 21]LogModuleManager: Shutting down and abandoning module VisualStudioSourceCodeAccess (97)
[2015.07.08-08.18.24:950][ 21]LogModuleManager: Shutting down and abandoning module UObjectPlugin (96)
[2015.07.08-08.18.24:950][ 21]LogModuleManager: Shutting down and abandoning module SubversionSourceControl (95)
[2015.07.08-08.18.24:950][ 21]LogModuleManager: Shutting down and abandoning module PerforceSourceControl (94)
[2015.07.08-08.18.24:950][ 21]LogModuleManager: Shutting down and abandoning module SourceControl (93)
[2015.07.08-08.18.24:950][ 21]LogModuleManager: Shutting down and abandoning module GitSourceControl (92)
[2015.07.08-08.18.24:950][ 21]LogModuleManager: Shutting down and abandoning module BlankPlugin (91)
[2015.07.08-08.18.24:951][ 21]LogModuleManager: Shutting down and abandoning module PaperTiledImporter (90)
[2015.07.08-08.18.24:951][ 21]LogModuleManager: Shutting down and abandoning module PaperSpriteSheetImporter (89)
[2015.07.08-08.18.24:951][ 21]LogModuleManager: Shutting down and abandoning module MeshPaint (88)
[2015.07.08-08.18.24:951][ 21]LogModuleManager: Shutting down and abandoning module SlateReflector (87)
[2015.07.08-08.18.24:951][ 21]LogModuleManager: Shutting down and abandoning module DirectoryWatcher (86)
[2015.07.08-08.18.24:952][ 21]LogModuleManager: Shutting down and abandoning module HotReload (85)
[2015.07.08-08.18.24:952][ 21]LogModuleManager: Shutting down and abandoning module MainFrame (84)
[2015.07.08-08.18.24:952][ 21]LogModuleManager: Shutting down and abandoning module LevelEditor (83)
[2015.07.08-08.18.24:955][ 21]LogModuleManager: Shutting down and abandoning module ContentBrowser (82)
[2015.07.08-08.18.24:957][ 21]LogModuleManager: Shutting down and abandoning module Paper2DEditor (81)
[2015.07.08-08.18.24:957][ 21]LogModuleManager: Shutting down and abandoning module UdpMessaging (80)
[2015.07.08-08.18.25:058][ 21]LogModuleManager: Shutting down and abandoning module Paper2D (79)
[2015.07.08-08.18.25:058][ 21]LogModuleManager: Shutting down and abandoning module WindowsMoviePlayer (78)
[2015.07.08-08.18.25:066][ 21]LogModuleManager: Shutting down and abandoning module Media (77)
[2015.07.08-08.18.25:066][ 21]LogModuleManager: Shutting down and abandoning module WmfMedia (76)
[2015.07.08-08.18.25:066][ 21]LogModuleManager: Shutting down and abandoning module OnlineBlueprintSupport (75)
[2015.07.08-08.18.25:066][ 21]LogModuleManager: Shutting down and abandoning module PropertyEditor (74)
[2015.07.08-08.18.25:067][ 21]LogModuleManager: Shutting down and abandoning module BehaviorTreeEditor (73)
[2015.07.08-08.18.25:067][ 21]LogModuleManager: Shutting down and abandoning module FunctionalTesting (72)
[2015.07.08-08.18.25:067][ 21]LogModuleManager: Shutting down and abandoning module CollisionAnalyzer (71)
[2015.07.08-08.18.25:067][ 21]LogModuleManager: Shutting down and abandoning module WorkspaceMenuStructure (70)
[2015.07.08-08.18.25:067][ 21]LogModuleManager: Shutting down and abandoning module MessageLog (69)
[2015.07.08-08.18.25:067][ 21]LogModuleManager: Shutting down and abandoning module Sequencer (68)
[2015.07.08-08.18.25:067][ 21]LogModuleManager: Shutting down and abandoning module AssetTools (67)
[2015.07.08-08.18.25:067][ 21]LogModuleManager: Shutting down and abandoning module UMGEditor (66)
[2015.07.08-08.18.25:067][ 21]LogModuleManager: Shutting down and abandoning module UMG (65)
[2015.07.08-08.18.25:068][ 21]LogModuleManager: Shutting down and abandoning module Slate (64)
[2015.07.08-08.18.25:068][ 21]LogModuleManager: Shutting down and abandoning module EditorStyle (63)
[2015.07.08-08.18.25:080][ 21]LogModuleManager: Shutting down and abandoning module SessionServices (62)
[2015.07.08-08.18.25:080][ 21]LogModuleManager: Shutting down and abandoning module SourceCodeAccess (61)
[2015.07.08-08.18.25:081][ 21]LogModuleManager: Shutting down and abandoning module HeadMountedDisplay (60)
[2015.07.08-08.18.25:081][ 21]LogModuleManager: Shutting down and abandoning module XAudio2 (59)
[2015.07.08-08.18.25:081][ 21]LogModuleManager: Shutting down and abandoning module Networking (57)
[2015.07.08-08.18.25:081][ 21]LogModuleManager: Shutting down and abandoning module Core (56)
[2015.07.08-08.18.25:081][ 21]LogModuleManager: Shutting down and abandoning module KismetCompiler (55)
[2015.07.08-08.18.25:081][ 21]LogModuleManager: Shutting down and abandoning module PhysXFormats (54)
[2015.07.08-08.18.25:081][ 21]LogModuleManager: Shutting down and abandoning module MeshUtilities (53)
[2015.07.08-08.18.25:081][ 21]LogModuleManager: Shutting down and abandoning module DerivedDataCache (52)
[2015.07.08-08.18.25:087][ 21]LogDerivedDataCache: Shutdown
[2015.07.08-08.18.25:087][ 21]LogModuleManager: Shutting down and abandoning module ShaderFormatOpenGL (51)
[2015.07.08-08.18.25:087][ 21]LogModuleManager: Shutting down and abandoning module ShaderFormatD3D (50)
[2015.07.08-08.18.25:087][ 21]LogModuleManager: Shutting down and abandoning module MetalShaderFormat (49)
[2015.07.08-08.18.25:087][ 21]LogModuleManager: Shutting down and abandoning module TextureFormatUncompressed (48)
[2015.07.08-08.18.25:087][ 21]LogModuleManager: Shutting down and abandoning module TextureFormatPVR (47)
[2015.07.08-08.18.25:087][ 21]LogModuleManager: Shutting down and abandoning module TextureFormatIntelISPCTexComp (46)
[2015.07.08-08.18.25:087][ 21]LogModuleManager: Shutting down and abandoning module TextureFormatDXT (45)
[2015.07.08-08.18.25:087][ 21]LogModuleManager: Shutting down and abandoning module ImageWrapper (44)
[2015.07.08-08.18.25:087][ 21]LogModuleManager: Shutting down and abandoning module TextureFormatASTC (43)
[2015.07.08-08.18.25:087][ 21]LogModuleManager: Shutting down and abandoning module TextureFormatAndroid (42)
[2015.07.08-08.18.25:087][ 21]LogModuleManager: Shutting down and abandoning module AudioFormatOpus (41)
[2015.07.08-08.18.25:087][ 21]LogModuleManager: Shutting down and abandoning module AudioFormatOgg (40)
[2015.07.08-08.18.25:088][ 21]LogModuleManager: Shutting down and abandoning module AudioFormatADPCM (39)
[2015.07.08-08.18.25:088][ 21]LogModuleManager: Shutting down and abandoning module LinuxTargetPlatform (38)
[2015.07.08-08.18.25:088][ 21]LogModuleManager: Shutting down and abandoning module LinuxServerTargetPlatform (37)
[2015.07.08-08.18.25:088][ 21]LogModuleManager: Shutting down and abandoning module LinuxNoEditorTargetPlatform (36)
[2015.07.08-08.18.25:088][ 21]LogModuleManager: Shutting down and abandoning module Messaging (35)
[2015.07.08-08.18.25:088][ 21]LogModuleManager: Shutting down and abandoning module IOSTargetPlatform (34)
[2015.07.08-08.18.25:088][ 21]LogModuleManager: Shutting down and abandoning module HTML5TargetPlatform (33)
[2015.07.08-08.18.25:088][ 21]LogModuleManager: Shutting down and abandoning module Android_PVRTCTargetPlatform (32)
[2015.07.08-08.18.25:088][ 21]LogModuleManager: Shutting down and abandoning module Android_ETC2TargetPlatform (31)
[2015.07.08-08.18.25:088][ 21]LogModuleManager: Shutting down and abandoning module Android_ETC1TargetPlatform (30)
[2015.07.08-08.18.25:088][ 21]LogModuleManager: Shutting down and abandoning module Android_DXTTargetPlatform (29)
[2015.07.08-08.18.25:088][ 21]LogModuleManager: Shutting down and abandoning module Android_ATCTargetPlatform (28)
[2015.07.08-08.18.25:088][ 21]LogModuleManager: Shutting down and abandoning module Android_ASTCTargetPlatform (27)
[2015.07.08-08.18.25:088][ 21]LogModuleManager: Shutting down and abandoning module AndroidTargetPlatform (26)
[2015.07.08-08.18.25:088][ 21]LogModuleManager: Shutting down and abandoning module WindowsTargetPlatform (25)
[2015.07.08-08.18.25:088][ 21]LogModuleManager: Shutting down and abandoning module WindowsServerTargetPlatform (24)
[2015.07.08-08.18.25:088][ 21]LogModuleManager: Shutting down and abandoning module WindowsNoEditorTargetPlatform (23)
[2015.07.08-08.18.25:088][ 21]LogModuleManager: Shutting down and abandoning module WindowsClientTargetPlatform (22)
[2015.07.08-08.18.25:088][ 21]LogModuleManager: Shutting down and abandoning module DesktopTargetPlatform (21)
[2015.07.08-08.18.25:088][ 21]LogModuleManager: Shutting down and abandoning module TargetPlatform (20)
[2015.07.08-08.18.25:089][ 21]LogModuleManager: Shutting down and abandoning module InputCore (19)
[2015.07.08-08.18.25:089][ 21]LogModuleManager: Shutting down and abandoning module Settings (18)
[2015.07.08-08.18.25:089][ 21]LogModuleManager: Shutting down and abandoning module OnlineSubsystem (16)
[2015.07.08-08.18.25:089][ 21]LogModuleManager: Shutting down and abandoning module HTTP (15)
[2015.07.08-08.18.25:089][ 21]LogModuleManager: Shutting down and abandoning module ExampleDeviceProfileSelector (14)
[2015.07.08-08.18.25:089][ 21]LogModuleManager: Shutting down and abandoning module TextureCompressor (13)
[2015.07.08-08.18.25:089][ 21]LogModuleManager: Shutting down and abandoning module ShaderCore (12)
[2015.07.08-08.18.25:089][ 21]LogModuleManager: Shutting down and abandoning module Landscape (11)
[2015.07.08-08.18.25:089][ 21]LogModuleManager: Shutting down and abandoning module SlateRHIRenderer (10)
[2015.07.08-08.18.25:093][ 21]LogModuleManager: Shutting down and abandoning module OpenGLDrv (9)
[2015.07.08-08.18.25:093][ 21]LogModuleManager: Shutting down and abandoning module D3D11RHI (8)
[2015.07.08-08.18.25:093][ 21]LogModuleManager: Shutting down and abandoning module Renderer (7)
[2015.07.08-08.18.25:093][ 21]LogModuleManager: Shutting down and abandoning module Engine (6)
[2015.07.08-08.18.25:093][ 21]LogModuleManager: Shutting down and abandoning module CoreUObject (5)
[2015.07.08-08.18.25:093][ 21]LogModuleManager: Shutting down and abandoning module NetworkFile (4)
[2015.07.08-08.18.25:093][ 21]LogModuleManager: Shutting down and abandoning module StreamingFile (3)
[2015.07.08-08.18.25:093][ 21]LogModuleManager: Shutting down and abandoning module SandboxFile (2)
[2015.07.08-08.18.25:093][ 21]LogModuleManager: Shutting down and abandoning module PakFile (1)
[2015.07.08-08.18.25:095][ 21]LogExit: Exiting.
[2015.07.08-08.18.25:146][ 21]Log file closed, 07/08/15 17:48:25
